/* Converted from PWscf output file */ 
#L_UNITS ang 
#E_UNITS eV 
#S_UNITS GPA 
#F_UNITS EV/ANG 
#ALAT 	  15.43347     // a0 
#X 	   1.00000     0.00000     0.00000     // X 
#Y 	   0.00000     1.00000     0.00000     // Y 
#Z 	   0.00000     0.00000     1.00000     // Z 
#SX 	 -18.55734     0.00000     0.00000     // SX 
#SY 	   0.00000   -18.55734     0.00000     // SY 
#SZ 	   0.00000     0.00000   -18.55734     // SZ 
#EPA 	  -2.26089     // Energy per Atom 
#C 	1 1 1 
#W 	1.0 
#RCUT 	6.5        // Rcut 
PD      0.00000      0.00000      0.00000      0.00000      0.00000      0.00000
PD      0.12500      0.12500      0.12500      0.00006      0.00006      0.00006
PD      0.00000      0.00000      0.25000      0.00000      0.00000      0.00000
PD      0.12500      0.12500      0.37500      0.00006      0.00006     -0.00006
PD      0.00000      0.25000      0.00000      0.00000      0.00000      0.00000
PD      0.12500      0.37500      0.12500      0.00006     -0.00006      0.00006
PD      0.00000      0.25000      0.25000      0.00000      0.00000      0.00000
PD      0.12500      0.37500      0.37500      0.00006     -0.00006     -0.00006
PD      0.25000      0.00000      0.00000      0.00000      0.00000      0.00000
PD      0.37500      0.12500      0.12500     -0.00006      0.00006      0.00006
PD      0.25000      0.00000      0.25000      0.00000      0.00000      0.00000
PD      0.37500      0.12500      0.37500     -0.00006      0.00006     -0.00006
PD      0.25000      0.25000      0.00000      0.00000      0.00000      0.00000
PD      0.37500      0.37500      0.12500     -0.00006     -0.00006      0.00006
PD      0.25000      0.25000      0.25000      0.00000      0.00000      0.00000
PD      0.37500      0.37500      0.37500     -0.00006     -0.00006     -0.00006
PD      0.00000      0.00000      0.50000      0.00000      0.00000      0.00000
PD      0.12500      0.12500      0.62500      0.00006      0.00006      0.00006
PD      0.00000      0.00000      0.75000      0.00000      0.00000      0.00000
PD      0.12500      0.12500      0.87500      0.00006      0.00006     -0.00006
PD      0.00000      0.25000      0.50000      0.00000      0.00000      0.00000
PD      0.12500      0.37500      0.62500      0.00006     -0.00006      0.00006
PD      0.00000      0.25000      0.75000      0.00000      0.00000      0.00000
PD      0.12500      0.37500      0.87500      0.00006     -0.00006     -0.00006
PD      0.25000      0.00000      0.50000      0.00000      0.00000      0.00000
PD      0.37500      0.12500      0.62500     -0.00006      0.00006      0.00006
PD      0.25000      0.00000      0.75000      0.00000      0.00000      0.00000
PD      0.37500      0.12500      0.87500     -0.00006      0.00006     -0.00006
PD      0.25000      0.25000      0.50000      0.00000      0.00000      0.00000
PD      0.37500      0.37500      0.62500     -0.00006     -0.00006      0.00006
PD      0.25000      0.25000      0.75000      0.00000      0.00000      0.00000
PD      0.37500      0.37500      0.87500     -0.00006     -0.00006     -0.00006
PD      0.00000      0.50000      0.00000      0.00000      0.00000      0.00000
PD      0.12500      0.62500      0.12500      0.00006      0.00006      0.00006
PD      0.00000      0.50000      0.25000      0.00000      0.00000      0.00000
PD      0.12500      0.62500      0.37500      0.00006      0.00006     -0.00006
PD      0.00000      0.75000      0.00000      0.00000      0.00000      0.00000
PD      0.12500      0.87500      0.12500      0.00006     -0.00006      0.00006
PD      0.00000      0.75000      0.25000      0.00000      0.00000      0.00000
PD      0.12500      0.87500      0.37500      0.00006     -0.00006     -0.00006
PD      0.25000      0.50000      0.00000      0.00000      0.00000      0.00000
PD      0.37500      0.62500      0.12500     -0.00006      0.00006      0.00006
PD      0.25000      0.50000      0.25000      0.00000      0.00000      0.00000
PD      0.37500      0.62500      0.37500     -0.00006      0.00006     -0.00006
PD      0.25000      0.75000      0.00000      0.00000      0.00000      0.00000
PD      0.37500      0.87500      0.12500     -0.00006     -0.00006      0.00006
PD      0.25000      0.75000      0.25000      0.00000      0.00000      0.00000
PD      0.37500      0.87500      0.37500     -0.00006     -0.00006     -0.00006
PD      0.00000      0.50000      0.50000      0.00000      0.00000      0.00000
PD      0.12500      0.62500      0.62500      0.00006      0.00006      0.00006
PD      0.00000      0.50000      0.75000      0.00000      0.00000      0.00000
PD      0.12500      0.62500      0.87500      0.00006      0.00006     -0.00006
PD      0.00000      0.75000      0.50000      0.00000      0.00000      0.00000
PD      0.12500      0.87500      0.62500      0.00006     -0.00006      0.00006
PD      0.00000      0.75000      0.75000      0.00000      0.00000      0.00000
PD      0.12500      0.87500      0.87500      0.00006     -0.00006     -0.00006
PD      0.25000      0.50000      0.50000      0.00000      0.00000      0.00000
PD      0.37500      0.62500      0.62500     -0.00006      0.00006      0.00006
PD      0.25000      0.50000      0.75000      0.00000      0.00000      0.00000
PD      0.37500      0.62500      0.87500     -0.00006      0.00006     -0.00006
PD      0.25000      0.75000      0.50000      0.00000      0.00000      0.00000
PD      0.37500      0.87500      0.62500     -0.00006     -0.00006      0.00006
PD      0.25000      0.75000      0.75000      0.00000      0.00000      0.00000
PD      0.37500      0.87500      0.87500     -0.00006     -0.00006     -0.00006
PD      0.50000      0.00000      0.00000      0.00000      0.00000      0.00000
PD      0.62500      0.12500      0.12500      0.00006      0.00006      0.00006
PD      0.50000      0.00000      0.25000      0.00000      0.00000      0.00000
PD      0.62500      0.12500      0.37500      0.00006      0.00006     -0.00006
PD      0.50000      0.25000      0.00000      0.00000      0.00000      0.00000
PD      0.62500      0.37500      0.12500      0.00006     -0.00006      0.00006
PD      0.50000      0.25000      0.25000      0.00000      0.00000      0.00000
PD      0.62500      0.37500      0.37500      0.00006     -0.00006     -0.00006
PD      0.75000      0.00000      0.00000      0.00000      0.00000      0.00000
PD      0.87500      0.12500      0.12500     -0.00006      0.00006      0.00006
PD      0.75000      0.00000      0.25000      0.00000      0.00000      0.00000
PD      0.87500      0.12500      0.37500     -0.00006      0.00006     -0.00006
PD      0.75000      0.25000      0.00000      0.00000      0.00000      0.00000
PD      0.87500      0.37500      0.12500     -0.00006     -0.00006      0.00006
PD      0.75000      0.25000      0.25000      0.00000      0.00000      0.00000
PD      0.87500      0.37500      0.37500     -0.00006     -0.00006     -0.00006
PD      0.50000      0.00000      0.50000      0.00000      0.00000      0.00000
PD      0.62500      0.12500      0.62500      0.00006      0.00006      0.00006
PD      0.50000      0.00000      0.75000      0.00000      0.00000      0.00000
PD      0.62500      0.12500      0.87500      0.00006      0.00006     -0.00006
PD      0.50000      0.25000      0.50000      0.00000      0.00000      0.00000
PD      0.62500      0.37500      0.62500      0.00006     -0.00006      0.00006
PD      0.50000      0.25000      0.75000      0.00000      0.00000      0.00000
PD      0.62500      0.37500      0.87500      0.00006     -0.00006     -0.00006
PD      0.75000      0.00000      0.50000      0.00000      0.00000      0.00000
PD      0.87500      0.12500      0.62500     -0.00006      0.00006      0.00006
PD      0.75000      0.00000      0.75000      0.00000      0.00000      0.00000
PD      0.87500      0.12500      0.87500     -0.00006      0.00006     -0.00006
PD      0.75000      0.25000      0.50000      0.00000      0.00000      0.00000
PD      0.87500      0.37500      0.62500     -0.00006     -0.00006      0.00006
PD      0.75000      0.25000      0.75000      0.00000      0.00000      0.00000
PD      0.87500      0.37500      0.87500     -0.00006     -0.00006     -0.00006
PD      0.50000      0.50000      0.00000      0.00000      0.00000      0.00000
PD      0.62500      0.62500      0.12500      0.00006      0.00006      0.00006
PD      0.50000      0.50000      0.25000      0.00000      0.00000      0.00000
PD      0.62500      0.62500      0.37500      0.00006      0.00006     -0.00006
PD      0.50000      0.75000      0.00000      0.00000      0.00000      0.00000
PD      0.62500      0.87500      0.12500      0.00006     -0.00006      0.00006
PD      0.50000      0.75000      0.25000      0.00000      0.00000      0.00000
PD      0.62500      0.87500      0.37500      0.00006     -0.00006     -0.00006
PD      0.75000      0.50000      0.00000      0.00000      0.00000      0.00000
PD      0.87500      0.62500      0.12500     -0.00006      0.00006      0.00006
PD      0.75000      0.50000      0.25000      0.00000      0.00000      0.00000
PD      0.87500      0.62500      0.37500     -0.00006      0.00006     -0.00006
PD      0.75000      0.75000      0.00000      0.00000      0.00000      0.00000
PD      0.87500      0.87500      0.12500     -0.00006     -0.00006      0.00006
PD      0.75000      0.75000      0.25000      0.00000      0.00000      0.00000
PD      0.87500      0.87500      0.37500     -0.00006     -0.00006     -0.00006
PD      0.50000      0.50000      0.50000      0.00000      0.00000      0.00000
PD      0.62500      0.62500      0.62500      0.00006      0.00006      0.00006
PD      0.50000      0.50000      0.75000      0.00000      0.00000      0.00000
PD      0.62500      0.62500      0.87500      0.00006      0.00006     -0.00006
PD      0.50000      0.75000      0.50000      0.00000      0.00000      0.00000
PD      0.62500      0.87500      0.62500      0.00006     -0.00006      0.00006
PD      0.50000      0.75000      0.75000      0.00000      0.00000      0.00000
PD      0.62500      0.87500      0.87500      0.00006     -0.00006     -0.00006
PD      0.75000      0.50000      0.50000      0.00000      0.00000      0.00000
PD      0.87500      0.62500      0.62500     -0.00006      0.00006      0.00006
PD      0.75000      0.50000      0.75000      0.00000      0.00000      0.00000
PD      0.87500      0.62500      0.87500     -0.00006      0.00006     -0.00006
PD      0.75000      0.75000      0.50000      0.00000      0.00000      0.00000
PD      0.87500      0.87500      0.62500     -0.00006     -0.00006      0.00006
PD      0.75000      0.75000      0.75000      0.00000      0.00000      0.00000
PD      0.87500      0.87500      0.87500     -0.00006     -0.00006     -0.00006
