/* Converted from PWscf output file */ 
#L_UNITS ang 
#E_UNITS eV 
#S_UNITS GPA 
#F_UNITS EV/ANG 
#ALAT 	  12.94992     // a0 
#X 	   1.00000     0.00000     0.00000     // X 
#Y 	   0.00000     1.00000     0.00000     // Y 
#Z 	   0.00000     0.00000     1.00000     // Z 
#SX 	  -5.46593     0.00000     0.00000     // SX 
#SY 	   0.00000    -5.46593     0.00000     // SY 
#SZ 	   0.00000     0.00000    -5.46593     // SZ 
#EPA 	   0.46175     // Energy per Atom 
#C 	1 1 1 
#W 	10.0 
#RCUT 	6.5        // Rcut 
RU      0.00000      0.00000      0.00000      0.00000      0.00000      0.00000
RU      0.25000      0.25000      0.00000     -0.00092     -0.00092      0.00000
RU      0.25000      0.00000      0.25000     -0.00092      0.00000     -0.00092
RU      0.00000      0.25000      0.25000      0.00000     -0.00092     -0.00092
RU      0.00000      0.00000      0.50000      0.00000      0.00000      0.00000
RU      0.25000      0.25000      0.50000     -0.00037     -0.00037      0.00000
RU      0.25000      0.00000      0.75000     -0.00092      0.00000      0.00092
RU      0.00000      0.25000      0.75000      0.00000     -0.00092      0.00092
RU      0.00000      0.50000      0.00000      0.00000      0.00000      0.00000
RU      0.25000      0.75000      0.00000     -0.00092      0.00092     -0.00000
RU      0.25000      0.50000      0.25000     -0.00037     -0.00000     -0.00037
RU      0.00000      0.75000      0.25000      0.00000      0.00092     -0.00092
RU      0.00000      0.50000      0.50000      0.00000      0.00000      0.00000
RU      0.25000      0.75000      0.50000     -0.00037      0.00037     -0.00000
RU      0.25000      0.50000      0.75000     -0.00037      0.00000      0.00037
RU      0.00000      0.75000      0.75000     -0.00000      0.00092      0.00092
RU      0.50000      0.00000      0.00000      0.00000      0.00000      0.00000
RU      0.75000      0.25000      0.00000      0.00092     -0.00092     -0.00000
RU      0.75000      0.00000      0.25000      0.00092     -0.00000     -0.00092
RU      0.50000      0.25000      0.25000     -0.00000     -0.00037     -0.00037
RU      0.50000      0.00000      0.50000      0.00000      0.00000      0.00000
RU      0.75000      0.25000      0.50000      0.00037     -0.00037      0.00000
RU      0.75000      0.00000      0.75000      0.00092      0.00000      0.00092
RU      0.50000      0.25000      0.75000      0.00000     -0.00037      0.00037
RU      0.50000      0.50000      0.00000      0.00000      0.00000      0.00000
RU      0.75000      0.75000      0.00000      0.00092      0.00092      0.00000
RU      0.75000      0.50000      0.25000      0.00037      0.00000     -0.00037
RU      0.50000      0.75000      0.25000      0.00000      0.00037     -0.00037
RU      0.50000      0.50000      0.50000      0.00000      0.00000      0.00000
RU      0.75000      0.75000      0.50000      0.00037      0.00037      0.00000
RU      0.75000      0.50000      0.75000      0.00037     -0.00000      0.00037
RU      0.50000      0.75000      0.75000     -0.00000      0.00037      0.00037
