/* Converted from PWscf output file */ 
#L_UNITS ang 
#E_UNITS eV 
#S_UNITS GPA 
#F_UNITS EV/ANG 
#ALAT 	  15.63268     // a0 
#X 	   1.00000     0.00000     0.00000     // X 
#Y 	   0.00000     1.00000     0.00000     // Y 
#Z 	   0.00000     0.00000     1.00000     // Z 
#SX 	   0.02217     0.00000     0.00000     // SX 
#SY 	   0.00000     0.02217     0.00000     // SY 
#SZ 	   0.00000     0.00000     0.02217     // SZ 
#EPA 	  -3.85809     // Energy per Atom 
#C 	1 1 1 
#W 	1.0 
#RCUT 	6.5        // Rcut 
PD      0.12298      0.12298      0.00000      0.00352      0.00352      0.00000
PD      0.12298      0.00000      0.12298      0.00352      0.00000      0.00352
PD      0.00000      0.12298      0.12298      0.00000      0.00352      0.00352
PD      0.00000      0.00000      0.25000      0.00000      0.00000      0.00000
PD      0.12447      0.12447      0.25000     -0.00850     -0.00850      0.00000
PD      0.12298      0.00000      0.37702      0.00352      0.00000     -0.00352
PD      0.00000      0.12298      0.37702     -0.00000      0.00352     -0.00352
PD      0.00000      0.25000      0.00000      0.00000      0.00000      0.00000
PD      0.12298      0.37702      0.00000      0.00352     -0.00352      0.00000
PD      0.12447      0.25000      0.12447     -0.00850      0.00000     -0.00850
PD      0.00000      0.37702      0.12298     -0.00000     -0.00352      0.00352
PD      0.00000      0.25000      0.25000      0.00000      0.00000      0.00000
PD      0.12447      0.37553      0.25000     -0.00850      0.00850     -0.00000
PD      0.12447      0.25000      0.37553     -0.00850     -0.00000      0.00850
PD      0.00000      0.37702      0.37702      0.00000     -0.00352     -0.00352
PD      0.25000      0.00000      0.00000      0.00000      0.00000      0.00000
PD      0.37702      0.12298      0.00000     -0.00352      0.00352      0.00000
PD      0.37702      0.00000      0.12298     -0.00352      0.00000      0.00352
PD      0.25000      0.12447      0.12447      0.00000     -0.00850     -0.00850
PD      0.25000      0.00000      0.25000      0.00000      0.00000      0.00000
PD      0.37553      0.12447      0.25000      0.00850     -0.00850     -0.00000
PD      0.37702      0.00000      0.37702     -0.00352      0.00000     -0.00352
PD      0.25000      0.12447      0.37553      0.00000     -0.00850      0.00850
PD      0.25000      0.25000      0.00000      0.00000      0.00000      0.00000
PD      0.37702      0.37702      0.00000     -0.00352     -0.00352     -0.00000
PD      0.37553      0.25000      0.12447      0.00850     -0.00000     -0.00850
PD      0.25000      0.37553      0.12447      0.00000      0.00850     -0.00850
PD      0.25000      0.25000      0.25000      0.00000      0.00000      0.00000
PD      0.37553      0.37553      0.25000      0.00850      0.00850      0.00000
PD      0.37553      0.25000      0.37553      0.00850      0.00000      0.00850
PD      0.25000      0.37553      0.37553      0.00000      0.00850      0.00850
PD      0.12298      0.12298      0.50000      0.00352      0.00352      0.00000
PD      0.12298      0.00000      0.62298      0.00352      0.00000      0.00352
PD      0.00000      0.12298      0.62298      0.00000      0.00352      0.00352
PD      0.00000      0.00000      0.75000      0.00000      0.00000      0.00000
PD      0.12447      0.12447      0.75000     -0.00850     -0.00850      0.00000
PD      0.12298      0.00000      0.87702      0.00352      0.00000     -0.00352
PD      0.00000      0.12298      0.87702     -0.00000      0.00352     -0.00352
PD      0.00000      0.25000      0.50000      0.00000      0.00000      0.00000
PD      0.12298      0.37702      0.50000      0.00352     -0.00352      0.00000
PD      0.12447      0.25000      0.62447     -0.00850      0.00000     -0.00850
PD      0.00000      0.37702      0.62298     -0.00000     -0.00352      0.00352
PD      0.00000      0.25000      0.75000      0.00000      0.00000      0.00000
PD      0.12447      0.37553      0.75000     -0.00850      0.00850     -0.00000
PD      0.12447      0.25000      0.87553     -0.00850     -0.00000      0.00850
PD      0.00000      0.37702      0.87702      0.00000     -0.00352     -0.00352
PD      0.25000      0.00000      0.50000      0.00000      0.00000      0.00000
PD      0.37702      0.12298      0.50000     -0.00352      0.00352      0.00000
PD      0.37702      0.00000      0.62298     -0.00352      0.00000      0.00352
PD      0.25000      0.12447      0.62447      0.00000     -0.00850     -0.00850
PD      0.25000      0.00000      0.75000      0.00000      0.00000      0.00000
PD      0.37553      0.12447      0.75000      0.00850     -0.00850     -0.00000
PD      0.37702      0.00000      0.87702     -0.00352      0.00000     -0.00352
PD      0.25000      0.12447      0.87553      0.00000     -0.00850      0.00850
PD      0.25000      0.25000      0.50000      0.00000      0.00000      0.00000
PD      0.37702      0.37702      0.50000     -0.00352     -0.00352     -0.00000
PD      0.37553      0.25000      0.62447      0.00850     -0.00000     -0.00850
PD      0.25000      0.37553      0.62447      0.00000      0.00850     -0.00850
PD      0.25000      0.25000      0.75000      0.00000      0.00000      0.00000
PD      0.37553      0.37553      0.75000      0.00850      0.00850      0.00000
PD      0.37553      0.25000      0.87553      0.00850      0.00000      0.00850
PD      0.25000      0.37553      0.87553      0.00000      0.00850      0.00850
PD      0.12298      0.62298      0.00000      0.00352      0.00352      0.00000
PD      0.12298      0.50000      0.12298      0.00352      0.00000      0.00352
PD      0.00000      0.62298      0.12298      0.00000      0.00352      0.00352
PD      0.00000      0.50000      0.25000      0.00000      0.00000      0.00000
PD      0.12447      0.62447      0.25000     -0.00850     -0.00850      0.00000
PD      0.12298      0.50000      0.37702      0.00352      0.00000     -0.00352
PD      0.00000      0.62298      0.37702     -0.00000      0.00352     -0.00352
PD      0.00000      0.75000      0.00000      0.00000      0.00000      0.00000
PD      0.12298      0.87702      0.00000      0.00352     -0.00352      0.00000
PD      0.12447      0.75000      0.12447     -0.00850      0.00000     -0.00850
PD      0.00000      0.87702      0.12298     -0.00000     -0.00352      0.00352
PD      0.00000      0.75000      0.25000      0.00000      0.00000      0.00000
PD      0.12447      0.87553      0.25000     -0.00850      0.00850     -0.00000
PD      0.12447      0.75000      0.37553     -0.00850     -0.00000      0.00850
PD      0.00000      0.87702      0.37702      0.00000     -0.00352     -0.00352
PD      0.25000      0.50000      0.00000      0.00000      0.00000      0.00000
PD      0.37702      0.62298      0.00000     -0.00352      0.00352      0.00000
PD      0.37702      0.50000      0.12298     -0.00352      0.00000      0.00352
PD      0.25000      0.62447      0.12447      0.00000     -0.00850     -0.00850
PD      0.25000      0.50000      0.25000      0.00000      0.00000      0.00000
PD      0.37553      0.62447      0.25000      0.00850     -0.00850     -0.00000
PD      0.37702      0.50000      0.37702     -0.00352      0.00000     -0.00352
PD      0.25000      0.62447      0.37553      0.00000     -0.00850      0.00850
PD      0.25000      0.75000      0.00000      0.00000      0.00000      0.00000
PD      0.37702      0.87702      0.00000     -0.00352     -0.00352     -0.00000
PD      0.37553      0.75000      0.12447      0.00850     -0.00000     -0.00850
PD      0.25000      0.87553      0.12447      0.00000      0.00850     -0.00850
PD      0.25000      0.75000      0.25000      0.00000      0.00000      0.00000
PD      0.37553      0.87553      0.25000      0.00850      0.00850      0.00000
PD      0.37553      0.75000      0.37553      0.00850      0.00000      0.00850
PD      0.25000      0.87553      0.37553      0.00000      0.00850      0.00850
PD      0.12298      0.62298      0.50000      0.00352      0.00352      0.00000
PD      0.12298      0.50000      0.62298      0.00352      0.00000      0.00352
PD      0.00000      0.62298      0.62298      0.00000      0.00352      0.00352
PD      0.00000      0.50000      0.75000      0.00000      0.00000      0.00000
PD      0.12447      0.62447      0.75000     -0.00850     -0.00850      0.00000
PD      0.12298      0.50000      0.87702      0.00352      0.00000     -0.00352
PD      0.00000      0.62298      0.87702     -0.00000      0.00352     -0.00352
PD      0.00000      0.75000      0.50000      0.00000      0.00000      0.00000
PD      0.12298      0.87702      0.50000      0.00352     -0.00352      0.00000
PD      0.12447      0.75000      0.62447     -0.00850      0.00000     -0.00850
PD      0.00000      0.87702      0.62298     -0.00000     -0.00352      0.00352
PD      0.00000      0.75000      0.75000      0.00000      0.00000      0.00000
PD      0.12447      0.87553      0.75000     -0.00850      0.00850     -0.00000
PD      0.12447      0.75000      0.87553     -0.00850     -0.00000      0.00850
PD      0.00000      0.87702      0.87702      0.00000     -0.00352     -0.00352
PD      0.25000      0.50000      0.50000      0.00000      0.00000      0.00000
PD      0.37702      0.62298      0.50000     -0.00352      0.00352      0.00000
PD      0.37702      0.50000      0.62298     -0.00352      0.00000      0.00352
PD      0.25000      0.62447      0.62447      0.00000     -0.00850     -0.00850
PD      0.25000      0.50000      0.75000      0.00000      0.00000      0.00000
PD      0.37553      0.62447      0.75000      0.00850     -0.00850     -0.00000
PD      0.37702      0.50000      0.87702     -0.00352      0.00000     -0.00352
PD      0.25000      0.62447      0.87553      0.00000     -0.00850      0.00850
PD      0.25000      0.75000      0.50000      0.00000      0.00000      0.00000
PD      0.37702      0.87702      0.50000     -0.00352     -0.00352     -0.00000
PD      0.37553      0.75000      0.62447      0.00850     -0.00000     -0.00850
PD      0.25000      0.87553      0.62447      0.00000      0.00850     -0.00850
PD      0.25000      0.75000      0.75000      0.00000      0.00000      0.00000
PD      0.37553      0.87553      0.75000      0.00850      0.00850      0.00000
PD      0.37553      0.75000      0.87553      0.00850      0.00000      0.00850
PD      0.25000      0.87553      0.87553      0.00000      0.00850      0.00850
PD      0.62298      0.12298      0.00000      0.00352      0.00352      0.00000
PD      0.62298      0.00000      0.12298      0.00352      0.00000      0.00352
PD      0.50000      0.12298      0.12298      0.00000      0.00352      0.00352
PD      0.50000      0.00000      0.25000      0.00000      0.00000      0.00000
PD      0.62447      0.12447      0.25000     -0.00850     -0.00850      0.00000
PD      0.62298      0.00000      0.37702      0.00352      0.00000     -0.00352
PD      0.50000      0.12298      0.37702     -0.00000      0.00352     -0.00352
PD      0.50000      0.25000      0.00000      0.00000      0.00000      0.00000
PD      0.62298      0.37702      0.00000      0.00352     -0.00352      0.00000
PD      0.62447      0.25000      0.12447     -0.00850      0.00000     -0.00850
PD      0.50000      0.37702      0.12298     -0.00000     -0.00352      0.00352
PD      0.50000      0.25000      0.25000      0.00000      0.00000      0.00000
PD      0.62447      0.37553      0.25000     -0.00850      0.00850     -0.00000
PD      0.62447      0.25000      0.37553     -0.00850     -0.00000      0.00850
PD      0.50000      0.37702      0.37702      0.00000     -0.00352     -0.00352
PD      0.75000      0.00000      0.00000      0.00000      0.00000      0.00000
PD      0.87702      0.12298      0.00000     -0.00352      0.00352      0.00000
PD      0.87702      0.00000      0.12298     -0.00352      0.00000      0.00352
PD      0.75000      0.12447      0.12447      0.00000     -0.00850     -0.00850
PD      0.75000      0.00000      0.25000      0.00000      0.00000      0.00000
PD      0.87553      0.12447      0.25000      0.00850     -0.00850     -0.00000
PD      0.87702      0.00000      0.37702     -0.00352      0.00000     -0.00352
PD      0.75000      0.12447      0.37553      0.00000     -0.00850      0.00850
PD      0.75000      0.25000      0.00000      0.00000      0.00000      0.00000
PD      0.87702      0.37702      0.00000     -0.00352     -0.00352     -0.00000
PD      0.87553      0.25000      0.12447      0.00850     -0.00000     -0.00850
PD      0.75000      0.37553      0.12447      0.00000      0.00850     -0.00850
PD      0.75000      0.25000      0.25000      0.00000      0.00000      0.00000
PD      0.87553      0.37553      0.25000      0.00850      0.00850      0.00000
PD      0.87553      0.25000      0.37553      0.00850      0.00000      0.00850
PD      0.75000      0.37553      0.37553      0.00000      0.00850      0.00850
PD      0.62298      0.12298      0.50000      0.00352      0.00352      0.00000
PD      0.62298      0.00000      0.62298      0.00352      0.00000      0.00352
PD      0.50000      0.12298      0.62298      0.00000      0.00352      0.00352
PD      0.50000      0.00000      0.75000      0.00000      0.00000      0.00000
PD      0.62447      0.12447      0.75000     -0.00850     -0.00850      0.00000
PD      0.62298      0.00000      0.87702      0.00352      0.00000     -0.00352
PD      0.50000      0.12298      0.87702     -0.00000      0.00352     -0.00352
PD      0.50000      0.25000      0.50000      0.00000      0.00000      0.00000
PD      0.62298      0.37702      0.50000      0.00352     -0.00352      0.00000
PD      0.62447      0.25000      0.62447     -0.00850      0.00000     -0.00850
PD      0.50000      0.37702      0.62298     -0.00000     -0.00352      0.00352
PD      0.50000      0.25000      0.75000      0.00000      0.00000      0.00000
PD      0.62447      0.37553      0.75000     -0.00850      0.00850     -0.00000
PD      0.62447      0.25000      0.87553     -0.00850     -0.00000      0.00850
PD      0.50000      0.37702      0.87702      0.00000     -0.00352     -0.00352
PD      0.75000      0.00000      0.50000      0.00000      0.00000      0.00000
PD      0.87702      0.12298      0.50000     -0.00352      0.00352      0.00000
PD      0.87702      0.00000      0.62298     -0.00352      0.00000      0.00352
PD      0.75000      0.12447      0.62447      0.00000     -0.00850     -0.00850
PD      0.75000      0.00000      0.75000      0.00000      0.00000      0.00000
PD      0.87553      0.12447      0.75000      0.00850     -0.00850     -0.00000
PD      0.87702      0.00000      0.87702     -0.00352      0.00000     -0.00352
PD      0.75000      0.12447      0.87553      0.00000     -0.00850      0.00850
PD      0.75000      0.25000      0.50000      0.00000      0.00000      0.00000
PD      0.87702      0.37702      0.50000     -0.00352     -0.00352     -0.00000
PD      0.87553      0.25000      0.62447      0.00850     -0.00000     -0.00850
PD      0.75000      0.37553      0.62447      0.00000      0.00850     -0.00850
PD      0.75000      0.25000      0.75000      0.00000      0.00000      0.00000
PD      0.87553      0.37553      0.75000      0.00850      0.00850      0.00000
PD      0.87553      0.25000      0.87553      0.00850      0.00000      0.00850
PD      0.75000      0.37553      0.87553      0.00000      0.00850      0.00850
PD      0.62298      0.62298      0.00000      0.00352      0.00352      0.00000
PD      0.62298      0.50000      0.12298      0.00352      0.00000      0.00352
PD      0.50000      0.62298      0.12298      0.00000      0.00352      0.00352
PD      0.50000      0.50000      0.25000      0.00000      0.00000      0.00000
PD      0.62447      0.62447      0.25000     -0.00850     -0.00850      0.00000
PD      0.62298      0.50000      0.37702      0.00352      0.00000     -0.00352
PD      0.50000      0.62298      0.37702     -0.00000      0.00352     -0.00352
PD      0.50000      0.75000      0.00000      0.00000      0.00000      0.00000
PD      0.62298      0.87702      0.00000      0.00352     -0.00352      0.00000
PD      0.62447      0.75000      0.12447     -0.00850      0.00000     -0.00850
PD      0.50000      0.87702      0.12298     -0.00000     -0.00352      0.00352
PD      0.50000      0.75000      0.25000      0.00000      0.00000      0.00000
PD      0.62447      0.87553      0.25000     -0.00850      0.00850     -0.00000
PD      0.62447      0.75000      0.37553     -0.00850     -0.00000      0.00850
PD      0.50000      0.87702      0.37702      0.00000     -0.00352     -0.00352
PD      0.75000      0.50000      0.00000      0.00000      0.00000      0.00000
PD      0.87702      0.62298      0.00000     -0.00352      0.00352      0.00000
PD      0.87702      0.50000      0.12298     -0.00352      0.00000      0.00352
PD      0.75000      0.62447      0.12447      0.00000     -0.00850     -0.00850
PD      0.75000      0.50000      0.25000      0.00000      0.00000      0.00000
PD      0.87553      0.62447      0.25000      0.00850     -0.00850     -0.00000
PD      0.87702      0.50000      0.37702     -0.00352      0.00000     -0.00352
PD      0.75000      0.62447      0.37553      0.00000     -0.00850      0.00850
PD      0.75000      0.75000      0.00000      0.00000      0.00000      0.00000
PD      0.87702      0.87702      0.00000     -0.00352     -0.00352     -0.00000
PD      0.87553      0.75000      0.12447      0.00850     -0.00000     -0.00850
PD      0.75000      0.87553      0.12447      0.00000      0.00850     -0.00850
PD      0.75000      0.75000      0.25000      0.00000      0.00000      0.00000
PD      0.87553      0.87553      0.25000      0.00850      0.00850      0.00000
PD      0.87553      0.75000      0.37553      0.00850      0.00000      0.00850
PD      0.75000      0.87553      0.37553      0.00000      0.00850      0.00850
PD      0.62298      0.62298      0.50000      0.00352      0.00352      0.00000
PD      0.62298      0.50000      0.62298      0.00352      0.00000      0.00352
PD      0.50000      0.62298      0.62298      0.00000      0.00352      0.00352
PD      0.50000      0.50000      0.75000      0.00000      0.00000      0.00000
PD      0.62447      0.62447      0.75000     -0.00850     -0.00850      0.00000
PD      0.62298      0.50000      0.87702      0.00352      0.00000     -0.00352
PD      0.50000      0.62298      0.87702     -0.00000      0.00352     -0.00352
PD      0.50000      0.75000      0.50000      0.00000      0.00000      0.00000
PD      0.62298      0.87702      0.50000      0.00352     -0.00352      0.00000
PD      0.62447      0.75000      0.62447     -0.00850      0.00000     -0.00850
PD      0.50000      0.87702      0.62298     -0.00000     -0.00352      0.00352
PD      0.50000      0.75000      0.75000      0.00000      0.00000      0.00000
PD      0.62447      0.87553      0.75000     -0.00850      0.00850     -0.00000
PD      0.62447      0.75000      0.87553     -0.00850     -0.00000      0.00850
PD      0.50000      0.87702      0.87702      0.00000     -0.00352     -0.00352
PD      0.75000      0.50000      0.50000      0.00000      0.00000      0.00000
PD      0.87702      0.62298      0.50000     -0.00352      0.00352      0.00000
PD      0.87702      0.50000      0.62298     -0.00352      0.00000      0.00352
PD      0.75000      0.62447      0.62447      0.00000     -0.00850     -0.00850
PD      0.75000      0.50000      0.75000      0.00000      0.00000      0.00000
PD      0.87553      0.62447      0.75000      0.00850     -0.00850     -0.00000
PD      0.87702      0.50000      0.87702     -0.00352      0.00000     -0.00352
PD      0.75000      0.62447      0.87553      0.00000     -0.00850      0.00850
PD      0.75000      0.75000      0.50000      0.00000      0.00000      0.00000
PD      0.87702      0.87702      0.50000     -0.00352     -0.00352     -0.00000
PD      0.87553      0.75000      0.62447      0.00850     -0.00000     -0.00850
PD      0.75000      0.87553      0.62447      0.00000      0.00850     -0.00850
PD      0.75000      0.75000      0.75000      0.00000      0.00000      0.00000
PD      0.87553      0.87553      0.75000      0.00850      0.00850      0.00000
PD      0.87553      0.75000      0.87553      0.00850      0.00000      0.00850
PD      0.75000      0.87553      0.87553      0.00000      0.00850      0.00850
