/* Converted from PWscf output file */ 
#L_UNITS ang 
#E_UNITS eV 
#S_UNITS GPA 
#F_UNITS EV/ANG 
#ALAT 	  15.61841     // a0 
#X 	   1.00000     0.00000     0.00000     // X 
#Y 	   0.00000     1.00000     0.00000     // Y 
#Z 	   0.00000     0.00000     1.00000     // Z 
#SX 	   0.59603     0.00000     0.00000     // SX 
#SY 	   0.00000     0.59603     0.00000     // SY 
#SZ 	   0.00000     0.00000     0.59603     // SZ 
#EPA 	  -3.85790     // Energy per Atom 
#C 	1 1 1 
#W 	1.0 
#RCUT 	6.5        // Rcut 
PD      0.12302      0.12302      0.00000     -0.04390     -0.04390     -0.00000
PD      0.12302      0.00000      0.12302     -0.04390      0.00000     -0.04390
PD      0.00000      0.12302      0.12302     -0.00000     -0.04390     -0.04390
PD      0.00000      0.00000      0.25000      0.00000      0.00000      0.00000
PD      0.12451      0.12451      0.25000     -0.02464     -0.02464     -0.00000
PD      0.12302      0.00000      0.37698     -0.04390      0.00000      0.04390
PD      0.00000      0.12302      0.37698      0.00000     -0.04390      0.04390
PD      0.00000      0.25000      0.00000      0.00000      0.00000      0.00000
PD      0.12302      0.37698      0.00000     -0.04390      0.04390     -0.00000
PD      0.12451      0.25000      0.12451     -0.02464      0.00000     -0.02464
PD      0.00000      0.37698      0.12302     -0.00000      0.04390     -0.04390
PD      0.00000      0.25000      0.25000      0.00000      0.00000      0.00000
PD      0.12451      0.37549      0.25000     -0.02464      0.02464      0.00000
PD      0.12451      0.25000      0.37549     -0.02464      0.00000      0.02464
PD      0.00000      0.37698      0.37698      0.00000      0.04390      0.04390
PD      0.25000      0.00000      0.00000      0.00000      0.00000      0.00000
PD      0.37698      0.12302      0.00000      0.04390     -0.04390     -0.00000
PD      0.37698      0.00000      0.12302      0.04390      0.00000     -0.04390
PD      0.25000      0.12451      0.12451      0.00000     -0.02464     -0.02464
PD      0.25000      0.00000      0.25000      0.00000      0.00000      0.00000
PD      0.37549      0.12451      0.25000      0.02464     -0.02464      0.00000
PD      0.37698      0.00000      0.37698      0.04390     -0.00000      0.04390
PD      0.25000      0.12451      0.37549      0.00000     -0.02464      0.02464
PD      0.25000      0.25000      0.00000      0.00000      0.00000      0.00000
PD      0.37698      0.37698      0.00000      0.04390      0.04390     -0.00000
PD      0.37549      0.25000      0.12451      0.02464      0.00000     -0.02464
PD      0.25000      0.37549      0.12451      0.00000      0.02464     -0.02464
PD      0.25000      0.25000      0.25000      0.00000      0.00000      0.00000
PD      0.37549      0.37549      0.25000      0.02464      0.02464     -0.00000
PD      0.37549      0.25000      0.37549      0.02464      0.00000      0.02464
PD      0.25000      0.37549      0.37549      0.00000      0.02464      0.02464
PD      0.12302      0.12302      0.50000     -0.04390     -0.04390     -0.00000
PD      0.12302      0.00000      0.62302     -0.04390      0.00000     -0.04390
PD      0.00000      0.12302      0.62302     -0.00000     -0.04390     -0.04390
PD      0.00000      0.00000      0.75000      0.00000      0.00000      0.00000
PD      0.12451      0.12451      0.75000     -0.02464     -0.02464     -0.00000
PD      0.12302      0.00000      0.87698     -0.04390      0.00000      0.04390
PD      0.00000      0.12302      0.87698      0.00000     -0.04390      0.04390
PD      0.00000      0.25000      0.50000      0.00000      0.00000      0.00000
PD      0.12302      0.37698      0.50000     -0.04390      0.04390     -0.00000
PD      0.12451      0.25000      0.62451     -0.02464      0.00000     -0.02464
PD      0.00000      0.37698      0.62302     -0.00000      0.04390     -0.04390
PD      0.00000      0.25000      0.75000      0.00000      0.00000      0.00000
PD      0.12451      0.37549      0.75000     -0.02464      0.02464      0.00000
PD      0.12451      0.25000      0.87549     -0.02464      0.00000      0.02464
PD      0.00000      0.37698      0.87698      0.00000      0.04390      0.04390
PD      0.25000      0.00000      0.50000      0.00000      0.00000      0.00000
PD      0.37698      0.12302      0.50000      0.04390     -0.04390     -0.00000
PD      0.37698      0.00000      0.62302      0.04390      0.00000     -0.04390
PD      0.25000      0.12451      0.62451      0.00000     -0.02464     -0.02464
PD      0.25000      0.00000      0.75000      0.00000      0.00000      0.00000
PD      0.37549      0.12451      0.75000      0.02464     -0.02464      0.00000
PD      0.37698      0.00000      0.87698      0.04390     -0.00000      0.04390
PD      0.25000      0.12451      0.87549      0.00000     -0.02464      0.02464
PD      0.25000      0.25000      0.50000      0.00000      0.00000      0.00000
PD      0.37698      0.37698      0.50000      0.04390      0.04390     -0.00000
PD      0.37549      0.25000      0.62451      0.02464      0.00000     -0.02464
PD      0.25000      0.37549      0.62451      0.00000      0.02464     -0.02464
PD      0.25000      0.25000      0.75000      0.00000      0.00000      0.00000
PD      0.37549      0.37549      0.75000      0.02464      0.02464     -0.00000
PD      0.37549      0.25000      0.87549      0.02464      0.00000      0.02464
PD      0.25000      0.37549      0.87549      0.00000      0.02464      0.02464
PD      0.12302      0.62302      0.00000     -0.04390     -0.04390     -0.00000
PD      0.12302      0.50000      0.12302     -0.04390      0.00000     -0.04390
PD      0.00000      0.62302      0.12302     -0.00000     -0.04390     -0.04390
PD      0.00000      0.50000      0.25000      0.00000      0.00000      0.00000
PD      0.12451      0.62451      0.25000     -0.02464     -0.02464     -0.00000
PD      0.12302      0.50000      0.37698     -0.04390      0.00000      0.04390
PD      0.00000      0.62302      0.37698      0.00000     -0.04390      0.04390
PD      0.00000      0.75000      0.00000      0.00000      0.00000      0.00000
PD      0.12302      0.87698      0.00000     -0.04390      0.04390     -0.00000
PD      0.12451      0.75000      0.12451     -0.02464      0.00000     -0.02464
PD      0.00000      0.87698      0.12302     -0.00000      0.04390     -0.04390
PD      0.00000      0.75000      0.25000      0.00000      0.00000      0.00000
PD      0.12451      0.87549      0.25000     -0.02464      0.02464      0.00000
PD      0.12451      0.75000      0.37549     -0.02464      0.00000      0.02464
PD      0.00000      0.87698      0.37698      0.00000      0.04390      0.04390
PD      0.25000      0.50000      0.00000      0.00000      0.00000      0.00000
PD      0.37698      0.62302      0.00000      0.04390     -0.04390     -0.00000
PD      0.37698      0.50000      0.12302      0.04390      0.00000     -0.04390
PD      0.25000      0.62451      0.12451      0.00000     -0.02464     -0.02464
PD      0.25000      0.50000      0.25000      0.00000      0.00000      0.00000
PD      0.37549      0.62451      0.25000      0.02464     -0.02464      0.00000
PD      0.37698      0.50000      0.37698      0.04390     -0.00000      0.04390
PD      0.25000      0.62451      0.37549      0.00000     -0.02464      0.02464
PD      0.25000      0.75000      0.00000      0.00000      0.00000      0.00000
PD      0.37698      0.87698      0.00000      0.04390      0.04390     -0.00000
PD      0.37549      0.75000      0.12451      0.02464      0.00000     -0.02464
PD      0.25000      0.87549      0.12451      0.00000      0.02464     -0.02464
PD      0.25000      0.75000      0.25000      0.00000      0.00000      0.00000
PD      0.37549      0.87549      0.25000      0.02464      0.02464     -0.00000
PD      0.37549      0.75000      0.37549      0.02464      0.00000      0.02464
PD      0.25000      0.87549      0.37549      0.00000      0.02464      0.02464
PD      0.12302      0.62302      0.50000     -0.04390     -0.04390     -0.00000
PD      0.12302      0.50000      0.62302     -0.04390      0.00000     -0.04390
PD      0.00000      0.62302      0.62302     -0.00000     -0.04390     -0.04390
PD      0.00000      0.50000      0.75000      0.00000      0.00000      0.00000
PD      0.12451      0.62451      0.75000     -0.02464     -0.02464     -0.00000
PD      0.12302      0.50000      0.87698     -0.04390      0.00000      0.04390
PD      0.00000      0.62302      0.87698      0.00000     -0.04390      0.04390
PD      0.00000      0.75000      0.50000      0.00000      0.00000      0.00000
PD      0.12302      0.87698      0.50000     -0.04390      0.04390     -0.00000
PD      0.12451      0.75000      0.62451     -0.02464      0.00000     -0.02464
PD      0.00000      0.87698      0.62302     -0.00000      0.04390     -0.04390
PD      0.00000      0.75000      0.75000      0.00000      0.00000      0.00000
PD      0.12451      0.87549      0.75000     -0.02464      0.02464      0.00000
PD      0.12451      0.75000      0.87549     -0.02464      0.00000      0.02464
PD      0.00000      0.87698      0.87698      0.00000      0.04390      0.04390
PD      0.25000      0.50000      0.50000      0.00000      0.00000      0.00000
PD      0.37698      0.62302      0.50000      0.04390     -0.04390     -0.00000
PD      0.37698      0.50000      0.62302      0.04390      0.00000     -0.04390
PD      0.25000      0.62451      0.62451      0.00000     -0.02464     -0.02464
PD      0.25000      0.50000      0.75000      0.00000      0.00000      0.00000
PD      0.37549      0.62451      0.75000      0.02464     -0.02464      0.00000
PD      0.37698      0.50000      0.87698      0.04390     -0.00000      0.04390
PD      0.25000      0.62451      0.87549      0.00000     -0.02464      0.02464
PD      0.25000      0.75000      0.50000      0.00000      0.00000      0.00000
PD      0.37698      0.87698      0.50000      0.04390      0.04390     -0.00000
PD      0.37549      0.75000      0.62451      0.02464      0.00000     -0.02464
PD      0.25000      0.87549      0.62451      0.00000      0.02464     -0.02464
PD      0.25000      0.75000      0.75000      0.00000      0.00000      0.00000
PD      0.37549      0.87549      0.75000      0.02464      0.02464     -0.00000
PD      0.37549      0.75000      0.87549      0.02464      0.00000      0.02464
PD      0.25000      0.87549      0.87549      0.00000      0.02464      0.02464
PD      0.62302      0.12302      0.00000     -0.04390     -0.04390     -0.00000
PD      0.62302      0.00000      0.12302     -0.04390      0.00000     -0.04390
PD      0.50000      0.12302      0.12302     -0.00000     -0.04390     -0.04390
PD      0.50000      0.00000      0.25000      0.00000      0.00000      0.00000
PD      0.62451      0.12451      0.25000     -0.02464     -0.02464     -0.00000
PD      0.62302      0.00000      0.37698     -0.04390      0.00000      0.04390
PD      0.50000      0.12302      0.37698      0.00000     -0.04390      0.04390
PD      0.50000      0.25000      0.00000      0.00000      0.00000      0.00000
PD      0.62302      0.37698      0.00000     -0.04390      0.04390     -0.00000
PD      0.62451      0.25000      0.12451     -0.02464      0.00000     -0.02464
PD      0.50000      0.37698      0.12302     -0.00000      0.04390     -0.04390
PD      0.50000      0.25000      0.25000      0.00000      0.00000      0.00000
PD      0.62451      0.37549      0.25000     -0.02464      0.02464      0.00000
PD      0.62451      0.25000      0.37549     -0.02464      0.00000      0.02464
PD      0.50000      0.37698      0.37698      0.00000      0.04390      0.04390
PD      0.75000      0.00000      0.00000      0.00000      0.00000      0.00000
PD      0.87698      0.12302      0.00000      0.04390     -0.04390     -0.00000
PD      0.87698      0.00000      0.12302      0.04390      0.00000     -0.04390
PD      0.75000      0.12451      0.12451      0.00000     -0.02464     -0.02464
PD      0.75000      0.00000      0.25000      0.00000      0.00000      0.00000
PD      0.87549      0.12451      0.25000      0.02464     -0.02464      0.00000
PD      0.87698      0.00000      0.37698      0.04390     -0.00000      0.04390
PD      0.75000      0.12451      0.37549      0.00000     -0.02464      0.02464
PD      0.75000      0.25000      0.00000      0.00000      0.00000      0.00000
PD      0.87698      0.37698      0.00000      0.04390      0.04390     -0.00000
PD      0.87549      0.25000      0.12451      0.02464      0.00000     -0.02464
PD      0.75000      0.37549      0.12451      0.00000      0.02464     -0.02464
PD      0.75000      0.25000      0.25000      0.00000      0.00000      0.00000
PD      0.87549      0.37549      0.25000      0.02464      0.02464     -0.00000
PD      0.87549      0.25000      0.37549      0.02464      0.00000      0.02464
PD      0.75000      0.37549      0.37549      0.00000      0.02464      0.02464
PD      0.62302      0.12302      0.50000     -0.04390     -0.04390     -0.00000
PD      0.62302      0.00000      0.62302     -0.04390      0.00000     -0.04390
PD      0.50000      0.12302      0.62302     -0.00000     -0.04390     -0.04390
PD      0.50000      0.00000      0.75000      0.00000      0.00000      0.00000
PD      0.62451      0.12451      0.75000     -0.02464     -0.02464     -0.00000
PD      0.62302      0.00000      0.87698     -0.04390      0.00000      0.04390
PD      0.50000      0.12302      0.87698      0.00000     -0.04390      0.04390
PD      0.50000      0.25000      0.50000      0.00000      0.00000      0.00000
PD      0.62302      0.37698      0.50000     -0.04390      0.04390     -0.00000
PD      0.62451      0.25000      0.62451     -0.02464      0.00000     -0.02464
PD      0.50000      0.37698      0.62302     -0.00000      0.04390     -0.04390
PD      0.50000      0.25000      0.75000      0.00000      0.00000      0.00000
PD      0.62451      0.37549      0.75000     -0.02464      0.02464      0.00000
PD      0.62451      0.25000      0.87549     -0.02464      0.00000      0.02464
PD      0.50000      0.37698      0.87698      0.00000      0.04390      0.04390
PD      0.75000      0.00000      0.50000      0.00000      0.00000      0.00000
PD      0.87698      0.12302      0.50000      0.04390     -0.04390     -0.00000
PD      0.87698      0.00000      0.62302      0.04390      0.00000     -0.04390
PD      0.75000      0.12451      0.62451      0.00000     -0.02464     -0.02464
PD      0.75000      0.00000      0.75000      0.00000      0.00000      0.00000
PD      0.87549      0.12451      0.75000      0.02464     -0.02464      0.00000
PD      0.87698      0.00000      0.87698      0.04390     -0.00000      0.04390
PD      0.75000      0.12451      0.87549      0.00000     -0.02464      0.02464
PD      0.75000      0.25000      0.50000      0.00000      0.00000      0.00000
PD      0.87698      0.37698      0.50000      0.04390      0.04390     -0.00000
PD      0.87549      0.25000      0.62451      0.02464      0.00000     -0.02464
PD      0.75000      0.37549      0.62451      0.00000      0.02464     -0.02464
PD      0.75000      0.25000      0.75000      0.00000      0.00000      0.00000
PD      0.87549      0.37549      0.75000      0.02464      0.02464     -0.00000
PD      0.87549      0.25000      0.87549      0.02464      0.00000      0.02464
PD      0.75000      0.37549      0.87549      0.00000      0.02464      0.02464
PD      0.62302      0.62302      0.00000     -0.04390     -0.04390     -0.00000
PD      0.62302      0.50000      0.12302     -0.04390      0.00000     -0.04390
PD      0.50000      0.62302      0.12302     -0.00000     -0.04390     -0.04390
PD      0.50000      0.50000      0.25000      0.00000      0.00000      0.00000
PD      0.62451      0.62451      0.25000     -0.02464     -0.02464     -0.00000
PD      0.62302      0.50000      0.37698     -0.04390      0.00000      0.04390
PD      0.50000      0.62302      0.37698      0.00000     -0.04390      0.04390
PD      0.50000      0.75000      0.00000      0.00000      0.00000      0.00000
PD      0.62302      0.87698      0.00000     -0.04390      0.04390     -0.00000
PD      0.62451      0.75000      0.12451     -0.02464      0.00000     -0.02464
PD      0.50000      0.87698      0.12302     -0.00000      0.04390     -0.04390
PD      0.50000      0.75000      0.25000      0.00000      0.00000      0.00000
PD      0.62451      0.87549      0.25000     -0.02464      0.02464      0.00000
PD      0.62451      0.75000      0.37549     -0.02464      0.00000      0.02464
PD      0.50000      0.87698      0.37698      0.00000      0.04390      0.04390
PD      0.75000      0.50000      0.00000      0.00000      0.00000      0.00000
PD      0.87698      0.62302      0.00000      0.04390     -0.04390     -0.00000
PD      0.87698      0.50000      0.12302      0.04390      0.00000     -0.04390
PD      0.75000      0.62451      0.12451      0.00000     -0.02464     -0.02464
PD      0.75000      0.50000      0.25000      0.00000      0.00000      0.00000
PD      0.87549      0.62451      0.25000      0.02464     -0.02464      0.00000
PD      0.87698      0.50000      0.37698      0.04390     -0.00000      0.04390
PD      0.75000      0.62451      0.37549      0.00000     -0.02464      0.02464
PD      0.75000      0.75000      0.00000      0.00000      0.00000      0.00000
PD      0.87698      0.87698      0.00000      0.04390      0.04390     -0.00000
PD      0.87549      0.75000      0.12451      0.02464      0.00000     -0.02464
PD      0.75000      0.87549      0.12451      0.00000      0.02464     -0.02464
PD      0.75000      0.75000      0.25000      0.00000      0.00000      0.00000
PD      0.87549      0.87549      0.25000      0.02464      0.02464     -0.00000
PD      0.87549      0.75000      0.37549      0.02464      0.00000      0.02464
PD      0.75000      0.87549      0.37549      0.00000      0.02464      0.02464
PD      0.62302      0.62302      0.50000     -0.04390     -0.04390     -0.00000
PD      0.62302      0.50000      0.62302     -0.04390      0.00000     -0.04390
PD      0.50000      0.62302      0.62302     -0.00000     -0.04390     -0.04390
PD      0.50000      0.50000      0.75000      0.00000      0.00000      0.00000
PD      0.62451      0.62451      0.75000     -0.02464     -0.02464     -0.00000
PD      0.62302      0.50000      0.87698     -0.04390      0.00000      0.04390
PD      0.50000      0.62302      0.87698      0.00000     -0.04390      0.04390
PD      0.50000      0.75000      0.50000      0.00000      0.00000      0.00000
PD      0.62302      0.87698      0.50000     -0.04390      0.04390     -0.00000
PD      0.62451      0.75000      0.62451     -0.02464      0.00000     -0.02464
PD      0.50000      0.87698      0.62302     -0.00000      0.04390     -0.04390
PD      0.50000      0.75000      0.75000      0.00000      0.00000      0.00000
PD      0.62451      0.87549      0.75000     -0.02464      0.02464      0.00000
PD      0.62451      0.75000      0.87549     -0.02464      0.00000      0.02464
PD      0.50000      0.87698      0.87698      0.00000      0.04390      0.04390
PD      0.75000      0.50000      0.50000      0.00000      0.00000      0.00000
PD      0.87698      0.62302      0.50000      0.04390     -0.04390     -0.00000
PD      0.87698      0.50000      0.62302      0.04390      0.00000     -0.04390
PD      0.75000      0.62451      0.62451      0.00000     -0.02464     -0.02464
PD      0.75000      0.50000      0.75000      0.00000      0.00000      0.00000
PD      0.87549      0.62451      0.75000      0.02464     -0.02464      0.00000
PD      0.87698      0.50000      0.87698      0.04390     -0.00000      0.04390
PD      0.75000      0.62451      0.87549      0.00000     -0.02464      0.02464
PD      0.75000      0.75000      0.50000      0.00000      0.00000      0.00000
PD      0.87698      0.87698      0.50000      0.04390      0.04390     -0.00000
PD      0.87549      0.75000      0.62451      0.02464      0.00000     -0.02464
PD      0.75000      0.87549      0.62451      0.00000      0.02464     -0.02464
PD      0.75000      0.75000      0.75000      0.00000      0.00000      0.00000
PD      0.87549      0.87549      0.75000      0.02464      0.02464     -0.00000
PD      0.87549      0.75000      0.87549      0.02464      0.00000      0.02464
PD      0.75000      0.87549      0.87549      0.00000      0.02464      0.02464
