/* Converted from PWscf output file */ 
#L_UNITS ang 
#E_UNITS eV 
#S_UNITS GPA 
#F_UNITS EV/ANG 
#ALAT 	  15.65181     // a0 
#X 	   1.00000     0.00000     0.00000     // X 
#Y 	   0.00000     1.00000     0.00000     // Y 
#Z 	   0.00000     0.00000     1.00000     // Z 
#SX 	  -0.39449     0.00000     0.00000     // SX 
#SY 	   0.00000    -0.39449     0.00000     // SY 
#SZ 	   0.00000     0.00000    -0.39449     // SZ 
#EPA 	  -3.85689     // Energy per Atom 
#C 	1 1 1 
#W 	1.0 
#RCUT 	6.5        // Rcut 
PD      0.12379      0.12379      0.00000     -0.14305     -0.14305     -0.00000
PD      0.12379      0.00000      0.12379     -0.14305      0.00000     -0.14305
PD      0.00000      0.12379      0.12379      0.00000     -0.14305     -0.14305
PD      0.00000      0.00000      0.25000      0.00000      0.00000      0.00000
PD      0.12477      0.12477      0.25000     -0.04226     -0.04226      0.00000
PD      0.12379      0.00000      0.37621     -0.14305     -0.00000      0.14305
PD      0.00000      0.12379      0.37621      0.00000     -0.14305      0.14305
PD      0.00000      0.25000      0.00000      0.00000      0.00000      0.00000
PD      0.12379      0.37621      0.00000     -0.14305      0.14305     -0.00000
PD      0.12477      0.25000      0.12477     -0.04226     -0.00000     -0.04226
PD      0.00000      0.37621      0.12379     -0.00000      0.14305     -0.14305
PD      0.00000      0.25000      0.25000      0.00000      0.00000      0.00000
PD      0.12477      0.37523      0.25000     -0.04226      0.04226      0.00000
PD      0.12477      0.25000      0.37523     -0.04226      0.00000      0.04226
PD      0.00000      0.37621      0.37621      0.00000      0.14305      0.14305
PD      0.25000      0.00000      0.00000      0.00000      0.00000      0.00000
PD      0.37621      0.12379      0.00000      0.14305     -0.14305      0.00000
PD      0.37621      0.00000      0.12379      0.14305      0.00000     -0.14305
PD      0.25000      0.12477      0.12477      0.00000     -0.04226     -0.04226
PD      0.25000      0.00000      0.25000      0.00000      0.00000      0.00000
PD      0.37523      0.12477      0.25000      0.04226     -0.04226      0.00000
PD      0.37621      0.00000      0.37621      0.14305      0.00000      0.14305
PD      0.25000      0.12477      0.37523     -0.00000     -0.04226      0.04226
PD      0.25000      0.25000      0.00000      0.00000      0.00000      0.00000
PD      0.37621      0.37621      0.00000      0.14305      0.14305     -0.00000
PD      0.37523      0.25000      0.12477      0.04226     -0.00000     -0.04226
PD      0.25000      0.37523      0.12477     -0.00000      0.04226     -0.04226
PD      0.25000      0.25000      0.25000      0.00000      0.00000      0.00000
PD      0.37523      0.37523      0.25000      0.04226      0.04226     -0.00000
PD      0.37523      0.25000      0.37523      0.04226      0.00000      0.04226
PD      0.25000      0.37523      0.37523      0.00000      0.04226      0.04226
PD      0.12379      0.12379      0.50000     -0.14305     -0.14305     -0.00000
PD      0.12379      0.00000      0.62379     -0.14305      0.00000     -0.14305
PD      0.00000      0.12379      0.62379      0.00000     -0.14305     -0.14305
PD      0.00000      0.00000      0.75000      0.00000      0.00000      0.00000
PD      0.12477      0.12477      0.75000     -0.04226     -0.04226      0.00000
PD      0.12379      0.00000      0.87621     -0.14305     -0.00000      0.14305
PD      0.00000      0.12379      0.87621      0.00000     -0.14305      0.14305
PD      0.00000      0.25000      0.50000      0.00000      0.00000      0.00000
PD      0.12379      0.37621      0.50000     -0.14305      0.14305     -0.00000
PD      0.12477      0.25000      0.62477     -0.04226     -0.00000     -0.04226
PD      0.00000      0.37621      0.62379     -0.00000      0.14305     -0.14305
PD      0.00000      0.25000      0.75000      0.00000      0.00000      0.00000
PD      0.12477      0.37523      0.75000     -0.04226      0.04226      0.00000
PD      0.12477      0.25000      0.87523     -0.04226      0.00000      0.04226
PD      0.00000      0.37621      0.87621      0.00000      0.14305      0.14305
PD      0.25000      0.00000      0.50000      0.00000      0.00000      0.00000
PD      0.37621      0.12379      0.50000      0.14305     -0.14305      0.00000
PD      0.37621      0.00000      0.62379      0.14305      0.00000     -0.14305
PD      0.25000      0.12477      0.62477      0.00000     -0.04226     -0.04226
PD      0.25000      0.00000      0.75000      0.00000      0.00000      0.00000
PD      0.37523      0.12477      0.75000      0.04226     -0.04226      0.00000
PD      0.37621      0.00000      0.87621      0.14305      0.00000      0.14305
PD      0.25000      0.12477      0.87523     -0.00000     -0.04226      0.04226
PD      0.25000      0.25000      0.50000      0.00000      0.00000      0.00000
PD      0.37621      0.37621      0.50000      0.14305      0.14305     -0.00000
PD      0.37523      0.25000      0.62477      0.04226     -0.00000     -0.04226
PD      0.25000      0.37523      0.62477     -0.00000      0.04226     -0.04226
PD      0.25000      0.25000      0.75000      0.00000      0.00000      0.00000
PD      0.37523      0.37523      0.75000      0.04226      0.04226     -0.00000
PD      0.37523      0.25000      0.87523      0.04226      0.00000      0.04226
PD      0.25000      0.37523      0.87523      0.00000      0.04226      0.04226
PD      0.12379      0.62379      0.00000     -0.14305     -0.14305     -0.00000
PD      0.12379      0.50000      0.12379     -0.14305      0.00000     -0.14305
PD      0.00000      0.62379      0.12379      0.00000     -0.14305     -0.14305
PD      0.00000      0.50000      0.25000      0.00000      0.00000      0.00000
PD      0.12477      0.62477      0.25000     -0.04226     -0.04226      0.00000
PD      0.12379      0.50000      0.37621     -0.14305     -0.00000      0.14305
PD      0.00000      0.62379      0.37621      0.00000     -0.14305      0.14305
PD      0.00000      0.75000      0.00000      0.00000      0.00000      0.00000
PD      0.12379      0.87621      0.00000     -0.14305      0.14305     -0.00000
PD      0.12477      0.75000      0.12477     -0.04226     -0.00000     -0.04226
PD      0.00000      0.87621      0.12379     -0.00000      0.14305     -0.14305
PD      0.00000      0.75000      0.25000      0.00000      0.00000      0.00000
PD      0.12477      0.87523      0.25000     -0.04226      0.04226      0.00000
PD      0.12477      0.75000      0.37523     -0.04226      0.00000      0.04226
PD      0.00000      0.87621      0.37621      0.00000      0.14305      0.14305
PD      0.25000      0.50000      0.00000      0.00000      0.00000      0.00000
PD      0.37621      0.62379      0.00000      0.14305     -0.14305      0.00000
PD      0.37621      0.50000      0.12379      0.14305      0.00000     -0.14305
PD      0.25000      0.62477      0.12477      0.00000     -0.04226     -0.04226
PD      0.25000      0.50000      0.25000      0.00000      0.00000      0.00000
PD      0.37523      0.62477      0.25000      0.04226     -0.04226      0.00000
PD      0.37621      0.50000      0.37621      0.14305      0.00000      0.14305
PD      0.25000      0.62477      0.37523     -0.00000     -0.04226      0.04226
PD      0.25000      0.75000      0.00000      0.00000      0.00000      0.00000
PD      0.37621      0.87621      0.00000      0.14305      0.14305     -0.00000
PD      0.37523      0.75000      0.12477      0.04226     -0.00000     -0.04226
PD      0.25000      0.87523      0.12477     -0.00000      0.04226     -0.04226
PD      0.25000      0.75000      0.25000      0.00000      0.00000      0.00000
PD      0.37523      0.87523      0.25000      0.04226      0.04226     -0.00000
PD      0.37523      0.75000      0.37523      0.04226      0.00000      0.04226
PD      0.25000      0.87523      0.37523      0.00000      0.04226      0.04226
PD      0.12379      0.62379      0.50000     -0.14305     -0.14305     -0.00000
PD      0.12379      0.50000      0.62379     -0.14305      0.00000     -0.14305
PD      0.00000      0.62379      0.62379      0.00000     -0.14305     -0.14305
PD      0.00000      0.50000      0.75000      0.00000      0.00000      0.00000
PD      0.12477      0.62477      0.75000     -0.04226     -0.04226      0.00000
PD      0.12379      0.50000      0.87621     -0.14305     -0.00000      0.14305
PD      0.00000      0.62379      0.87621      0.00000     -0.14305      0.14305
PD      0.00000      0.75000      0.50000      0.00000      0.00000      0.00000
PD      0.12379      0.87621      0.50000     -0.14305      0.14305     -0.00000
PD      0.12477      0.75000      0.62477     -0.04226     -0.00000     -0.04226
PD      0.00000      0.87621      0.62379     -0.00000      0.14305     -0.14305
PD      0.00000      0.75000      0.75000      0.00000      0.00000      0.00000
PD      0.12477      0.87523      0.75000     -0.04226      0.04226      0.00000
PD      0.12477      0.75000      0.87523     -0.04226      0.00000      0.04226
PD      0.00000      0.87621      0.87621      0.00000      0.14305      0.14305
PD      0.25000      0.50000      0.50000      0.00000      0.00000      0.00000
PD      0.37621      0.62379      0.50000      0.14305     -0.14305      0.00000
PD      0.37621      0.50000      0.62379      0.14305      0.00000     -0.14305
PD      0.25000      0.62477      0.62477      0.00000     -0.04226     -0.04226
PD      0.25000      0.50000      0.75000      0.00000      0.00000      0.00000
PD      0.37523      0.62477      0.75000      0.04226     -0.04226      0.00000
PD      0.37621      0.50000      0.87621      0.14305      0.00000      0.14305
PD      0.25000      0.62477      0.87523     -0.00000     -0.04226      0.04226
PD      0.25000      0.75000      0.50000      0.00000      0.00000      0.00000
PD      0.37621      0.87621      0.50000      0.14305      0.14305     -0.00000
PD      0.37523      0.75000      0.62477      0.04226     -0.00000     -0.04226
PD      0.25000      0.87523      0.62477     -0.00000      0.04226     -0.04226
PD      0.25000      0.75000      0.75000      0.00000      0.00000      0.00000
PD      0.37523      0.87523      0.75000      0.04226      0.04226     -0.00000
PD      0.37523      0.75000      0.87523      0.04226      0.00000      0.04226
PD      0.25000      0.87523      0.87523      0.00000      0.04226      0.04226
PD      0.62379      0.12379      0.00000     -0.14305     -0.14305     -0.00000
PD      0.62379      0.00000      0.12379     -0.14305      0.00000     -0.14305
PD      0.50000      0.12379      0.12379      0.00000     -0.14305     -0.14305
PD      0.50000      0.00000      0.25000      0.00000      0.00000      0.00000
PD      0.62477      0.12477      0.25000     -0.04226     -0.04226      0.00000
PD      0.62379      0.00000      0.37621     -0.14305     -0.00000      0.14305
PD      0.50000      0.12379      0.37621      0.00000     -0.14305      0.14305
PD      0.50000      0.25000      0.00000      0.00000      0.00000      0.00000
PD      0.62379      0.37621      0.00000     -0.14305      0.14305     -0.00000
PD      0.62477      0.25000      0.12477     -0.04226     -0.00000     -0.04226
PD      0.50000      0.37621      0.12379     -0.00000      0.14305     -0.14305
PD      0.50000      0.25000      0.25000      0.00000      0.00000      0.00000
PD      0.62477      0.37523      0.25000     -0.04226      0.04226      0.00000
PD      0.62477      0.25000      0.37523     -0.04226      0.00000      0.04226
PD      0.50000      0.37621      0.37621      0.00000      0.14305      0.14305
PD      0.75000      0.00000      0.00000      0.00000      0.00000      0.00000
PD      0.87621      0.12379      0.00000      0.14305     -0.14305      0.00000
PD      0.87621      0.00000      0.12379      0.14305      0.00000     -0.14305
PD      0.75000      0.12477      0.12477      0.00000     -0.04226     -0.04226
PD      0.75000      0.00000      0.25000      0.00000      0.00000      0.00000
PD      0.87523      0.12477      0.25000      0.04226     -0.04226      0.00000
PD      0.87621      0.00000      0.37621      0.14305      0.00000      0.14305
PD      0.75000      0.12477      0.37523     -0.00000     -0.04226      0.04226
PD      0.75000      0.25000      0.00000      0.00000      0.00000      0.00000
PD      0.87621      0.37621      0.00000      0.14305      0.14305     -0.00000
PD      0.87523      0.25000      0.12477      0.04226     -0.00000     -0.04226
PD      0.75000      0.37523      0.12477     -0.00000      0.04226     -0.04226
PD      0.75000      0.25000      0.25000      0.00000      0.00000      0.00000
PD      0.87523      0.37523      0.25000      0.04226      0.04226     -0.00000
PD      0.87523      0.25000      0.37523      0.04226      0.00000      0.04226
PD      0.75000      0.37523      0.37523      0.00000      0.04226      0.04226
PD      0.62379      0.12379      0.50000     -0.14305     -0.14305     -0.00000
PD      0.62379      0.00000      0.62379     -0.14305      0.00000     -0.14305
PD      0.50000      0.12379      0.62379      0.00000     -0.14305     -0.14305
PD      0.50000      0.00000      0.75000      0.00000      0.00000      0.00000
PD      0.62477      0.12477      0.75000     -0.04226     -0.04226      0.00000
PD      0.62379      0.00000      0.87621     -0.14305     -0.00000      0.14305
PD      0.50000      0.12379      0.87621      0.00000     -0.14305      0.14305
PD      0.50000      0.25000      0.50000      0.00000      0.00000      0.00000
PD      0.62379      0.37621      0.50000     -0.14305      0.14305     -0.00000
PD      0.62477      0.25000      0.62477     -0.04226     -0.00000     -0.04226
PD      0.50000      0.37621      0.62379     -0.00000      0.14305     -0.14305
PD      0.50000      0.25000      0.75000      0.00000      0.00000      0.00000
PD      0.62477      0.37523      0.75000     -0.04226      0.04226      0.00000
PD      0.62477      0.25000      0.87523     -0.04226      0.00000      0.04226
PD      0.50000      0.37621      0.87621      0.00000      0.14305      0.14305
PD      0.75000      0.00000      0.50000      0.00000      0.00000      0.00000
PD      0.87621      0.12379      0.50000      0.14305     -0.14305      0.00000
PD      0.87621      0.00000      0.62379      0.14305      0.00000     -0.14305
PD      0.75000      0.12477      0.62477      0.00000     -0.04226     -0.04226
PD      0.75000      0.00000      0.75000      0.00000      0.00000      0.00000
PD      0.87523      0.12477      0.75000      0.04226     -0.04226      0.00000
PD      0.87621      0.00000      0.87621      0.14305      0.00000      0.14305
PD      0.75000      0.12477      0.87523     -0.00000     -0.04226      0.04226
PD      0.75000      0.25000      0.50000      0.00000      0.00000      0.00000
PD      0.87621      0.37621      0.50000      0.14305      0.14305     -0.00000
PD      0.87523      0.25000      0.62477      0.04226     -0.00000     -0.04226
PD      0.75000      0.37523      0.62477     -0.00000      0.04226     -0.04226
PD      0.75000      0.25000      0.75000      0.00000      0.00000      0.00000
PD      0.87523      0.37523      0.75000      0.04226      0.04226     -0.00000
PD      0.87523      0.25000      0.87523      0.04226      0.00000      0.04226
PD      0.75000      0.37523      0.87523      0.00000      0.04226      0.04226
PD      0.62379      0.62379      0.00000     -0.14305     -0.14305     -0.00000
PD      0.62379      0.50000      0.12379     -0.14305      0.00000     -0.14305
PD      0.50000      0.62379      0.12379      0.00000     -0.14305     -0.14305
PD      0.50000      0.50000      0.25000      0.00000      0.00000      0.00000
PD      0.62477      0.62477      0.25000     -0.04226     -0.04226      0.00000
PD      0.62379      0.50000      0.37621     -0.14305     -0.00000      0.14305
PD      0.50000      0.62379      0.37621      0.00000     -0.14305      0.14305
PD      0.50000      0.75000      0.00000      0.00000      0.00000      0.00000
PD      0.62379      0.87621      0.00000     -0.14305      0.14305     -0.00000
PD      0.62477      0.75000      0.12477     -0.04226     -0.00000     -0.04226
PD      0.50000      0.87621      0.12379     -0.00000      0.14305     -0.14305
PD      0.50000      0.75000      0.25000      0.00000      0.00000      0.00000
PD      0.62477      0.87523      0.25000     -0.04226      0.04226      0.00000
PD      0.62477      0.75000      0.37523     -0.04226      0.00000      0.04226
PD      0.50000      0.87621      0.37621      0.00000      0.14305      0.14305
PD      0.75000      0.50000      0.00000      0.00000      0.00000      0.00000
PD      0.87621      0.62379      0.00000      0.14305     -0.14305      0.00000
PD      0.87621      0.50000      0.12379      0.14305      0.00000     -0.14305
PD      0.75000      0.62477      0.12477      0.00000     -0.04226     -0.04226
PD      0.75000      0.50000      0.25000      0.00000      0.00000      0.00000
PD      0.87523      0.62477      0.25000      0.04226     -0.04226      0.00000
PD      0.87621      0.50000      0.37621      0.14305      0.00000      0.14305
PD      0.75000      0.62477      0.37523     -0.00000     -0.04226      0.04226
PD      0.75000      0.75000      0.00000      0.00000      0.00000      0.00000
PD      0.87621      0.87621      0.00000      0.14305      0.14305     -0.00000
PD      0.87523      0.75000      0.12477      0.04226     -0.00000     -0.04226
PD      0.75000      0.87523      0.12477     -0.00000      0.04226     -0.04226
PD      0.75000      0.75000      0.25000      0.00000      0.00000      0.00000
PD      0.87523      0.87523      0.25000      0.04226      0.04226     -0.00000
PD      0.87523      0.75000      0.37523      0.04226      0.00000      0.04226
PD      0.75000      0.87523      0.37523      0.00000      0.04226      0.04226
PD      0.62379      0.62379      0.50000     -0.14305     -0.14305     -0.00000
PD      0.62379      0.50000      0.62379     -0.14305      0.00000     -0.14305
PD      0.50000      0.62379      0.62379      0.00000     -0.14305     -0.14305
PD      0.50000      0.50000      0.75000      0.00000      0.00000      0.00000
PD      0.62477      0.62477      0.75000     -0.04226     -0.04226      0.00000
PD      0.62379      0.50000      0.87621     -0.14305     -0.00000      0.14305
PD      0.50000      0.62379      0.87621      0.00000     -0.14305      0.14305
PD      0.50000      0.75000      0.50000      0.00000      0.00000      0.00000
PD      0.62379      0.87621      0.50000     -0.14305      0.14305     -0.00000
PD      0.62477      0.75000      0.62477     -0.04226     -0.00000     -0.04226
PD      0.50000      0.87621      0.62379     -0.00000      0.14305     -0.14305
PD      0.50000      0.75000      0.75000      0.00000      0.00000      0.00000
PD      0.62477      0.87523      0.75000     -0.04226      0.04226      0.00000
PD      0.62477      0.75000      0.87523     -0.04226      0.00000      0.04226
PD      0.50000      0.87621      0.87621      0.00000      0.14305      0.14305
PD      0.75000      0.50000      0.50000      0.00000      0.00000      0.00000
PD      0.87621      0.62379      0.50000      0.14305     -0.14305      0.00000
PD      0.87621      0.50000      0.62379      0.14305      0.00000     -0.14305
PD      0.75000      0.62477      0.62477      0.00000     -0.04226     -0.04226
PD      0.75000      0.50000      0.75000      0.00000      0.00000      0.00000
PD      0.87523      0.62477      0.75000      0.04226     -0.04226      0.00000
PD      0.87621      0.50000      0.87621      0.14305      0.00000      0.14305
PD      0.75000      0.62477      0.87523     -0.00000     -0.04226      0.04226
PD      0.75000      0.75000      0.50000      0.00000      0.00000      0.00000
PD      0.87621      0.87621      0.50000      0.14305      0.14305     -0.00000
PD      0.87523      0.75000      0.62477      0.04226     -0.00000     -0.04226
PD      0.75000      0.87523      0.62477     -0.00000      0.04226     -0.04226
PD      0.75000      0.75000      0.75000      0.00000      0.00000      0.00000
PD      0.87523      0.87523      0.75000      0.04226      0.04226     -0.00000
PD      0.87523      0.75000      0.87523      0.04226      0.00000      0.04226
PD      0.75000      0.87523      0.87523      0.00000      0.04226      0.04226
