/* Converted from PWscf output file */ 
#L_UNITS ang 
#E_UNITS eV 
#S_UNITS GPA 
#F_UNITS EV/ANG 
#ALAT 	  15.69680     // a0 
#X 	   1.00000     0.00000     0.00000     // X 
#Y 	   0.00000     1.00000     0.00000     // Y 
#Z 	   0.00000     0.00000     1.00000     // Z 
#SX 	  17.64339     0.00000     0.00000     // SX 
#SY 	   0.00000    17.64339     0.00000     // SY 
#SZ 	   0.00000     0.00000    17.64339     // SZ 
#EPA 	  -3.79443     // Energy per Atom 
#C 	1 1 1 
#W 	1.0 
#RCUT 	6.5        // Rcut 
PD      0.12434      0.12434      0.00000     -0.49149     -0.49149      0.00000
PD      0.12434      0.00000      0.12434     -0.49149      0.00000     -0.49149
PD      0.00000      0.12434      0.12434     -0.00000     -0.49149     -0.49149
PD      0.00000      0.00000      0.25000      0.00000      0.00000      0.00000
PD      0.12494      0.12494      0.25000     -0.04758     -0.04758      0.00000
PD      0.12434      0.00000      0.37566     -0.49149      0.00000      0.49149
PD      0.00000      0.12434      0.37566     -0.00000     -0.49149      0.49149
PD      0.00000      0.25000      0.00000      0.00000      0.00000      0.00000
PD      0.12434      0.37566      0.00000     -0.49149      0.49149     -0.00000
PD      0.12494      0.25000      0.12494     -0.04758      0.00000     -0.04758
PD      0.00000      0.37566      0.12434      0.00000      0.49149     -0.49149
PD      0.00000      0.25000      0.25000      0.00000      0.00000      0.00000
PD      0.12494      0.37506      0.25000     -0.04758      0.04758      0.00000
PD      0.12494      0.25000      0.37506     -0.04758      0.00000      0.04758
PD      0.00000      0.37566      0.37566     -0.00000      0.49149      0.49149
PD      0.25000      0.00000      0.00000      0.00000      0.00000      0.00000
PD      0.37566      0.12434      0.00000      0.49149     -0.49149      0.00000
PD      0.37566      0.00000      0.12434      0.49149     -0.00000     -0.49149
PD      0.25000      0.12494      0.12494      0.00000     -0.04758     -0.04758
PD      0.25000      0.00000      0.25000      0.00000      0.00000      0.00000
PD      0.37506      0.12494      0.25000      0.04758     -0.04758      0.00000
PD      0.37566      0.00000      0.37566      0.49149     -0.00000      0.49149
PD      0.25000      0.12494      0.37506      0.00000     -0.04758      0.04758
PD      0.25000      0.25000      0.00000      0.00000      0.00000      0.00000
PD      0.37566      0.37566      0.00000      0.49149      0.49149      0.00000
PD      0.37506      0.25000      0.12494      0.04758      0.00000     -0.04758
PD      0.25000      0.37506      0.12494      0.00000      0.04758     -0.04758
PD      0.25000      0.25000      0.25000      0.00000      0.00000      0.00000
PD      0.37506      0.37506      0.25000      0.04758      0.04758      0.00000
PD      0.37506      0.25000      0.37506      0.04758      0.00000      0.04758
PD      0.25000      0.37506      0.37506      0.00000      0.04758      0.04758
PD      0.12434      0.12434      0.50000     -0.49149     -0.49149      0.00000
PD      0.12434      0.00000      0.62434     -0.49149      0.00000     -0.49149
PD      0.00000      0.12434      0.62434     -0.00000     -0.49149     -0.49149
PD      0.00000      0.00000      0.75000      0.00000      0.00000      0.00000
PD      0.12494      0.12494      0.75000     -0.04758     -0.04758      0.00000
PD      0.12434      0.00000      0.87566     -0.49149      0.00000      0.49149
PD      0.00000      0.12434      0.87566     -0.00000     -0.49149      0.49149
PD      0.00000      0.25000      0.50000      0.00000      0.00000      0.00000
PD      0.12434      0.37566      0.50000     -0.49149      0.49149     -0.00000
PD      0.12494      0.25000      0.62494     -0.04758      0.00000     -0.04758
PD      0.00000      0.37566      0.62434      0.00000      0.49149     -0.49149
PD      0.00000      0.25000      0.75000      0.00000      0.00000      0.00000
PD      0.12494      0.37506      0.75000     -0.04758      0.04758      0.00000
PD      0.12494      0.25000      0.87506     -0.04758      0.00000      0.04758
PD      0.00000      0.37566      0.87566     -0.00000      0.49149      0.49149
PD      0.25000      0.00000      0.50000      0.00000      0.00000      0.00000
PD      0.37566      0.12434      0.50000      0.49149     -0.49149      0.00000
PD      0.37566      0.00000      0.62434      0.49149     -0.00000     -0.49149
PD      0.25000      0.12494      0.62494      0.00000     -0.04758     -0.04758
PD      0.25000      0.00000      0.75000      0.00000      0.00000      0.00000
PD      0.37506      0.12494      0.75000      0.04758     -0.04758      0.00000
PD      0.37566      0.00000      0.87566      0.49149     -0.00000      0.49149
PD      0.25000      0.12494      0.87506      0.00000     -0.04758      0.04758
PD      0.25000      0.25000      0.50000      0.00000      0.00000      0.00000
PD      0.37566      0.37566      0.50000      0.49149      0.49149      0.00000
PD      0.37506      0.25000      0.62494      0.04758      0.00000     -0.04758
PD      0.25000      0.37506      0.62494      0.00000      0.04758     -0.04758
PD      0.25000      0.25000      0.75000      0.00000      0.00000      0.00000
PD      0.37506      0.37506      0.75000      0.04758      0.04758      0.00000
PD      0.37506      0.25000      0.87506      0.04758      0.00000      0.04758
PD      0.25000      0.37506      0.87506      0.00000      0.04758      0.04758
PD      0.12434      0.62434      0.00000     -0.49149     -0.49149      0.00000
PD      0.12434      0.50000      0.12434     -0.49149      0.00000     -0.49149
PD      0.00000      0.62434      0.12434     -0.00000     -0.49149     -0.49149
PD      0.00000      0.50000      0.25000      0.00000      0.00000      0.00000
PD      0.12494      0.62494      0.25000     -0.04758     -0.04758      0.00000
PD      0.12434      0.50000      0.37566     -0.49149      0.00000      0.49149
PD      0.00000      0.62434      0.37566     -0.00000     -0.49149      0.49149
PD      0.00000      0.75000      0.00000      0.00000      0.00000      0.00000
PD      0.12434      0.87566      0.00000     -0.49149      0.49149     -0.00000
PD      0.12494      0.75000      0.12494     -0.04758      0.00000     -0.04758
PD      0.00000      0.87566      0.12434      0.00000      0.49149     -0.49149
PD      0.00000      0.75000      0.25000      0.00000      0.00000      0.00000
PD      0.12494      0.87506      0.25000     -0.04758      0.04758      0.00000
PD      0.12494      0.75000      0.37506     -0.04758      0.00000      0.04758
PD      0.00000      0.87566      0.37566     -0.00000      0.49149      0.49149
PD      0.25000      0.50000      0.00000      0.00000      0.00000      0.00000
PD      0.37566      0.62434      0.00000      0.49149     -0.49149      0.00000
PD      0.37566      0.50000      0.12434      0.49149     -0.00000     -0.49149
PD      0.25000      0.62494      0.12494      0.00000     -0.04758     -0.04758
PD      0.25000      0.50000      0.25000      0.00000      0.00000      0.00000
PD      0.37506      0.62494      0.25000      0.04758     -0.04758      0.00000
PD      0.37566      0.50000      0.37566      0.49149     -0.00000      0.49149
PD      0.25000      0.62494      0.37506      0.00000     -0.04758      0.04758
PD      0.25000      0.75000      0.00000      0.00000      0.00000      0.00000
PD      0.37566      0.87566      0.00000      0.49149      0.49149      0.00000
PD      0.37506      0.75000      0.12494      0.04758      0.00000     -0.04758
PD      0.25000      0.87506      0.12494      0.00000      0.04758     -0.04758
PD      0.25000      0.75000      0.25000      0.00000      0.00000      0.00000
PD      0.37506      0.87506      0.25000      0.04758      0.04758      0.00000
PD      0.37506      0.75000      0.37506      0.04758      0.00000      0.04758
PD      0.25000      0.87506      0.37506      0.00000      0.04758      0.04758
PD      0.12434      0.62434      0.50000     -0.49149     -0.49149      0.00000
PD      0.12434      0.50000      0.62434     -0.49149      0.00000     -0.49149
PD      0.00000      0.62434      0.62434     -0.00000     -0.49149     -0.49149
PD      0.00000      0.50000      0.75000      0.00000      0.00000      0.00000
PD      0.12494      0.62494      0.75000     -0.04758     -0.04758      0.00000
PD      0.12434      0.50000      0.87566     -0.49149      0.00000      0.49149
PD      0.00000      0.62434      0.87566     -0.00000     -0.49149      0.49149
PD      0.00000      0.75000      0.50000      0.00000      0.00000      0.00000
PD      0.12434      0.87566      0.50000     -0.49149      0.49149     -0.00000
PD      0.12494      0.75000      0.62494     -0.04758      0.00000     -0.04758
PD      0.00000      0.87566      0.62434      0.00000      0.49149     -0.49149
PD      0.00000      0.75000      0.75000      0.00000      0.00000      0.00000
PD      0.12494      0.87506      0.75000     -0.04758      0.04758      0.00000
PD      0.12494      0.75000      0.87506     -0.04758      0.00000      0.04758
PD      0.00000      0.87566      0.87566     -0.00000      0.49149      0.49149
PD      0.25000      0.50000      0.50000      0.00000      0.00000      0.00000
PD      0.37566      0.62434      0.50000      0.49149     -0.49149      0.00000
PD      0.37566      0.50000      0.62434      0.49149     -0.00000     -0.49149
PD      0.25000      0.62494      0.62494      0.00000     -0.04758     -0.04758
PD      0.25000      0.50000      0.75000      0.00000      0.00000      0.00000
PD      0.37506      0.62494      0.75000      0.04758     -0.04758      0.00000
PD      0.37566      0.50000      0.87566      0.49149     -0.00000      0.49149
PD      0.25000      0.62494      0.87506      0.00000     -0.04758      0.04758
PD      0.25000      0.75000      0.50000      0.00000      0.00000      0.00000
PD      0.37566      0.87566      0.50000      0.49149      0.49149      0.00000
PD      0.37506      0.75000      0.62494      0.04758      0.00000     -0.04758
PD      0.25000      0.87506      0.62494      0.00000      0.04758     -0.04758
PD      0.25000      0.75000      0.75000      0.00000      0.00000      0.00000
PD      0.37506      0.87506      0.75000      0.04758      0.04758      0.00000
PD      0.37506      0.75000      0.87506      0.04758      0.00000      0.04758
PD      0.25000      0.87506      0.87506      0.00000      0.04758      0.04758
PD      0.62434      0.12434      0.00000     -0.49149     -0.49149      0.00000
PD      0.62434      0.00000      0.12434     -0.49149      0.00000     -0.49149
PD      0.50000      0.12434      0.12434     -0.00000     -0.49149     -0.49149
PD      0.50000      0.00000      0.25000      0.00000      0.00000      0.00000
PD      0.62494      0.12494      0.25000     -0.04758     -0.04758      0.00000
PD      0.62434      0.00000      0.37566     -0.49149      0.00000      0.49149
PD      0.50000      0.12434      0.37566     -0.00000     -0.49149      0.49149
PD      0.50000      0.25000      0.00000      0.00000      0.00000      0.00000
PD      0.62434      0.37566      0.00000     -0.49149      0.49149     -0.00000
PD      0.62494      0.25000      0.12494     -0.04758      0.00000     -0.04758
PD      0.50000      0.37566      0.12434      0.00000      0.49149     -0.49149
PD      0.50000      0.25000      0.25000      0.00000      0.00000      0.00000
PD      0.62494      0.37506      0.25000     -0.04758      0.04758      0.00000
PD      0.62494      0.25000      0.37506     -0.04758      0.00000      0.04758
PD      0.50000      0.37566      0.37566     -0.00000      0.49149      0.49149
PD      0.75000      0.00000      0.00000      0.00000      0.00000      0.00000
PD      0.87566      0.12434      0.00000      0.49149     -0.49149      0.00000
PD      0.87566      0.00000      0.12434      0.49149     -0.00000     -0.49149
PD      0.75000      0.12494      0.12494      0.00000     -0.04758     -0.04758
PD      0.75000      0.00000      0.25000      0.00000      0.00000      0.00000
PD      0.87506      0.12494      0.25000      0.04758     -0.04758      0.00000
PD      0.87566      0.00000      0.37566      0.49149     -0.00000      0.49149
PD      0.75000      0.12494      0.37506      0.00000     -0.04758      0.04758
PD      0.75000      0.25000      0.00000      0.00000      0.00000      0.00000
PD      0.87566      0.37566      0.00000      0.49149      0.49149      0.00000
PD      0.87506      0.25000      0.12494      0.04758      0.00000     -0.04758
PD      0.75000      0.37506      0.12494      0.00000      0.04758     -0.04758
PD      0.75000      0.25000      0.25000      0.00000      0.00000      0.00000
PD      0.87506      0.37506      0.25000      0.04758      0.04758      0.00000
PD      0.87506      0.25000      0.37506      0.04758      0.00000      0.04758
PD      0.75000      0.37506      0.37506      0.00000      0.04758      0.04758
PD      0.62434      0.12434      0.50000     -0.49149     -0.49149      0.00000
PD      0.62434      0.00000      0.62434     -0.49149      0.00000     -0.49149
PD      0.50000      0.12434      0.62434     -0.00000     -0.49149     -0.49149
PD      0.50000      0.00000      0.75000      0.00000      0.00000      0.00000
PD      0.62494      0.12494      0.75000     -0.04758     -0.04758      0.00000
PD      0.62434      0.00000      0.87566     -0.49149      0.00000      0.49149
PD      0.50000      0.12434      0.87566     -0.00000     -0.49149      0.49149
PD      0.50000      0.25000      0.50000      0.00000      0.00000      0.00000
PD      0.62434      0.37566      0.50000     -0.49149      0.49149     -0.00000
PD      0.62494      0.25000      0.62494     -0.04758      0.00000     -0.04758
PD      0.50000      0.37566      0.62434      0.00000      0.49149     -0.49149
PD      0.50000      0.25000      0.75000      0.00000      0.00000      0.00000
PD      0.62494      0.37506      0.75000     -0.04758      0.04758      0.00000
PD      0.62494      0.25000      0.87506     -0.04758      0.00000      0.04758
PD      0.50000      0.37566      0.87566     -0.00000      0.49149      0.49149
PD      0.75000      0.00000      0.50000      0.00000      0.00000      0.00000
PD      0.87566      0.12434      0.50000      0.49149     -0.49149      0.00000
PD      0.87566      0.00000      0.62434      0.49149     -0.00000     -0.49149
PD      0.75000      0.12494      0.62494      0.00000     -0.04758     -0.04758
PD      0.75000      0.00000      0.75000      0.00000      0.00000      0.00000
PD      0.87506      0.12494      0.75000      0.04758     -0.04758      0.00000
PD      0.87566      0.00000      0.87566      0.49149     -0.00000      0.49149
PD      0.75000      0.12494      0.87506      0.00000     -0.04758      0.04758
PD      0.75000      0.25000      0.50000      0.00000      0.00000      0.00000
PD      0.87566      0.37566      0.50000      0.49149      0.49149      0.00000
PD      0.87506      0.25000      0.62494      0.04758      0.00000     -0.04758
PD      0.75000      0.37506      0.62494      0.00000      0.04758     -0.04758
PD      0.75000      0.25000      0.75000      0.00000      0.00000      0.00000
PD      0.87506      0.37506      0.75000      0.04758      0.04758      0.00000
PD      0.87506      0.25000      0.87506      0.04758      0.00000      0.04758
PD      0.75000      0.37506      0.87506      0.00000      0.04758      0.04758
PD      0.62434      0.62434      0.00000     -0.49149     -0.49149      0.00000
PD      0.62434      0.50000      0.12434     -0.49149      0.00000     -0.49149
PD      0.50000      0.62434      0.12434     -0.00000     -0.49149     -0.49149
PD      0.50000      0.50000      0.25000      0.00000      0.00000      0.00000
PD      0.62494      0.62494      0.25000     -0.04758     -0.04758      0.00000
PD      0.62434      0.50000      0.37566     -0.49149      0.00000      0.49149
PD      0.50000      0.62434      0.37566     -0.00000     -0.49149      0.49149
PD      0.50000      0.75000      0.00000      0.00000      0.00000      0.00000
PD      0.62434      0.87566      0.00000     -0.49149      0.49149     -0.00000
PD      0.62494      0.75000      0.12494     -0.04758      0.00000     -0.04758
PD      0.50000      0.87566      0.12434      0.00000      0.49149     -0.49149
PD      0.50000      0.75000      0.25000      0.00000      0.00000      0.00000
PD      0.62494      0.87506      0.25000     -0.04758      0.04758      0.00000
PD      0.62494      0.75000      0.37506     -0.04758      0.00000      0.04758
PD      0.50000      0.87566      0.37566     -0.00000      0.49149      0.49149
PD      0.75000      0.50000      0.00000      0.00000      0.00000      0.00000
PD      0.87566      0.62434      0.00000      0.49149     -0.49149      0.00000
PD      0.87566      0.50000      0.12434      0.49149     -0.00000     -0.49149
PD      0.75000      0.62494      0.12494      0.00000     -0.04758     -0.04758
PD      0.75000      0.50000      0.25000      0.00000      0.00000      0.00000
PD      0.87506      0.62494      0.25000      0.04758     -0.04758      0.00000
PD      0.87566      0.50000      0.37566      0.49149     -0.00000      0.49149
PD      0.75000      0.62494      0.37506      0.00000     -0.04758      0.04758
PD      0.75000      0.75000      0.00000      0.00000      0.00000      0.00000
PD      0.87566      0.87566      0.00000      0.49149      0.49149      0.00000
PD      0.87506      0.75000      0.12494      0.04758      0.00000     -0.04758
PD      0.75000      0.87506      0.12494      0.00000      0.04758     -0.04758
PD      0.75000      0.75000      0.25000      0.00000      0.00000      0.00000
PD      0.87506      0.87506      0.25000      0.04758      0.04758      0.00000
PD      0.87506      0.75000      0.37506      0.04758      0.00000      0.04758
PD      0.75000      0.87506      0.37506      0.00000      0.04758      0.04758
PD      0.62434      0.62434      0.50000     -0.49149     -0.49149      0.00000
PD      0.62434      0.50000      0.62434     -0.49149      0.00000     -0.49149
PD      0.50000      0.62434      0.62434     -0.00000     -0.49149     -0.49149
PD      0.50000      0.50000      0.75000      0.00000      0.00000      0.00000
PD      0.62494      0.62494      0.75000     -0.04758     -0.04758      0.00000
PD      0.62434      0.50000      0.87566     -0.49149      0.00000      0.49149
PD      0.50000      0.62434      0.87566     -0.00000     -0.49149      0.49149
PD      0.50000      0.75000      0.50000      0.00000      0.00000      0.00000
PD      0.62434      0.87566      0.50000     -0.49149      0.49149     -0.00000
PD      0.62494      0.75000      0.62494     -0.04758      0.00000     -0.04758
PD      0.50000      0.87566      0.62434      0.00000      0.49149     -0.49149
PD      0.50000      0.75000      0.75000      0.00000      0.00000      0.00000
PD      0.62494      0.87506      0.75000     -0.04758      0.04758      0.00000
PD      0.62494      0.75000      0.87506     -0.04758      0.00000      0.04758
PD      0.50000      0.87566      0.87566     -0.00000      0.49149      0.49149
PD      0.75000      0.50000      0.50000      0.00000      0.00000      0.00000
PD      0.87566      0.62434      0.50000      0.49149     -0.49149      0.00000
PD      0.87566      0.50000      0.62434      0.49149     -0.00000     -0.49149
PD      0.75000      0.62494      0.62494      0.00000     -0.04758     -0.04758
PD      0.75000      0.50000      0.75000      0.00000      0.00000      0.00000
PD      0.87506      0.62494      0.75000      0.04758     -0.04758      0.00000
PD      0.87566      0.50000      0.87566      0.49149     -0.00000      0.49149
PD      0.75000      0.62494      0.87506      0.00000     -0.04758      0.04758
PD      0.75000      0.75000      0.50000      0.00000      0.00000      0.00000
PD      0.87566      0.87566      0.50000      0.49149      0.49149      0.00000
PD      0.87506      0.75000      0.62494      0.04758      0.00000     -0.04758
PD      0.75000      0.87506      0.62494      0.00000      0.04758     -0.04758
PD      0.75000      0.75000      0.75000      0.00000      0.00000      0.00000
PD      0.87506      0.87506      0.75000      0.04758      0.04758      0.00000
PD      0.87506      0.75000      0.87506      0.04758      0.00000      0.04758
PD      0.75000      0.87506      0.87506      0.00000      0.04758      0.04758
