/* Converted from PWscf output file */ 
#L_UNITS ang 
#E_UNITS eV 
#S_UNITS GPA 
#F_UNITS EV/ANG 
#ALAT 	  15.62782     // a0 
#X 	   1.00000     0.00000     0.00000     // X 
#Y 	   0.00000     1.00000     0.00000     // Y 
#Z 	   0.00000     0.00000     1.00000     // Z 
#SX 	   0.33032     0.00000     0.00000     // SX 
#SY 	   0.00000     0.33032     0.00000     // SY 
#SZ 	   0.00000     0.00000     0.33032     // SZ 
#EPA 	  -3.85748     // Energy per Atom 
#C 	1 1 1 
#W 	1.0 
#RCUT 	6.5        // Rcut 
PD      0.12331      0.12331      0.00000     -0.10672     -0.10672      0.00000
PD      0.12331      0.00000      0.12331     -0.10672      0.00000     -0.10672
PD      0.00000      0.12331      0.12331      0.00000     -0.10672     -0.10672
PD      0.00000      0.00000      0.25000      0.00000      0.00000      0.00000
PD      0.12462      0.12462      0.25000     -0.03607     -0.03607      0.00000
PD      0.12331      0.00000      0.37669     -0.10672      0.00000      0.10672
PD      0.00000      0.12331      0.37669      0.00000     -0.10672      0.10672
PD      0.00000      0.25000      0.00000      0.00000      0.00000      0.00000
PD      0.12331      0.37669      0.00000     -0.10672      0.10672     -0.00000
PD      0.12462      0.25000      0.12462     -0.03607      0.00000     -0.03607
PD      0.00000      0.37669      0.12331      0.00000      0.10672     -0.10672
PD      0.00000      0.25000      0.25000      0.00000      0.00000      0.00000
PD      0.12462      0.37538      0.25000     -0.03607      0.03607     -0.00000
PD      0.12462      0.25000      0.37538     -0.03607     -0.00000      0.03607
PD      0.00000      0.37669      0.37669      0.00000      0.10672      0.10672
PD      0.25000      0.00000      0.00000      0.00000      0.00000      0.00000
PD      0.37669      0.12331      0.00000      0.10672     -0.10672     -0.00000
PD      0.37669      0.00000      0.12331      0.10672      0.00000     -0.10672
PD      0.25000      0.12462      0.12462      0.00000     -0.03607     -0.03607
PD      0.25000      0.00000      0.25000      0.00000      0.00000      0.00000
PD      0.37538      0.12462      0.25000      0.03607     -0.03607     -0.00000
PD      0.37669      0.00000      0.37669      0.10672      0.00000      0.10672
PD      0.25000      0.12462      0.37538      0.00000     -0.03607      0.03607
PD      0.25000      0.25000      0.00000      0.00000      0.00000      0.00000
PD      0.37669      0.37669      0.00000      0.10672      0.10672      0.00000
PD      0.37538      0.25000      0.12462      0.03607     -0.00000     -0.03607
PD      0.25000      0.37538      0.12462      0.00000      0.03607     -0.03607
PD      0.25000      0.25000      0.25000      0.00000      0.00000      0.00000
PD      0.37538      0.37538      0.25000      0.03607      0.03607     -0.00000
PD      0.37538      0.25000      0.37538      0.03607      0.00000      0.03607
PD      0.25000      0.37538      0.37538      0.00000      0.03607      0.03607
PD      0.12331      0.12331      0.50000     -0.10672     -0.10672      0.00000
PD      0.12331      0.00000      0.62331     -0.10672      0.00000     -0.10672
PD      0.00000      0.12331      0.62331      0.00000     -0.10672     -0.10672
PD      0.00000      0.00000      0.75000      0.00000      0.00000      0.00000
PD      0.12462      0.12462      0.75000     -0.03607     -0.03607      0.00000
PD      0.12331      0.00000      0.87669     -0.10672      0.00000      0.10672
PD      0.00000      0.12331      0.87669      0.00000     -0.10672      0.10672
PD      0.00000      0.25000      0.50000      0.00000      0.00000      0.00000
PD      0.12331      0.37669      0.50000     -0.10672      0.10672     -0.00000
PD      0.12462      0.25000      0.62462     -0.03607      0.00000     -0.03607
PD      0.00000      0.37669      0.62331      0.00000      0.10672     -0.10672
PD      0.00000      0.25000      0.75000      0.00000      0.00000      0.00000
PD      0.12462      0.37538      0.75000     -0.03607      0.03607     -0.00000
PD      0.12462      0.25000      0.87538     -0.03607     -0.00000      0.03607
PD      0.00000      0.37669      0.87669      0.00000      0.10672      0.10672
PD      0.25000      0.00000      0.50000      0.00000      0.00000      0.00000
PD      0.37669      0.12331      0.50000      0.10672     -0.10672     -0.00000
PD      0.37669      0.00000      0.62331      0.10672      0.00000     -0.10672
PD      0.25000      0.12462      0.62462      0.00000     -0.03607     -0.03607
PD      0.25000      0.00000      0.75000      0.00000      0.00000      0.00000
PD      0.37538      0.12462      0.75000      0.03607     -0.03607     -0.00000
PD      0.37669      0.00000      0.87669      0.10672      0.00000      0.10672
PD      0.25000      0.12462      0.87538      0.00000     -0.03607      0.03607
PD      0.25000      0.25000      0.50000      0.00000      0.00000      0.00000
PD      0.37669      0.37669      0.50000      0.10672      0.10672      0.00000
PD      0.37538      0.25000      0.62462      0.03607     -0.00000     -0.03607
PD      0.25000      0.37538      0.62462      0.00000      0.03607     -0.03607
PD      0.25000      0.25000      0.75000      0.00000      0.00000      0.00000
PD      0.37538      0.37538      0.75000      0.03607      0.03607     -0.00000
PD      0.37538      0.25000      0.87538      0.03607      0.00000      0.03607
PD      0.25000      0.37538      0.87538      0.00000      0.03607      0.03607
PD      0.12331      0.62331      0.00000     -0.10672     -0.10672      0.00000
PD      0.12331      0.50000      0.12331     -0.10672      0.00000     -0.10672
PD      0.00000      0.62331      0.12331      0.00000     -0.10672     -0.10672
PD      0.00000      0.50000      0.25000      0.00000      0.00000      0.00000
PD      0.12462      0.62462      0.25000     -0.03607     -0.03607      0.00000
PD      0.12331      0.50000      0.37669     -0.10672      0.00000      0.10672
PD      0.00000      0.62331      0.37669      0.00000     -0.10672      0.10672
PD      0.00000      0.75000      0.00000      0.00000      0.00000      0.00000
PD      0.12331      0.87669      0.00000     -0.10672      0.10672     -0.00000
PD      0.12462      0.75000      0.12462     -0.03607      0.00000     -0.03607
PD      0.00000      0.87669      0.12331      0.00000      0.10672     -0.10672
PD      0.00000      0.75000      0.25000      0.00000      0.00000      0.00000
PD      0.12462      0.87538      0.25000     -0.03607      0.03607     -0.00000
PD      0.12462      0.75000      0.37538     -0.03607     -0.00000      0.03607
PD      0.00000      0.87669      0.37669      0.00000      0.10672      0.10672
PD      0.25000      0.50000      0.00000      0.00000      0.00000      0.00000
PD      0.37669      0.62331      0.00000      0.10672     -0.10672     -0.00000
PD      0.37669      0.50000      0.12331      0.10672      0.00000     -0.10672
PD      0.25000      0.62462      0.12462      0.00000     -0.03607     -0.03607
PD      0.25000      0.50000      0.25000      0.00000      0.00000      0.00000
PD      0.37538      0.62462      0.25000      0.03607     -0.03607     -0.00000
PD      0.37669      0.50000      0.37669      0.10672      0.00000      0.10672
PD      0.25000      0.62462      0.37538      0.00000     -0.03607      0.03607
PD      0.25000      0.75000      0.00000      0.00000      0.00000      0.00000
PD      0.37669      0.87669      0.00000      0.10672      0.10672      0.00000
PD      0.37538      0.75000      0.12462      0.03607     -0.00000     -0.03607
PD      0.25000      0.87538      0.12462      0.00000      0.03607     -0.03607
PD      0.25000      0.75000      0.25000      0.00000      0.00000      0.00000
PD      0.37538      0.87538      0.25000      0.03607      0.03607     -0.00000
PD      0.37538      0.75000      0.37538      0.03607      0.00000      0.03607
PD      0.25000      0.87538      0.37538      0.00000      0.03607      0.03607
PD      0.12331      0.62331      0.50000     -0.10672     -0.10672      0.00000
PD      0.12331      0.50000      0.62331     -0.10672      0.00000     -0.10672
PD      0.00000      0.62331      0.62331      0.00000     -0.10672     -0.10672
PD      0.00000      0.50000      0.75000      0.00000      0.00000      0.00000
PD      0.12462      0.62462      0.75000     -0.03607     -0.03607      0.00000
PD      0.12331      0.50000      0.87669     -0.10672      0.00000      0.10672
PD      0.00000      0.62331      0.87669      0.00000     -0.10672      0.10672
PD      0.00000      0.75000      0.50000      0.00000      0.00000      0.00000
PD      0.12331      0.87669      0.50000     -0.10672      0.10672     -0.00000
PD      0.12462      0.75000      0.62462     -0.03607      0.00000     -0.03607
PD      0.00000      0.87669      0.62331      0.00000      0.10672     -0.10672
PD      0.00000      0.75000      0.75000      0.00000      0.00000      0.00000
PD      0.12462      0.87538      0.75000     -0.03607      0.03607     -0.00000
PD      0.12462      0.75000      0.87538     -0.03607     -0.00000      0.03607
PD      0.00000      0.87669      0.87669      0.00000      0.10672      0.10672
PD      0.25000      0.50000      0.50000      0.00000      0.00000      0.00000
PD      0.37669      0.62331      0.50000      0.10672     -0.10672     -0.00000
PD      0.37669      0.50000      0.62331      0.10672      0.00000     -0.10672
PD      0.25000      0.62462      0.62462      0.00000     -0.03607     -0.03607
PD      0.25000      0.50000      0.75000      0.00000      0.00000      0.00000
PD      0.37538      0.62462      0.75000      0.03607     -0.03607     -0.00000
PD      0.37669      0.50000      0.87669      0.10672      0.00000      0.10672
PD      0.25000      0.62462      0.87538      0.00000     -0.03607      0.03607
PD      0.25000      0.75000      0.50000      0.00000      0.00000      0.00000
PD      0.37669      0.87669      0.50000      0.10672      0.10672      0.00000
PD      0.37538      0.75000      0.62462      0.03607     -0.00000     -0.03607
PD      0.25000      0.87538      0.62462      0.00000      0.03607     -0.03607
PD      0.25000      0.75000      0.75000      0.00000      0.00000      0.00000
PD      0.37538      0.87538      0.75000      0.03607      0.03607     -0.00000
PD      0.37538      0.75000      0.87538      0.03607      0.00000      0.03607
PD      0.25000      0.87538      0.87538      0.00000      0.03607      0.03607
PD      0.62331      0.12331      0.00000     -0.10672     -0.10672      0.00000
PD      0.62331      0.00000      0.12331     -0.10672      0.00000     -0.10672
PD      0.50000      0.12331      0.12331      0.00000     -0.10672     -0.10672
PD      0.50000      0.00000      0.25000      0.00000      0.00000      0.00000
PD      0.62462      0.12462      0.25000     -0.03607     -0.03607      0.00000
PD      0.62331      0.00000      0.37669     -0.10672      0.00000      0.10672
PD      0.50000      0.12331      0.37669      0.00000     -0.10672      0.10672
PD      0.50000      0.25000      0.00000      0.00000      0.00000      0.00000
PD      0.62331      0.37669      0.00000     -0.10672      0.10672     -0.00000
PD      0.62462      0.25000      0.12462     -0.03607      0.00000     -0.03607
PD      0.50000      0.37669      0.12331      0.00000      0.10672     -0.10672
PD      0.50000      0.25000      0.25000      0.00000      0.00000      0.00000
PD      0.62462      0.37538      0.25000     -0.03607      0.03607     -0.00000
PD      0.62462      0.25000      0.37538     -0.03607     -0.00000      0.03607
PD      0.50000      0.37669      0.37669      0.00000      0.10672      0.10672
PD      0.75000      0.00000      0.00000      0.00000      0.00000      0.00000
PD      0.87669      0.12331      0.00000      0.10672     -0.10672     -0.00000
PD      0.87669      0.00000      0.12331      0.10672      0.00000     -0.10672
PD      0.75000      0.12462      0.12462      0.00000     -0.03607     -0.03607
PD      0.75000      0.00000      0.25000      0.00000      0.00000      0.00000
PD      0.87538      0.12462      0.25000      0.03607     -0.03607     -0.00000
PD      0.87669      0.00000      0.37669      0.10672      0.00000      0.10672
PD      0.75000      0.12462      0.37538      0.00000     -0.03607      0.03607
PD      0.75000      0.25000      0.00000      0.00000      0.00000      0.00000
PD      0.87669      0.37669      0.00000      0.10672      0.10672      0.00000
PD      0.87538      0.25000      0.12462      0.03607     -0.00000     -0.03607
PD      0.75000      0.37538      0.12462      0.00000      0.03607     -0.03607
PD      0.75000      0.25000      0.25000      0.00000      0.00000      0.00000
PD      0.87538      0.37538      0.25000      0.03607      0.03607     -0.00000
PD      0.87538      0.25000      0.37538      0.03607      0.00000      0.03607
PD      0.75000      0.37538      0.37538      0.00000      0.03607      0.03607
PD      0.62331      0.12331      0.50000     -0.10672     -0.10672      0.00000
PD      0.62331      0.00000      0.62331     -0.10672      0.00000     -0.10672
PD      0.50000      0.12331      0.62331      0.00000     -0.10672     -0.10672
PD      0.50000      0.00000      0.75000      0.00000      0.00000      0.00000
PD      0.62462      0.12462      0.75000     -0.03607     -0.03607      0.00000
PD      0.62331      0.00000      0.87669     -0.10672      0.00000      0.10672
PD      0.50000      0.12331      0.87669      0.00000     -0.10672      0.10672
PD      0.50000      0.25000      0.50000      0.00000      0.00000      0.00000
PD      0.62331      0.37669      0.50000     -0.10672      0.10672     -0.00000
PD      0.62462      0.25000      0.62462     -0.03607      0.00000     -0.03607
PD      0.50000      0.37669      0.62331      0.00000      0.10672     -0.10672
PD      0.50000      0.25000      0.75000      0.00000      0.00000      0.00000
PD      0.62462      0.37538      0.75000     -0.03607      0.03607     -0.00000
PD      0.62462      0.25000      0.87538     -0.03607     -0.00000      0.03607
PD      0.50000      0.37669      0.87669      0.00000      0.10672      0.10672
PD      0.75000      0.00000      0.50000      0.00000      0.00000      0.00000
PD      0.87669      0.12331      0.50000      0.10672     -0.10672     -0.00000
PD      0.87669      0.00000      0.62331      0.10672      0.00000     -0.10672
PD      0.75000      0.12462      0.62462      0.00000     -0.03607     -0.03607
PD      0.75000      0.00000      0.75000      0.00000      0.00000      0.00000
PD      0.87538      0.12462      0.75000      0.03607     -0.03607     -0.00000
PD      0.87669      0.00000      0.87669      0.10672      0.00000      0.10672
PD      0.75000      0.12462      0.87538      0.00000     -0.03607      0.03607
PD      0.75000      0.25000      0.50000      0.00000      0.00000      0.00000
PD      0.87669      0.37669      0.50000      0.10672      0.10672      0.00000
PD      0.87538      0.25000      0.62462      0.03607     -0.00000     -0.03607
PD      0.75000      0.37538      0.62462      0.00000      0.03607     -0.03607
PD      0.75000      0.25000      0.75000      0.00000      0.00000      0.00000
PD      0.87538      0.37538      0.75000      0.03607      0.03607     -0.00000
PD      0.87538      0.25000      0.87538      0.03607      0.00000      0.03607
PD      0.75000      0.37538      0.87538      0.00000      0.03607      0.03607
PD      0.62331      0.62331      0.00000     -0.10672     -0.10672      0.00000
PD      0.62331      0.50000      0.12331     -0.10672      0.00000     -0.10672
PD      0.50000      0.62331      0.12331      0.00000     -0.10672     -0.10672
PD      0.50000      0.50000      0.25000      0.00000      0.00000      0.00000
PD      0.62462      0.62462      0.25000     -0.03607     -0.03607      0.00000
PD      0.62331      0.50000      0.37669     -0.10672      0.00000      0.10672
PD      0.50000      0.62331      0.37669      0.00000     -0.10672      0.10672
PD      0.50000      0.75000      0.00000      0.00000      0.00000      0.00000
PD      0.62331      0.87669      0.00000     -0.10672      0.10672     -0.00000
PD      0.62462      0.75000      0.12462     -0.03607      0.00000     -0.03607
PD      0.50000      0.87669      0.12331      0.00000      0.10672     -0.10672
PD      0.50000      0.75000      0.25000      0.00000      0.00000      0.00000
PD      0.62462      0.87538      0.25000     -0.03607      0.03607     -0.00000
PD      0.62462      0.75000      0.37538     -0.03607     -0.00000      0.03607
PD      0.50000      0.87669      0.37669      0.00000      0.10672      0.10672
PD      0.75000      0.50000      0.00000      0.00000      0.00000      0.00000
PD      0.87669      0.62331      0.00000      0.10672     -0.10672     -0.00000
PD      0.87669      0.50000      0.12331      0.10672      0.00000     -0.10672
PD      0.75000      0.62462      0.12462      0.00000     -0.03607     -0.03607
PD      0.75000      0.50000      0.25000      0.00000      0.00000      0.00000
PD      0.87538      0.62462      0.25000      0.03607     -0.03607     -0.00000
PD      0.87669      0.50000      0.37669      0.10672      0.00000      0.10672
PD      0.75000      0.62462      0.37538      0.00000     -0.03607      0.03607
PD      0.75000      0.75000      0.00000      0.00000      0.00000      0.00000
PD      0.87669      0.87669      0.00000      0.10672      0.10672      0.00000
PD      0.87538      0.75000      0.12462      0.03607     -0.00000     -0.03607
PD      0.75000      0.87538      0.12462      0.00000      0.03607     -0.03607
PD      0.75000      0.75000      0.25000      0.00000      0.00000      0.00000
PD      0.87538      0.87538      0.25000      0.03607      0.03607     -0.00000
PD      0.87538      0.75000      0.37538      0.03607      0.00000      0.03607
PD      0.75000      0.87538      0.37538      0.00000      0.03607      0.03607
PD      0.62331      0.62331      0.50000     -0.10672     -0.10672      0.00000
PD      0.62331      0.50000      0.62331     -0.10672      0.00000     -0.10672
PD      0.50000      0.62331      0.62331      0.00000     -0.10672     -0.10672
PD      0.50000      0.50000      0.75000      0.00000      0.00000      0.00000
PD      0.62462      0.62462      0.75000     -0.03607     -0.03607      0.00000
PD      0.62331      0.50000      0.87669     -0.10672      0.00000      0.10672
PD      0.50000      0.62331      0.87669      0.00000     -0.10672      0.10672
PD      0.50000      0.75000      0.50000      0.00000      0.00000      0.00000
PD      0.62331      0.87669      0.50000     -0.10672      0.10672     -0.00000
PD      0.62462      0.75000      0.62462     -0.03607      0.00000     -0.03607
PD      0.50000      0.87669      0.62331      0.00000      0.10672     -0.10672
PD      0.50000      0.75000      0.75000      0.00000      0.00000      0.00000
PD      0.62462      0.87538      0.75000     -0.03607      0.03607     -0.00000
PD      0.62462      0.75000      0.87538     -0.03607     -0.00000      0.03607
PD      0.50000      0.87669      0.87669      0.00000      0.10672      0.10672
PD      0.75000      0.50000      0.50000      0.00000      0.00000      0.00000
PD      0.87669      0.62331      0.50000      0.10672     -0.10672     -0.00000
PD      0.87669      0.50000      0.62331      0.10672      0.00000     -0.10672
PD      0.75000      0.62462      0.62462      0.00000     -0.03607     -0.03607
PD      0.75000      0.50000      0.75000      0.00000      0.00000      0.00000
PD      0.87538      0.62462      0.75000      0.03607     -0.03607     -0.00000
PD      0.87669      0.50000      0.87669      0.10672      0.00000      0.10672
PD      0.75000      0.62462      0.87538      0.00000     -0.03607      0.03607
PD      0.75000      0.75000      0.50000      0.00000      0.00000      0.00000
PD      0.87669      0.87669      0.50000      0.10672      0.10672      0.00000
PD      0.87538      0.75000      0.62462      0.03607     -0.00000     -0.03607
PD      0.75000      0.87538      0.62462      0.00000      0.03607     -0.03607
PD      0.75000      0.75000      0.75000      0.00000      0.00000      0.00000
PD      0.87538      0.87538      0.75000      0.03607      0.03607     -0.00000
PD      0.87538      0.75000      0.87538      0.03607      0.00000      0.03607
PD      0.75000      0.87538      0.87538      0.00000      0.03607      0.03607
