/* Converted from PWscf output file */ 
#L_UNITS ang 
#E_UNITS eV 
#S_UNITS GPA 
#F_UNITS EV/ANG 
#ALAT 	  15.69680     // a0 
#X 	   1.00000     0.00000     0.00000     // X 
#Y 	   0.00000     1.00000     0.00000     // Y 
#Z 	   0.00000     0.00000     1.00000     // Z 
#SX 	  -1.85941     0.00000     0.00000     // SX 
#SY 	   0.00000    -1.85941     0.00000     // SY 
#SZ 	   0.00000     0.00000    -1.85941     // SZ 
#EPA 	  -3.85559     // Energy per Atom 
#C 	1 1 1 
#W 	1.0 
#RCUT 	6.5        // Rcut 
PD      0.12415      0.12415      0.00000     -0.14893     -0.14893      0.00000
PD      0.12415      0.00000      0.12415     -0.14893      0.00000     -0.14893
PD      0.00000      0.12415      0.12415      0.00000     -0.14893     -0.14893
PD      0.00000      0.00000      0.25000      0.00000      0.00000      0.00000
PD      0.12488      0.12488      0.25000     -0.04559     -0.04559      0.00000
PD      0.12415      0.00000      0.37585     -0.14893      0.00000      0.14893
PD      0.00000      0.12415      0.37585      0.00000     -0.14893      0.14893
PD      0.00000      0.25000      0.00000      0.00000      0.00000      0.00000
PD      0.12415      0.37585      0.00000     -0.14893      0.14893      0.00000
PD      0.12488      0.25000      0.12488     -0.04559     -0.00000     -0.04559
PD      0.00000      0.37585      0.12415      0.00000      0.14893     -0.14893
PD      0.00000      0.25000      0.25000      0.00000      0.00000      0.00000
PD      0.12488      0.37512      0.25000     -0.04559      0.04559      0.00000
PD      0.12488      0.25000      0.37512     -0.04559     -0.00000      0.04559
PD      0.00000      0.37585      0.37585      0.00000      0.14893      0.14893
PD      0.25000      0.00000      0.00000      0.00000      0.00000      0.00000
PD      0.37585      0.12415      0.00000      0.14893     -0.14893      0.00000
PD      0.37585      0.00000      0.12415      0.14893     -0.00000     -0.14893
PD      0.25000      0.12488      0.12488     -0.00000     -0.04559     -0.04559
PD      0.25000      0.00000      0.25000      0.00000      0.00000      0.00000
PD      0.37512      0.12488      0.25000      0.04559     -0.04559      0.00000
PD      0.37585      0.00000      0.37585      0.14893     -0.00000      0.14893
PD      0.25000      0.12488      0.37512      0.00000     -0.04559      0.04559
PD      0.25000      0.25000      0.00000      0.00000      0.00000      0.00000
PD      0.37585      0.37585      0.00000      0.14893      0.14893      0.00000
PD      0.37512      0.25000      0.12488      0.04559      0.00000     -0.04559
PD      0.25000      0.37512      0.12488      0.00000      0.04559     -0.04559
PD      0.25000      0.25000      0.25000      0.00000      0.00000      0.00000
PD      0.37512      0.37512      0.25000      0.04559      0.04559     -0.00000
PD      0.37512      0.25000      0.37512      0.04559      0.00000      0.04559
PD      0.25000      0.37512      0.37512     -0.00000      0.04559      0.04559
PD      0.12415      0.12415      0.50000     -0.14893     -0.14893      0.00000
PD      0.12415      0.00000      0.62415     -0.14893      0.00000     -0.14893
PD      0.00000      0.12415      0.62415      0.00000     -0.14893     -0.14893
PD      0.00000      0.00000      0.75000      0.00000      0.00000      0.00000
PD      0.12488      0.12488      0.75000     -0.04559     -0.04559      0.00000
PD      0.12415      0.00000      0.87585     -0.14893      0.00000      0.14893
PD      0.00000      0.12415      0.87585      0.00000     -0.14893      0.14893
PD      0.00000      0.25000      0.50000      0.00000      0.00000      0.00000
PD      0.12415      0.37585      0.50000     -0.14893      0.14893      0.00000
PD      0.12488      0.25000      0.62488     -0.04559     -0.00000     -0.04559
PD      0.00000      0.37585      0.62415      0.00000      0.14893     -0.14893
PD      0.00000      0.25000      0.75000      0.00000      0.00000      0.00000
PD      0.12488      0.37512      0.75000     -0.04559      0.04559      0.00000
PD      0.12488      0.25000      0.87512     -0.04559     -0.00000      0.04559
PD      0.00000      0.37585      0.87585      0.00000      0.14893      0.14893
PD      0.25000      0.00000      0.50000      0.00000      0.00000      0.00000
PD      0.37585      0.12415      0.50000      0.14893     -0.14893      0.00000
PD      0.37585      0.00000      0.62415      0.14893     -0.00000     -0.14893
PD      0.25000      0.12488      0.62488     -0.00000     -0.04559     -0.04559
PD      0.25000      0.00000      0.75000      0.00000      0.00000      0.00000
PD      0.37512      0.12488      0.75000      0.04559     -0.04559      0.00000
PD      0.37585      0.00000      0.87585      0.14893     -0.00000      0.14893
PD      0.25000      0.12488      0.87512      0.00000     -0.04559      0.04559
PD      0.25000      0.25000      0.50000      0.00000      0.00000      0.00000
PD      0.37585      0.37585      0.50000      0.14893      0.14893      0.00000
PD      0.37512      0.25000      0.62488      0.04559      0.00000     -0.04559
PD      0.25000      0.37512      0.62488      0.00000      0.04559     -0.04559
PD      0.25000      0.25000      0.75000      0.00000      0.00000      0.00000
PD      0.37512      0.37512      0.75000      0.04559      0.04559     -0.00000
PD      0.37512      0.25000      0.87512      0.04559      0.00000      0.04559
PD      0.25000      0.37512      0.87512     -0.00000      0.04559      0.04559
PD      0.12415      0.62415      0.00000     -0.14893     -0.14893      0.00000
PD      0.12415      0.50000      0.12415     -0.14893      0.00000     -0.14893
PD      0.00000      0.62415      0.12415      0.00000     -0.14893     -0.14893
PD      0.00000      0.50000      0.25000      0.00000      0.00000      0.00000
PD      0.12488      0.62488      0.25000     -0.04559     -0.04559      0.00000
PD      0.12415      0.50000      0.37585     -0.14893      0.00000      0.14893
PD      0.00000      0.62415      0.37585      0.00000     -0.14893      0.14893
PD      0.00000      0.75000      0.00000      0.00000      0.00000      0.00000
PD      0.12415      0.87585      0.00000     -0.14893      0.14893      0.00000
PD      0.12488      0.75000      0.12488     -0.04559     -0.00000     -0.04559
PD      0.00000      0.87585      0.12415      0.00000      0.14893     -0.14893
PD      0.00000      0.75000      0.25000      0.00000      0.00000      0.00000
PD      0.12488      0.87512      0.25000     -0.04559      0.04559      0.00000
PD      0.12488      0.75000      0.37512     -0.04559     -0.00000      0.04559
PD      0.00000      0.87585      0.37585      0.00000      0.14893      0.14893
PD      0.25000      0.50000      0.00000      0.00000      0.00000      0.00000
PD      0.37585      0.62415      0.00000      0.14893     -0.14893      0.00000
PD      0.37585      0.50000      0.12415      0.14893     -0.00000     -0.14893
PD      0.25000      0.62488      0.12488     -0.00000     -0.04559     -0.04559
PD      0.25000      0.50000      0.25000      0.00000      0.00000      0.00000
PD      0.37512      0.62488      0.25000      0.04559     -0.04559      0.00000
PD      0.37585      0.50000      0.37585      0.14893     -0.00000      0.14893
PD      0.25000      0.62488      0.37512      0.00000     -0.04559      0.04559
PD      0.25000      0.75000      0.00000      0.00000      0.00000      0.00000
PD      0.37585      0.87585      0.00000      0.14893      0.14893      0.00000
PD      0.37512      0.75000      0.12488      0.04559      0.00000     -0.04559
PD      0.25000      0.87512      0.12488      0.00000      0.04559     -0.04559
PD      0.25000      0.75000      0.25000      0.00000      0.00000      0.00000
PD      0.37512      0.87512      0.25000      0.04559      0.04559     -0.00000
PD      0.37512      0.75000      0.37512      0.04559      0.00000      0.04559
PD      0.25000      0.87512      0.37512     -0.00000      0.04559      0.04559
PD      0.12415      0.62415      0.50000     -0.14893     -0.14893      0.00000
PD      0.12415      0.50000      0.62415     -0.14893      0.00000     -0.14893
PD      0.00000      0.62415      0.62415      0.00000     -0.14893     -0.14893
PD      0.00000      0.50000      0.75000      0.00000      0.00000      0.00000
PD      0.12488      0.62488      0.75000     -0.04559     -0.04559      0.00000
PD      0.12415      0.50000      0.87585     -0.14893      0.00000      0.14893
PD      0.00000      0.62415      0.87585      0.00000     -0.14893      0.14893
PD      0.00000      0.75000      0.50000      0.00000      0.00000      0.00000
PD      0.12415      0.87585      0.50000     -0.14893      0.14893      0.00000
PD      0.12488      0.75000      0.62488     -0.04559     -0.00000     -0.04559
PD      0.00000      0.87585      0.62415      0.00000      0.14893     -0.14893
PD      0.00000      0.75000      0.75000      0.00000      0.00000      0.00000
PD      0.12488      0.87512      0.75000     -0.04559      0.04559      0.00000
PD      0.12488      0.75000      0.87512     -0.04559     -0.00000      0.04559
PD      0.00000      0.87585      0.87585      0.00000      0.14893      0.14893
PD      0.25000      0.50000      0.50000      0.00000      0.00000      0.00000
PD      0.37585      0.62415      0.50000      0.14893     -0.14893      0.00000
PD      0.37585      0.50000      0.62415      0.14893     -0.00000     -0.14893
PD      0.25000      0.62488      0.62488     -0.00000     -0.04559     -0.04559
PD      0.25000      0.50000      0.75000      0.00000      0.00000      0.00000
PD      0.37512      0.62488      0.75000      0.04559     -0.04559      0.00000
PD      0.37585      0.50000      0.87585      0.14893     -0.00000      0.14893
PD      0.25000      0.62488      0.87512      0.00000     -0.04559      0.04559
PD      0.25000      0.75000      0.50000      0.00000      0.00000      0.00000
PD      0.37585      0.87585      0.50000      0.14893      0.14893      0.00000
PD      0.37512      0.75000      0.62488      0.04559      0.00000     -0.04559
PD      0.25000      0.87512      0.62488      0.00000      0.04559     -0.04559
PD      0.25000      0.75000      0.75000      0.00000      0.00000      0.00000
PD      0.37512      0.87512      0.75000      0.04559      0.04559     -0.00000
PD      0.37512      0.75000      0.87512      0.04559      0.00000      0.04559
PD      0.25000      0.87512      0.87512     -0.00000      0.04559      0.04559
PD      0.62415      0.12415      0.00000     -0.14893     -0.14893      0.00000
PD      0.62415      0.00000      0.12415     -0.14893      0.00000     -0.14893
PD      0.50000      0.12415      0.12415      0.00000     -0.14893     -0.14893
PD      0.50000      0.00000      0.25000      0.00000      0.00000      0.00000
PD      0.62488      0.12488      0.25000     -0.04559     -0.04559      0.00000
PD      0.62415      0.00000      0.37585     -0.14893      0.00000      0.14893
PD      0.50000      0.12415      0.37585      0.00000     -0.14893      0.14893
PD      0.50000      0.25000      0.00000      0.00000      0.00000      0.00000
PD      0.62415      0.37585      0.00000     -0.14893      0.14893      0.00000
PD      0.62488      0.25000      0.12488     -0.04559     -0.00000     -0.04559
PD      0.50000      0.37585      0.12415      0.00000      0.14893     -0.14893
PD      0.50000      0.25000      0.25000      0.00000      0.00000      0.00000
PD      0.62488      0.37512      0.25000     -0.04559      0.04559      0.00000
PD      0.62488      0.25000      0.37512     -0.04559     -0.00000      0.04559
PD      0.50000      0.37585      0.37585      0.00000      0.14893      0.14893
PD      0.75000      0.00000      0.00000      0.00000      0.00000      0.00000
PD      0.87585      0.12415      0.00000      0.14893     -0.14893      0.00000
PD      0.87585      0.00000      0.12415      0.14893     -0.00000     -0.14893
PD      0.75000      0.12488      0.12488     -0.00000     -0.04559     -0.04559
PD      0.75000      0.00000      0.25000      0.00000      0.00000      0.00000
PD      0.87512      0.12488      0.25000      0.04559     -0.04559      0.00000
PD      0.87585      0.00000      0.37585      0.14893     -0.00000      0.14893
PD      0.75000      0.12488      0.37512      0.00000     -0.04559      0.04559
PD      0.75000      0.25000      0.00000      0.00000      0.00000      0.00000
PD      0.87585      0.37585      0.00000      0.14893      0.14893      0.00000
PD      0.87512      0.25000      0.12488      0.04559      0.00000     -0.04559
PD      0.75000      0.37512      0.12488      0.00000      0.04559     -0.04559
PD      0.75000      0.25000      0.25000      0.00000      0.00000      0.00000
PD      0.87512      0.37512      0.25000      0.04559      0.04559     -0.00000
PD      0.87512      0.25000      0.37512      0.04559      0.00000      0.04559
PD      0.75000      0.37512      0.37512     -0.00000      0.04559      0.04559
PD      0.62415      0.12415      0.50000     -0.14893     -0.14893      0.00000
PD      0.62415      0.00000      0.62415     -0.14893      0.00000     -0.14893
PD      0.50000      0.12415      0.62415      0.00000     -0.14893     -0.14893
PD      0.50000      0.00000      0.75000      0.00000      0.00000      0.00000
PD      0.62488      0.12488      0.75000     -0.04559     -0.04559      0.00000
PD      0.62415      0.00000      0.87585     -0.14893      0.00000      0.14893
PD      0.50000      0.12415      0.87585      0.00000     -0.14893      0.14893
PD      0.50000      0.25000      0.50000      0.00000      0.00000      0.00000
PD      0.62415      0.37585      0.50000     -0.14893      0.14893      0.00000
PD      0.62488      0.25000      0.62488     -0.04559     -0.00000     -0.04559
PD      0.50000      0.37585      0.62415      0.00000      0.14893     -0.14893
PD      0.50000      0.25000      0.75000      0.00000      0.00000      0.00000
PD      0.62488      0.37512      0.75000     -0.04559      0.04559      0.00000
PD      0.62488      0.25000      0.87512     -0.04559     -0.00000      0.04559
PD      0.50000      0.37585      0.87585      0.00000      0.14893      0.14893
PD      0.75000      0.00000      0.50000      0.00000      0.00000      0.00000
PD      0.87585      0.12415      0.50000      0.14893     -0.14893      0.00000
PD      0.87585      0.00000      0.62415      0.14893     -0.00000     -0.14893
PD      0.75000      0.12488      0.62488     -0.00000     -0.04559     -0.04559
PD      0.75000      0.00000      0.75000      0.00000      0.00000      0.00000
PD      0.87512      0.12488      0.75000      0.04559     -0.04559      0.00000
PD      0.87585      0.00000      0.87585      0.14893     -0.00000      0.14893
PD      0.75000      0.12488      0.87512      0.00000     -0.04559      0.04559
PD      0.75000      0.25000      0.50000      0.00000      0.00000      0.00000
PD      0.87585      0.37585      0.50000      0.14893      0.14893      0.00000
PD      0.87512      0.25000      0.62488      0.04559      0.00000     -0.04559
PD      0.75000      0.37512      0.62488      0.00000      0.04559     -0.04559
PD      0.75000      0.25000      0.75000      0.00000      0.00000      0.00000
PD      0.87512      0.37512      0.75000      0.04559      0.04559     -0.00000
PD      0.87512      0.25000      0.87512      0.04559      0.00000      0.04559
PD      0.75000      0.37512      0.87512     -0.00000      0.04559      0.04559
PD      0.62415      0.62415      0.00000     -0.14893     -0.14893      0.00000
PD      0.62415      0.50000      0.12415     -0.14893      0.00000     -0.14893
PD      0.50000      0.62415      0.12415      0.00000     -0.14893     -0.14893
PD      0.50000      0.50000      0.25000      0.00000      0.00000      0.00000
PD      0.62488      0.62488      0.25000     -0.04559     -0.04559      0.00000
PD      0.62415      0.50000      0.37585     -0.14893      0.00000      0.14893
PD      0.50000      0.62415      0.37585      0.00000     -0.14893      0.14893
PD      0.50000      0.75000      0.00000      0.00000      0.00000      0.00000
PD      0.62415      0.87585      0.00000     -0.14893      0.14893      0.00000
PD      0.62488      0.75000      0.12488     -0.04559     -0.00000     -0.04559
PD      0.50000      0.87585      0.12415      0.00000      0.14893     -0.14893
PD      0.50000      0.75000      0.25000      0.00000      0.00000      0.00000
PD      0.62488      0.87512      0.25000     -0.04559      0.04559      0.00000
PD      0.62488      0.75000      0.37512     -0.04559     -0.00000      0.04559
PD      0.50000      0.87585      0.37585      0.00000      0.14893      0.14893
PD      0.75000      0.50000      0.00000      0.00000      0.00000      0.00000
PD      0.87585      0.62415      0.00000      0.14893     -0.14893      0.00000
PD      0.87585      0.50000      0.12415      0.14893     -0.00000     -0.14893
PD      0.75000      0.62488      0.12488     -0.00000     -0.04559     -0.04559
PD      0.75000      0.50000      0.25000      0.00000      0.00000      0.00000
PD      0.87512      0.62488      0.25000      0.04559     -0.04559      0.00000
PD      0.87585      0.50000      0.37585      0.14893     -0.00000      0.14893
PD      0.75000      0.62488      0.37512      0.00000     -0.04559      0.04559
PD      0.75000      0.75000      0.00000      0.00000      0.00000      0.00000
PD      0.87585      0.87585      0.00000      0.14893      0.14893      0.00000
PD      0.87512      0.75000      0.12488      0.04559      0.00000     -0.04559
PD      0.75000      0.87512      0.12488      0.00000      0.04559     -0.04559
PD      0.75000      0.75000      0.25000      0.00000      0.00000      0.00000
PD      0.87512      0.87512      0.25000      0.04559      0.04559     -0.00000
PD      0.87512      0.75000      0.37512      0.04559      0.00000      0.04559
PD      0.75000      0.87512      0.37512     -0.00000      0.04559      0.04559
PD      0.62415      0.62415      0.50000     -0.14893     -0.14893      0.00000
PD      0.62415      0.50000      0.62415     -0.14893      0.00000     -0.14893
PD      0.50000      0.62415      0.62415      0.00000     -0.14893     -0.14893
PD      0.50000      0.50000      0.75000      0.00000      0.00000      0.00000
PD      0.62488      0.62488      0.75000     -0.04559     -0.04559      0.00000
PD      0.62415      0.50000      0.87585     -0.14893      0.00000      0.14893
PD      0.50000      0.62415      0.87585      0.00000     -0.14893      0.14893
PD      0.50000      0.75000      0.50000      0.00000      0.00000      0.00000
PD      0.62415      0.87585      0.50000     -0.14893      0.14893      0.00000
PD      0.62488      0.75000      0.62488     -0.04559     -0.00000     -0.04559
PD      0.50000      0.87585      0.62415      0.00000      0.14893     -0.14893
PD      0.50000      0.75000      0.75000      0.00000      0.00000      0.00000
PD      0.62488      0.87512      0.75000     -0.04559      0.04559      0.00000
PD      0.62488      0.75000      0.87512     -0.04559     -0.00000      0.04559
PD      0.50000      0.87585      0.87585      0.00000      0.14893      0.14893
PD      0.75000      0.50000      0.50000      0.00000      0.00000      0.00000
PD      0.87585      0.62415      0.50000      0.14893     -0.14893      0.00000
PD      0.87585      0.50000      0.62415      0.14893     -0.00000     -0.14893
PD      0.75000      0.62488      0.62488     -0.00000     -0.04559     -0.04559
PD      0.75000      0.50000      0.75000      0.00000      0.00000      0.00000
PD      0.87512      0.62488      0.75000      0.04559     -0.04559      0.00000
PD      0.87585      0.50000      0.87585      0.14893     -0.00000      0.14893
PD      0.75000      0.62488      0.87512      0.00000     -0.04559      0.04559
PD      0.75000      0.75000      0.50000      0.00000      0.00000      0.00000
PD      0.87585      0.87585      0.50000      0.14893      0.14893      0.00000
PD      0.87512      0.75000      0.62488      0.04559      0.00000     -0.04559
PD      0.75000      0.87512      0.62488      0.00000      0.04559     -0.04559
PD      0.75000      0.75000      0.75000      0.00000      0.00000      0.00000
PD      0.87512      0.87512      0.75000      0.04559      0.04559     -0.00000
PD      0.87512      0.75000      0.87512      0.04559      0.00000      0.04559
PD      0.75000      0.87512      0.87512     -0.00000      0.04559      0.04559
