/* Converted from PWscf output file */ 
#L_UNITS ang 
#E_UNITS eV 
#S_UNITS GPA 
#F_UNITS EV/ANG 
#ALAT 	  12.88176     // a0 
#X 	   1.00000     0.00000     0.00000     // X 
#Y 	   0.00000     1.00000     0.00000     // Y 
#Z 	   0.00000     0.00000     1.00000     // Z 
#SX 	 -14.47233     0.00000     0.00000     // SX 
#SY 	   0.00000   -14.47233     0.00000     // SY 
#SZ 	   0.00000     0.00000   -14.47233     // SZ 
#EPA 	  -1.98383     // Energy per Atom 
#C 	1 1 1 
#W 	1.0 
#RCUT 	6.5        // Rcut 
PD      0.00000      0.00000      0.00000      0.00000      0.00000      0.00000
PD      0.00000      0.00000      0.25000      0.00000      0.00000      0.00000
PD      0.00000      0.25000      0.00000      0.00000      0.00000      0.00000
PD      0.00000      0.25000      0.25000      0.00000      0.00000      0.00000
PD      0.25000      0.00000      0.00000      0.00000      0.00000      0.00000
PD      0.25000      0.00000      0.25000      0.00000      0.00000      0.00000
PD      0.25000      0.25000      0.00000      0.00000      0.00000      0.00000
PD      0.25000      0.25000      0.25000      0.00000      0.00000      0.00000
PD      0.00000      0.00000      0.50000      0.00000      0.00000      0.00000
PD      0.00000      0.00000      0.75000      0.00000      0.00000      0.00000
PD      0.00000      0.25000      0.50000      0.00000      0.00000      0.00000
PD      0.00000      0.25000      0.75000      0.00000      0.00000      0.00000
PD      0.25000      0.00000      0.50000      0.00000      0.00000      0.00000
PD      0.25000      0.00000      0.75000      0.00000      0.00000      0.00000
PD      0.25000      0.25000      0.50000      0.00000      0.00000      0.00000
PD      0.25000      0.25000      0.75000      0.00000      0.00000      0.00000
PD      0.00000      0.50000      0.00000      0.00000      0.00000      0.00000
PD      0.00000      0.50000      0.25000      0.00000      0.00000      0.00000
PD      0.00000      0.75000      0.00000      0.00000      0.00000      0.00000
PD      0.00000      0.75000      0.25000      0.00000      0.00000      0.00000
PD      0.25000      0.50000      0.00000      0.00000      0.00000      0.00000
PD      0.25000      0.50000      0.25000      0.00000      0.00000      0.00000
PD      0.25000      0.75000      0.00000      0.00000      0.00000      0.00000
PD      0.25000      0.75000      0.25000      0.00000      0.00000      0.00000
PD      0.00000      0.50000      0.50000      0.00000      0.00000      0.00000
PD      0.00000      0.50000      0.75000      0.00000      0.00000      0.00000
PD      0.00000      0.75000      0.50000      0.00000      0.00000      0.00000
PD      0.00000      0.75000      0.75000      0.00000      0.00000      0.00000
PD      0.25000      0.50000      0.50000      0.00000      0.00000      0.00000
PD      0.25000      0.50000      0.75000      0.00000      0.00000      0.00000
PD      0.25000      0.75000      0.50000      0.00000      0.00000      0.00000
PD      0.25000      0.75000      0.75000      0.00000      0.00000      0.00000
PD      0.50000      0.00000      0.00000      0.00000      0.00000      0.00000
PD      0.50000      0.00000      0.25000      0.00000      0.00000      0.00000
PD      0.50000      0.25000      0.00000      0.00000      0.00000      0.00000
PD      0.50000      0.25000      0.25000      0.00000      0.00000      0.00000
PD      0.75000      0.00000      0.00000      0.00000      0.00000      0.00000
PD      0.75000      0.00000      0.25000      0.00000      0.00000      0.00000
PD      0.75000      0.25000      0.00000      0.00000      0.00000      0.00000
PD      0.75000      0.25000      0.25000      0.00000      0.00000      0.00000
PD      0.50000      0.00000      0.50000      0.00000      0.00000      0.00000
PD      0.50000      0.00000      0.75000      0.00000      0.00000      0.00000
PD      0.50000      0.25000      0.50000      0.00000      0.00000      0.00000
PD      0.50000      0.25000      0.75000      0.00000      0.00000      0.00000
PD      0.75000      0.00000      0.50000      0.00000      0.00000      0.00000
PD      0.75000      0.00000      0.75000      0.00000      0.00000      0.00000
PD      0.75000      0.25000      0.50000      0.00000      0.00000      0.00000
PD      0.75000      0.25000      0.75000      0.00000      0.00000      0.00000
PD      0.50000      0.50000      0.00000      0.00000      0.00000      0.00000
PD      0.50000      0.50000      0.25000      0.00000      0.00000      0.00000
PD      0.50000      0.75000      0.00000      0.00000      0.00000      0.00000
PD      0.50000      0.75000      0.25000      0.00000      0.00000      0.00000
PD      0.75000      0.50000      0.00000      0.00000      0.00000      0.00000
PD      0.75000      0.50000      0.25000      0.00000      0.00000      0.00000
PD      0.75000      0.75000      0.00000      0.00000      0.00000      0.00000
PD      0.75000      0.75000      0.25000      0.00000      0.00000      0.00000
PD      0.50000      0.50000      0.50000      0.00000      0.00000      0.00000
PD      0.50000      0.50000      0.75000      0.00000      0.00000      0.00000
PD      0.50000      0.75000      0.50000      0.00000      0.00000      0.00000
PD      0.50000      0.75000      0.75000      0.00000      0.00000      0.00000
PD      0.75000      0.50000      0.50000      0.00000      0.00000      0.00000
PD      0.75000      0.50000      0.75000      0.00000      0.00000      0.00000
PD      0.75000      0.75000      0.50000      0.00000      0.00000      0.00000
PD      0.75000      0.75000      0.75000      0.00000      0.00000      0.00000
