/* Converted from PWscf output file */ 
#L_UNITS ang 
#E_UNITS eV 
#S_UNITS GPA 
#F_UNITS EV/ANG 
#ALAT 	   7.85263     // a0 
#X 	   1.00000     0.00000     0.00000     // X 
#Y 	   0.00000     1.00000     0.00000     // Y 
#Z 	   0.00000     0.00000     1.00000     // Z 
#SX 	   0.10879    -0.00204    -0.00233     // SX 
#SY 	  -0.00204     0.12440     0.00671     // SY 
#SZ 	  -0.00233     0.00671     0.10704     // SZ 
#EPA 	  -3.90786     // Energy per Atom 
#C 	1 1 1 
#W 	0.1 
#RCUT 	6.5        // Rcut 
PD      0.00057      0.99731      0.99988     -0.10123      0.12326      0.11909
PD      0.24732      0.24638      0.99826      0.10666      0.23699      0.19761
PD      0.24931      0.99989      0.25244     -0.02141     -0.04422     -0.10739
PD      0.99830      0.25037      0.25340      0.13149     -0.01291     -0.30490
PD      0.00009      0.00163      0.50016     -0.02869     -0.18621      0.09885
PD      0.24921      0.24850      0.49967      0.11763      0.12331      0.04639
PD      0.24941      0.99827      0.75159      0.08897      0.05746     -0.18962
PD      0.00220      0.25118      0.74981     -0.21767     -0.13390     -0.07412
PD      0.00216      0.49829      0.99653     -0.13188      0.10454      0.26488
PD      0.24992      0.75073      0.99891      0.02945     -0.07425      0.15922
PD      0.25097      0.50052      0.25088     -0.07214     -0.06682     -0.15113
PD      0.00077      0.75094      0.25239     -0.01174     -0.08927     -0.22527
PD      0.00081      0.50089      0.49867     -0.01786     -0.06714      0.15107
PD      0.25139      0.74600      0.50099     -0.06695      0.30928     -0.06253
PD      0.25127      0.50098      0.74895     -0.00522     -0.06548      0.06321
PD      0.00019      0.75135      0.75175     -0.03026     -0.17931     -0.17874
PD      0.49904      0.00153      0.00260      0.02140     -0.05569     -0.20923
PD      0.75152      0.24798      0.99972     -0.03272      0.14232     -0.07448
PD      0.74930      0.00053      0.24923      0.09246     -0.06193      0.04126
PD      0.49949      0.25033      0.24813     -0.01529      0.02295      0.11241
PD      0.49860      0.99922      0.49837      0.11117      0.03772      0.12240
PD      0.75036      0.24864      0.49859     -0.12923      0.03466      0.21900
PD      0.74977      0.99515      0.75101     -0.05010      0.34808     -0.13253
PD      0.49809      0.25105      0.75041      0.16141     -0.13992     -0.03393
PD      0.49914      0.50084      0.00224      0.02022     -0.11369     -0.15872
PD      0.74783      0.74899      0.99882      0.18031     -0.04125      0.09896
PD      0.75083      0.50037      0.25085      0.01151     -0.04323     -0.18909
PD      0.50197      0.75188      0.24782     -0.13497     -0.11427      0.13158
PD      0.50066      0.50094      0.49920      0.00668     -0.15662     -0.03144
PD      0.75170      0.74751      0.49807     -0.07506      0.21999      0.11039
PD      0.74887      0.49963      0.74831      0.05131     -0.05192      0.09900
PD      0.49998      0.75094      0.74849      0.01174     -0.06258      0.08779
