/* Converted from PWscf output file */ 
#L_UNITS ang 
#E_UNITS eV 
#S_UNITS GPA 
#F_UNITS EV/ANG 
#ALAT 	   7.85263     // a0 
#X 	   1.00000     0.00000     0.00000     // X 
#Y 	   0.00000     1.00000     0.00000     // Y 
#Z 	   0.00000     0.00000     1.00000     // Z 
#SX 	   0.01138     0.00015     0.00029     // SX 
#SY 	   0.00015     0.01181    -0.00073     // SY 
#SZ 	   0.00029    -0.00073     0.01167     // SZ 
#EPA 	  -3.90989     // Energy per Atom 
#C 	1 1 1 
#W 	0.1 
#RCUT 	6.5        // Rcut 
PD      0.99992      0.00066      0.99991     -0.00984     -0.04560      0.02428
PD      0.25034      0.25013      0.99967     -0.01628     -0.00029      0.02794
PD      0.24969      0.00031      0.25001      0.01811     -0.01383      0.00582
PD      0.99984      0.25003      0.24974      0.01835      0.00616      0.02197
PD      0.00025      0.00055      0.50011     -0.01463     -0.02822     -0.01092
PD      0.25013      0.25005      0.50065      0.00668     -0.00322     -0.03025
PD      0.24976      0.99949      0.74998      0.02875      0.03799      0.00860
PD      0.99996      0.24960      0.75067      0.00199      0.03480     -0.03752
PD      0.99938      0.49953      0.00030      0.03194      0.01873     -0.02207
PD      0.24934      0.75010      0.99970      0.05196     -0.03162      0.03302
PD      0.25028      0.50005      0.24992     -0.02736      0.00315      0.00405
PD      0.99949      0.74959      0.25009      0.03543      0.03221     -0.00751
PD      0.00045      0.50004      0.50033     -0.03024     -0.01289     -0.00962
PD      0.24945      0.75014      0.50021      0.03928     -0.01151     -0.03153
PD      0.24978      0.49978      0.74965      0.04734      0.01373      0.04450
PD      0.00068      0.75001      0.75030     -0.07641     -0.01178     -0.00894
PD      0.49974      0.00030      0.00013      0.01401     -0.03073      0.01455
PD      0.74979      0.24967      0.99983      0.01177     -0.00986      0.03569
PD      0.75001      0.99958      0.25059     -0.00613      0.02872     -0.03035
PD      0.50032      0.25052      0.25051     -0.01494     -0.06669     -0.00057
PD      0.49999      0.99972      0.50033     -0.01477      0.03023     -0.02612
PD      0.75036      0.25022      0.50009     -0.00857     -0.01453      0.00342
PD      0.75008      0.00021      0.74965      0.00254     -0.02778      0.02125
PD      0.50030      0.24993      0.75056     -0.02621     -0.00003     -0.05133
PD      0.50070      0.49885      0.00094     -0.05027      0.09588     -0.06580
PD      0.75005      0.74998      0.99989     -0.00851      0.00982     -0.01005
PD      0.75020      0.50012      0.25035      0.01149     -0.00710     -0.00316
PD      0.50004      0.74997      0.24989     -0.02745      0.01632     -0.01195
PD      0.50046      0.50003      0.49940     -0.03757      0.00949      0.05345
PD      0.74985      0.75017      0.50009      0.03352     -0.01285      0.02402
PD      0.74953      0.49961      0.74990      0.03270      0.04020      0.00348
PD      0.50018      0.75029      0.74992     -0.01669     -0.04891      0.03163
