/* Converted from PWscf output file */ 
#L_UNITS ang 
#E_UNITS eV 
#S_UNITS GPA 
#F_UNITS EV/ANG 
#ALAT 	   7.85263     // a0 
#X 	   1.00000     0.00000     0.00000     // X 
#Y 	   0.00000     1.00000     0.00000     // Y 
#Z 	   0.00000     0.00000     1.00000     // Z 
#SX 	   0.04069    -0.00263     0.00117     // SX 
#SY 	  -0.00263     0.04463     0.00131     // SY 
#SZ 	   0.00117     0.00131     0.04652     // SZ 
#EPA 	  -3.90926     // Energy per Atom 
#C 	1 1 1 
#W 	0.1 
#RCUT 	6.5        // Rcut 
PD      0.99963      0.99888      0.99895     -0.03285      0.06034      0.10556
PD      0.25001      0.24966      0.99947     -0.05458      0.01941      0.08468
PD      0.25159      0.99973      0.25035     -0.13062      0.12217     -0.01356
PD      0.99884      0.24959      0.25074      0.13505      0.00348     -0.05306
PD      0.00019      0.00097      0.49942     -0.01924     -0.06362      0.05251
PD      0.25020      0.25087      0.50206      0.00270     -0.06162     -0.13106
PD      0.25011      0.99916      0.75170     -0.04527      0.03615     -0.12310
PD      0.99979      0.24985      0.74936     -0.03791      0.02008      0.04566
PD      0.99977      0.50039      0.99963      0.01212     -0.05646      0.06486
PD      0.25021      0.74966      0.00033     -0.01338     -0.04039      0.02055
PD      0.24991      0.50051      0.25063      0.01827     -0.08005     -0.06895
PD      0.00121      0.74898      0.25074     -0.14269      0.09030     -0.06564
PD      0.99988      0.50118      0.49973     -0.03619     -0.06294      0.02947
PD      0.24908      0.75124      0.49908      0.03041     -0.07985      0.11588
PD      0.24923      0.50009      0.75110      0.03335      0.02076     -0.09594
PD      0.99965      0.74872      0.75144     -0.01558      0.10079     -0.09364
PD      0.49849      0.99943      0.99978      0.12993      0.09165     -0.01300
PD      0.74980      0.25171      0.00112      0.02201     -0.18743     -0.15216
PD      0.74931      0.00009      0.24940      0.04434     -0.02333      0.01811
PD      0.50011      0.25105      0.25002     -0.08602     -0.10979      0.02194
PD      0.50032      0.99777      0.50091     -0.03555      0.18713     -0.00824
PD      0.74917      0.25063      0.49980      0.02635     -0.04244      0.01390
PD      0.74946      0.00046      0.74941      0.00559     -0.00332      0.09226
PD      0.49945      0.25117      0.74933      0.04381     -0.09491      0.01018
PD      0.50079      0.49870      0.99844     -0.12428      0.10338      0.10904
PD      0.74828      0.74938      0.00078      0.07233      0.05706     -0.03348
PD      0.74914      0.49846      0.24827      0.05893      0.17804      0.12914
PD      0.49952      0.75174      0.25012      0.05484     -0.15712     -0.02560
PD      0.50056      0.50034      0.49805     -0.07184      0.05061      0.10422
PD      0.74968      0.75035      0.50122      0.05384     -0.03474     -0.11043
PD      0.74909      0.50050      0.74971      0.05062     -0.02779     -0.01948
PD      0.49848      0.74947      0.75001      0.05150     -0.01554     -0.01064
