/* Converted from PWscf output file */ 
#L_UNITS ang 
#E_UNITS eV 
#S_UNITS GPA 
#F_UNITS EV/ANG 
#ALAT 	   7.85263     // a0 
#X 	   1.00000     0.00000     0.00000     // X 
#Y 	   0.00000     1.00000     0.00000     // Y 
#Z 	   0.00000     0.00000     1.00000     // Z 
#SX 	   0.04127    -0.00277     0.00058     // SX 
#SY 	  -0.00277     0.03588     0.00306     // SY 
#SZ 	   0.00058     0.00306     0.04069     // SZ 
#EPA 	  -3.90937     // Energy per Atom 
#C 	1 1 1 
#W 	0.1 
#RCUT 	6.5        // Rcut 
PD      0.99975      0.99992      0.99892      0.04904      0.04613      0.05984
PD      0.25008      0.25111      0.00071      0.05458     -0.09093      0.01480
PD      0.24905      0.99974      0.25059      0.06570      0.08333     -0.10774
PD      0.00015      0.24962      0.25045      0.01570      0.02823      0.00535
PD      0.00124      0.99873      0.50046     -0.13354      0.08146     -0.02827
PD      0.25034      0.24957      0.50013     -0.04790      0.03809     -0.05231
PD      0.24855      0.99983      0.74927      0.11425     -0.00879      0.09423
PD      0.00203      0.24999      0.75016     -0.14957      0.03837     -0.05943
PD      0.99965      0.49962      0.00036      0.07344      0.03166     -0.01835
PD      0.25005      0.75181      0.99999      0.04916     -0.12672     -0.02109
PD      0.24929      0.50069      0.25014      0.05635     -0.02352     -0.04414
PD      0.99968      0.75048      0.24906     -0.01581     -0.02448      0.05272
PD      0.00132      0.50099      0.50095     -0.11654     -0.06633     -0.06598
PD      0.24993      0.75142      0.49864      0.02759     -0.12019      0.10200
PD      0.25057      0.49961      0.74993      0.02379      0.07085      0.02451
PD      0.00010      0.74834      0.74987      0.03727      0.04560     -0.00217
PD      0.50113      0.99994      0.99938     -0.07172      0.03767      0.01966
PD      0.75066      0.25101      0.99984     -0.01896     -0.08330     -0.02003
PD      0.75046      0.00015      0.24929     -0.01163     -0.04293      0.01728
PD      0.50113      0.25000      0.25085     -0.10247     -0.01169     -0.12712
PD      0.49922      0.00123      0.50059      0.06897     -0.07479     -0.00466
PD      0.74931      0.24897      0.49747      0.14322      0.05901      0.20638
PD      0.75195      0.99967      0.75093     -0.09192      0.07226     -0.09680
PD      0.49956      0.24951      0.74892      0.06835      0.00357      0.07447
PD      0.50151      0.49919      0.99945     -0.10937      0.09236      0.05805
PD      0.75125      0.75012      0.99930     -0.11671     -0.01864      0.06067
PD      0.75069      0.50061      0.24960     -0.01924      0.03359      0.06535
PD      0.49903      0.75091      0.25132      0.09165     -0.03857     -0.12025
PD      0.49964      0.49883      0.49889      0.03581      0.09958      0.05524
PD      0.74902      0.75127      0.50050      0.04316     -0.07770     -0.03866
PD      0.74994      0.50001      0.75054      0.00979     -0.06421     -0.13066
PD      0.49999      0.74988      0.74932     -0.02246      0.01106      0.02708
