/* Converted from PWscf output file */ 
#L_UNITS ang 
#E_UNITS eV 
#S_UNITS GPA 
#F_UNITS EV/ANG 
#ALAT 	   7.85263     // a0 
#X 	   1.00000     0.00000     0.00000     // X 
#Y 	   0.00000     1.00000     0.00000     // Y 
#Z 	   0.00000     0.00000     1.00000     // Z 
#SX 	   0.86262     0.03033     0.10427     // SX 
#SY 	   0.03033     0.89397     0.10267     // SY 
#SZ 	   0.10427     0.10267     1.02144     // SZ 
#EPA 	  -3.88900     // Energy per Atom 
#C 	1 1 1 
#W 	0.1 
#RCUT 	6.5        // Rcut 
PD      0.99899      0.99970      0.00758      0.08104     -0.09031     -0.28206
PD      0.25201      0.24157      0.99725     -0.48523      0.88141      0.28002
PD      0.25372      0.00363      0.25306     -0.67106     -0.37398      0.13559
PD      0.00174      0.25563      0.25614     -0.08606     -0.16020     -0.42379
PD      0.98970      0.99943      0.50526      1.00653      0.42065     -0.21909
PD      0.25231      0.25264      0.50651     -0.12574     -0.27437     -0.49739
PD      0.25227      0.99867      0.75602     -0.54144     -0.16716     -0.67381
PD      0.00134      0.25052      0.75026     -0.26537     -0.06328      0.23248
PD      0.99726      0.50774      0.99749      0.27328     -0.51089      0.24776
PD      0.25640      0.75201      0.99700     -0.50634     -0.35051      0.02600
PD      0.25015      0.50494      0.24270     -0.04458     -0.41497      0.29676
PD      0.99527      0.74866      0.25681      0.22213      0.08706     -0.63619
PD      0.00052      0.49779      0.50055     -0.04685     -0.05772     -0.08879
PD      0.24325      0.75130      0.49684      0.37088      0.06741      0.16594
PD      0.24996      0.49269      0.74063      0.21189      0.53485      0.83781
PD      0.00179      0.74569      0.74723      0.45190      0.31186      0.48887
PD      0.48813      0.00236      0.99708      1.20230     -0.53630      0.28361
PD      0.74597      0.24537      0.99641      0.36391      0.14844      0.37468
PD      0.75492      0.99861      0.25146     -0.52761     -0.06123     -0.11217
PD      0.49808      0.23810      0.25326      0.26131      0.86270     -0.00051
PD      0.49318      0.00209      0.50121      0.55162     -0.41252      0.00074
PD      0.74974      0.25357      0.50278     -0.18706     -0.02758      0.01871
PD      0.75180      0.99651      0.74915     -0.18418      0.39287      0.24163
PD      0.50378      0.24508      0.75211     -0.06753      0.43970     -0.28158
PD      0.49986      0.49450      0.00411     -0.13983      0.04149     -0.30346
PD      0.74623      0.74999      0.98823      0.04335      0.34677      1.02537
PD      0.74530      0.50123      0.25197      0.19453     -0.16501     -0.12625
PD      0.50039      0.74535      0.24796      0.19267      0.55279      0.18436
PD      0.50087      0.50885      0.50219      0.05637     -0.53889     -0.27327
PD      0.76303      0.75126      0.50952     -1.11804     -0.20366     -0.69196
PD      0.74791      0.50745      0.75676      0.05681     -0.88375     -0.42285
PD      0.50315      0.74834      0.74400     -0.54360      0.20434      0.19284
