/* Converted from PWscf output file */ 
#L_UNITS ang 
#E_UNITS eV 
#S_UNITS GPA 
#F_UNITS EV/ANG 
#ALAT 	   7.85263     // a0 
#X 	   1.00000     0.00000     0.00000     // X 
#Y 	   0.00000     1.00000     0.00000     // Y 
#Z 	   0.00000     0.00000     1.00000     // Z 
#SX 	   0.01167     0.00029     0.00029     // SX 
#SY 	   0.00029     0.01152    -0.00058     // SY 
#SZ 	   0.00029    -0.00058     0.01123     // SZ 
#EPA 	  -3.90991     // Energy per Atom 
#C 	1 1 1 
#W 	0.1 
#RCUT 	6.5        // Rcut 
PD      0.99979      0.00010      0.00070      0.01308     -0.00561     -0.05497
PD      0.25015      0.25025      0.99968     -0.01776      0.00117      0.01432
PD      0.24926      0.00002      0.25006      0.04814     -0.01236      0.01677
PD      0.00044      0.24933      0.25044     -0.02257      0.07050     -0.04745
PD      0.99994      0.00002      0.49983     -0.01166     -0.01848      0.03509
PD      0.24955      0.24963      0.50080      0.04468      0.02046     -0.03827
PD      0.25046      0.00023      0.74950     -0.03659     -0.01646      0.04732
PD      0.99996      0.24953      0.75037     -0.01310      0.02436      0.00588
PD      0.00008      0.50027      0.99977      0.00870     -0.02970      0.01689
PD      0.25060      0.75032      0.00029     -0.05343     -0.01307     -0.01938
PD      0.25028      0.50062      0.25032     -0.01902     -0.05447     -0.01628
PD      0.00022      0.74986      0.25041      0.00058     -0.00734     -0.01490
PD      0.00033      0.49952      0.49996     -0.01990      0.01147      0.01538
PD      0.24973      0.74989      0.50065      0.01911      0.00640     -0.04166
PD      0.25046      0.50039      0.74989     -0.02909     -0.03163      0.01577
PD      0.00025      0.75035      0.74971     -0.01720     -0.00399      0.02328
PD      0.49941      0.99962      0.00023      0.04126      0.00992     -0.00054
PD      0.74913      0.24976      0.99995      0.05070      0.01607      0.01731
PD      0.75023      0.00003      0.25030     -0.02975     -0.00962     -0.02139
PD      0.49930      0.24940      0.25000      0.01999      0.02546      0.00897
PD      0.50022      0.99939      0.49991     -0.01850      0.02932     -0.00833
PD      0.75013      0.24959      0.49996     -0.01092      0.02029      0.00127
PD      0.74967      0.99980      0.74996      0.01777     -0.02178      0.01488
PD      0.50032      0.24977      0.74999     -0.01096      0.01018     -0.01159
PD      0.50008      0.50005      0.99984      0.01098      0.00201      0.02038
PD      0.75074      0.74979      0.00041     -0.04424      0.01376     -0.02665
PD      0.75022      0.49990      0.25009     -0.00698     -0.03423     -0.01434
PD      0.49990      0.75004      0.25011      0.00797     -0.00151     -0.00094
PD      0.50004      0.49946      0.49963     -0.00099      0.01051      0.01626
PD      0.74977      0.74959      0.49949      0.01674      0.00747      0.03590
PD      0.75005      0.50027      0.74961      0.00338     -0.01308      0.01503
PD      0.49948      0.74999      0.75008      0.05960     -0.00603     -0.00401
