/* Converted from PWscf output file */ 
#L_UNITS ang 
#E_UNITS eV 
#S_UNITS GPA 
#F_UNITS EV/ANG 
#ALAT 	   7.85263     // a0 
#X 	   1.00000     0.00000     0.00000     // X 
#Y 	   0.00000     1.00000     0.00000     // Y 
#Z 	   0.00000     0.00000     1.00000     // Z 
#SX 	   0.02931     0.00248    -0.00423     // SX 
#SY 	   0.00248     0.02829     0.00029     // SY 
#SZ 	  -0.00423     0.00029     0.02873     // SZ 
#EPA 	  -3.90954     // Energy per Atom 
#C 	1 1 1 
#W 	0.1 
#RCUT 	6.5        // Rcut 
PD      0.99924      0.99869      0.00051      0.06463      0.10209     -0.12275
PD      0.24952      0.24988      0.00021     -0.00325     -0.00828     -0.04953
PD      0.24879      0.99950      0.24951      0.04726      0.02384      0.05439
PD      0.00010      0.25063      0.24927      0.00275     -0.07201      0.01624
PD      0.99847      0.99960      0.50058      0.11378      0.02036     -0.04932
PD      0.24965      0.24974      0.49979      0.02680     -0.01847     -0.01734
PD      0.25111      0.00030      0.74916     -0.07465      0.01841      0.07270
PD      0.00090      0.25035      0.74826     -0.06861     -0.02910      0.16857
PD      0.99906      0.50143      0.00016      0.09282     -0.08805     -0.09604
PD      0.25067      0.75005      0.99912     -0.03585     -0.00811      0.03555
PD      0.24956      0.49932      0.24986      0.01959      0.07317     -0.00195
PD      0.99998      0.74992      0.24986      0.02715     -0.02476      0.01906
PD      0.99902      0.49913      0.49939      0.08015      0.09494      0.02113
PD      0.25001      0.74982      0.49893     -0.01826     -0.01520      0.00751
PD      0.25054      0.49913      0.74902     -0.03625      0.02633      0.03251
PD      0.00115      0.74983      0.74977     -0.02094     -0.02024     -0.02117
PD      0.50029      0.00003      0.00132      0.01393      0.02960     -0.09769
PD      0.75002      0.25068      0.00150      0.00999     -0.05254     -0.12308
PD      0.75161      0.99903      0.24945     -0.11828      0.07416      0.06552
PD      0.49907      0.24991      0.25087      0.06397     -0.04392     -0.02094
PD      0.49984      0.99987      0.50150      0.05125      0.03255     -0.14981
PD      0.75095      0.25111      0.49950     -0.08193     -0.09421     -0.01511
PD      0.75014      0.99966      0.74935     -0.01651      0.06180      0.08797
PD      0.50123      0.25078      0.75021     -0.04498     -0.04693      0.01975
PD      0.49919      0.50041      0.00062      0.04181     -0.02533     -0.03020
PD      0.75022      0.74982      0.99842     -0.05780      0.00482      0.01811
PD      0.75117      0.50007      0.24882     -0.10868      0.04762      0.05896
PD      0.50079      0.75093      0.24904     -0.02607     -0.04878      0.07209
PD      0.50058      0.49983      0.49879     -0.01263      0.03079     -0.00824
PD      0.75059      0.75031      0.50053     -0.05546     -0.04797     -0.04305
PD      0.74921      0.50008      0.74938      0.04055      0.00546      0.04761
PD      0.49845      0.74969      0.74888      0.08370     -0.00204      0.04856
