/* Converted from PWscf output file */ 
#L_UNITS ang 
#E_UNITS eV 
#S_UNITS GPA 
#F_UNITS EV/ANG 
#ALAT 	  15.20484     // a0 
#X 	   1.00000     0.00000     0.00000     // X 
#Y 	   0.00000     1.00000     0.00000     // Y 
#Z 	   0.00000     0.00000     1.00000     // Z 
#SX 	  -0.23698     0.00000     0.00000     // SX 
#SY 	   0.00000    -0.23698     0.00000     // SY 
#SZ 	   0.00000     0.00000    -0.23698     // SZ 
#EPA 	  -6.62400     // Energy per Atom 
#C 	1 1 1 
#W 	100.0 
#RCUT 	6.5        // Rcut 
RU      0.06250      0.06250      0.06250     -0.00000     -0.00000     -0.00000
RU      0.18750      0.18750      0.06250      0.00000      0.00000      0.00000
RU      0.18750      0.06250      0.18750      0.00000      0.00000      0.00000
RU      0.06250      0.18750      0.18750      0.00000      0.00000      0.00000
RU      0.06250      0.06250      0.31250      0.00000      0.00000     -0.00000
RU      0.18750      0.18750      0.31250     -0.00000     -0.00000     -0.00000
RU      0.18750      0.06250      0.43750      0.00000      0.00000     -0.00000
RU      0.06250      0.18750      0.43750      0.00000      0.00000     -0.00000
RU      0.06250      0.06250      0.56250      0.00000      0.00000      0.00000
RU      0.18750      0.18750      0.56250      0.00000      0.00000      0.00000
RU      0.18750      0.06250      0.68750      0.00000     -0.00000      0.00000
RU      0.06250      0.18750      0.68750     -0.00000      0.00000      0.00000
RU      0.06250      0.06250      0.81250     -0.00000     -0.00000      0.00000
RU      0.18750      0.18750      0.81250      0.00000      0.00000     -0.00000
RU      0.18750      0.06250      0.93750     -0.00000     -0.00000      0.00000
RU      0.06250      0.18750      0.93750     -0.00000     -0.00000      0.00000
RU      0.06250      0.31250      0.06250      0.00000     -0.00000      0.00000
RU      0.18750      0.43750      0.06250      0.00000     -0.00000      0.00000
RU      0.18750      0.31250      0.18750     -0.00000     -0.00000     -0.00000
RU      0.06250      0.43750      0.18750      0.00000     -0.00000      0.00000
RU      0.06250      0.31250      0.31250      0.00000      0.00000      0.00000
RU      0.18750      0.43750      0.31250      0.00000     -0.00000      0.00000
RU      0.18750      0.31250      0.43750      0.00000      0.00000     -0.00000
RU      0.06250      0.43750      0.43750     -0.00000     -0.00000     -0.00000
RU      0.06250      0.31250      0.56250      0.00000      0.00000      0.00000
RU      0.18750      0.43750      0.56250     -0.00000      0.00000     -0.00000
RU      0.18750      0.31250      0.68750      0.00000      0.00000     -0.00000
RU      0.06250      0.43750      0.68750      0.00000     -0.00000     -0.00000
RU      0.06250      0.31250      0.81250     -0.00000     -0.00000     -0.00000
RU      0.18750      0.43750      0.81250      0.00000     -0.00000     -0.00000
RU      0.18750      0.31250      0.93750      0.00000     -0.00000      0.00000
RU      0.06250      0.43750      0.93750      0.00000     -0.00000     -0.00000
RU      0.06250      0.56250      0.06250      0.00000      0.00000      0.00000
RU      0.18750      0.68750      0.06250      0.00000      0.00000     -0.00000
RU      0.18750      0.56250      0.18750      0.00000      0.00000      0.00000
RU      0.06250      0.68750      0.18750     -0.00000      0.00000      0.00000
RU      0.06250      0.56250      0.31250      0.00000      0.00000      0.00000
RU      0.18750      0.68750      0.31250      0.00000     -0.00000      0.00000
RU      0.18750      0.56250      0.43750     -0.00000     -0.00000      0.00000
RU      0.06250      0.68750      0.43750      0.00000     -0.00000     -0.00000
RU      0.06250      0.56250      0.56250     -0.00000      0.00000      0.00000
RU      0.18750      0.68750      0.56250      0.00000     -0.00000      0.00000
RU      0.18750      0.56250      0.68750      0.00000      0.00000     -0.00000
RU      0.06250      0.68750      0.68750      0.00000     -0.00000     -0.00000
RU      0.06250      0.56250      0.81250      0.00000      0.00000     -0.00000
RU      0.18750      0.68750      0.81250     -0.00000      0.00000      0.00000
RU      0.18750      0.56250      0.93750      0.00000      0.00000     -0.00000
RU      0.06250      0.68750      0.93750      0.00000      0.00000     -0.00000
RU      0.06250      0.81250      0.06250     -0.00000      0.00000     -0.00000
RU      0.18750      0.93750      0.06250     -0.00000      0.00000     -0.00000
RU      0.18750      0.81250      0.18750      0.00000     -0.00000      0.00000
RU      0.06250      0.93750      0.18750     -0.00000      0.00000     -0.00000
RU      0.06250      0.81250      0.31250     -0.00000     -0.00000     -0.00000
RU      0.18750      0.93750      0.31250      0.00000      0.00000     -0.00000
RU      0.18750      0.81250      0.43750      0.00000     -0.00000     -0.00000
RU      0.06250      0.93750      0.43750      0.00000     -0.00000     -0.00000
RU      0.06250      0.81250      0.56250      0.00000     -0.00000      0.00000
RU      0.18750      0.93750      0.56250      0.00000     -0.00000      0.00000
RU      0.18750      0.81250      0.68750     -0.00000      0.00000      0.00000
RU      0.06250      0.93750      0.68750      0.00000     -0.00000      0.00000
RU      0.06250      0.81250      0.81250      0.00000     -0.00000     -0.00000
RU      0.18750      0.93750      0.81250      0.00000     -0.00000     -0.00000
RU      0.18750      0.81250      0.93750      0.00000     -0.00000     -0.00000
RU      0.06250      0.93750      0.93750     -0.00000      0.00000      0.00000
RU      0.31250      0.06250      0.06250     -0.00000      0.00000      0.00000
RU      0.43750      0.18750      0.06250     -0.00000      0.00000      0.00000
RU      0.43750      0.06250      0.18750     -0.00000      0.00000      0.00000
RU      0.31250      0.18750      0.18750     -0.00000     -0.00000     -0.00000
RU      0.31250      0.06250      0.31250      0.00000      0.00000      0.00000
RU      0.43750      0.18750      0.31250     -0.00000      0.00000      0.00000
RU      0.43750      0.06250      0.43750     -0.00000     -0.00000     -0.00000
RU      0.31250      0.18750      0.43750      0.00000      0.00000     -0.00000
RU      0.31250      0.06250      0.56250      0.00000      0.00000      0.00000
RU      0.43750      0.18750      0.56250      0.00000     -0.00000     -0.00000
RU      0.43750      0.06250      0.68750     -0.00000      0.00000     -0.00000
RU      0.31250      0.18750      0.68750      0.00000      0.00000     -0.00000
RU      0.31250      0.06250      0.81250     -0.00000     -0.00000     -0.00000
RU      0.43750      0.18750      0.81250     -0.00000      0.00000     -0.00000
RU      0.43750      0.06250      0.93750     -0.00000      0.00000     -0.00000
RU      0.31250      0.18750      0.93750     -0.00000      0.00000      0.00000
RU      0.31250      0.31250      0.06250      0.00000      0.00000      0.00000
RU      0.43750      0.43750      0.06250     -0.00000     -0.00000     -0.00000
RU      0.43750      0.31250      0.18750     -0.00000      0.00000      0.00000
RU      0.31250      0.43750      0.18750      0.00000     -0.00000      0.00000
RU      0.31250      0.31250      0.31250     -0.00000     -0.00000     -0.00000
RU      0.43750      0.43750      0.31250      0.00000      0.00000      0.00000
RU      0.43750      0.31250      0.43750      0.00000      0.00000      0.00000
RU      0.31250      0.43750      0.43750      0.00000      0.00000      0.00000
RU      0.31250      0.31250      0.56250      0.00000      0.00000     -0.00000
RU      0.43750      0.43750      0.56250     -0.00000     -0.00000      0.00000
RU      0.43750      0.31250      0.68750      0.00000      0.00000     -0.00000
RU      0.31250      0.43750      0.68750      0.00000      0.00000     -0.00000
RU      0.31250      0.31250      0.81250      0.00000      0.00000     -0.00000
RU      0.43750      0.43750      0.81250      0.00000      0.00000      0.00000
RU      0.43750      0.31250      0.93750     -0.00000      0.00000     -0.00000
RU      0.31250      0.43750      0.93750      0.00000     -0.00000     -0.00000
RU      0.31250      0.56250      0.06250      0.00000      0.00000      0.00000
RU      0.43750      0.68750      0.06250     -0.00000     -0.00000      0.00000
RU      0.43750      0.56250      0.18750      0.00000     -0.00000     -0.00000
RU      0.31250      0.68750      0.18750      0.00000     -0.00000      0.00000
RU      0.31250      0.56250      0.31250      0.00000     -0.00000      0.00000
RU      0.43750      0.68750      0.31250      0.00000     -0.00000      0.00000
RU      0.43750      0.56250      0.43750     -0.00000      0.00000     -0.00000
RU      0.31250      0.68750      0.43750      0.00000     -0.00000      0.00000
RU      0.31250      0.56250      0.56250      0.00000     -0.00000     -0.00000
RU      0.43750      0.68750      0.56250      0.00000     -0.00000     -0.00000
RU      0.43750      0.56250      0.68750      0.00000     -0.00000     -0.00000
RU      0.31250      0.68750      0.68750     -0.00000      0.00000      0.00000
RU      0.31250      0.56250      0.81250      0.00000      0.00000     -0.00000
RU      0.43750      0.68750      0.81250     -0.00000     -0.00000     -0.00000
RU      0.43750      0.56250      0.93750     -0.00000      0.00000      0.00000
RU      0.31250      0.68750      0.93750      0.00000     -0.00000     -0.00000
RU      0.31250      0.81250      0.06250     -0.00000     -0.00000     -0.00000
RU      0.43750      0.93750      0.06250     -0.00000     -0.00000      0.00000
RU      0.43750      0.81250      0.18750     -0.00000     -0.00000      0.00000
RU      0.31250      0.93750      0.18750     -0.00000      0.00000      0.00000
RU      0.31250      0.81250      0.31250      0.00000     -0.00000      0.00000
RU      0.43750      0.93750      0.31250     -0.00000     -0.00000      0.00000
RU      0.43750      0.81250      0.43750      0.00000      0.00000      0.00000
RU      0.31250      0.93750      0.43750      0.00000     -0.00000     -0.00000
RU      0.31250      0.81250      0.56250      0.00000     -0.00000      0.00000
RU      0.43750      0.93750      0.56250     -0.00000      0.00000      0.00000
RU      0.43750      0.81250      0.68750     -0.00000     -0.00000     -0.00000
RU      0.31250      0.93750      0.68750      0.00000     -0.00000     -0.00000
RU      0.31250      0.81250      0.81250     -0.00000      0.00000      0.00000
RU      0.43750      0.93750      0.81250     -0.00000     -0.00000     -0.00000
RU      0.43750      0.81250      0.93750     -0.00000     -0.00000     -0.00000
RU      0.31250      0.93750      0.93750     -0.00000     -0.00000     -0.00000
RU      0.56250      0.06250      0.06250      0.00000      0.00000      0.00000
RU      0.68750      0.18750      0.06250      0.00000      0.00000     -0.00000
RU      0.68750      0.06250      0.18750      0.00000     -0.00000      0.00000
RU      0.56250      0.18750      0.18750      0.00000      0.00000      0.00000
RU      0.56250      0.06250      0.31250      0.00000      0.00000      0.00000
RU      0.68750      0.18750      0.31250     -0.00000      0.00000      0.00000
RU      0.68750      0.06250      0.43750     -0.00000      0.00000     -0.00000
RU      0.56250      0.18750      0.43750     -0.00000     -0.00000      0.00000
RU      0.56250      0.06250      0.56250      0.00000     -0.00000      0.00000
RU      0.68750      0.18750      0.56250     -0.00000      0.00000      0.00000
RU      0.68750      0.06250      0.68750     -0.00000      0.00000     -0.00000
RU      0.56250      0.18750      0.68750      0.00000      0.00000     -0.00000
RU      0.56250      0.06250      0.81250      0.00000      0.00000     -0.00000
RU      0.68750      0.18750      0.81250      0.00000     -0.00000      0.00000
RU      0.68750      0.06250      0.93750      0.00000      0.00000     -0.00000
RU      0.56250      0.18750      0.93750      0.00000      0.00000     -0.00000
RU      0.56250      0.31250      0.06250      0.00000      0.00000      0.00000
RU      0.68750      0.43750      0.06250     -0.00000     -0.00000      0.00000
RU      0.68750      0.31250      0.18750     -0.00000      0.00000      0.00000
RU      0.56250      0.43750      0.18750     -0.00000      0.00000     -0.00000
RU      0.56250      0.31250      0.31250     -0.00000      0.00000      0.00000
RU      0.68750      0.43750      0.31250     -0.00000      0.00000      0.00000
RU      0.68750      0.31250      0.43750     -0.00000      0.00000      0.00000
RU      0.56250      0.43750      0.43750      0.00000     -0.00000     -0.00000
RU      0.56250      0.31250      0.56250     -0.00000      0.00000     -0.00000
RU      0.68750      0.43750      0.56250     -0.00000      0.00000     -0.00000
RU      0.68750      0.31250      0.68750      0.00000     -0.00000      0.00000
RU      0.56250      0.43750      0.68750     -0.00000      0.00000     -0.00000
RU      0.56250      0.31250      0.81250      0.00000      0.00000     -0.00000
RU      0.68750      0.43750      0.81250     -0.00000     -0.00000     -0.00000
RU      0.68750      0.31250      0.93750     -0.00000      0.00000     -0.00000
RU      0.56250      0.43750      0.93750      0.00000     -0.00000      0.00000
RU      0.56250      0.56250      0.06250      0.00000      0.00000     -0.00000
RU      0.68750      0.68750      0.06250     -0.00000     -0.00000      0.00000
RU      0.68750      0.56250      0.18750     -0.00000      0.00000      0.00000
RU      0.56250      0.68750      0.18750      0.00000     -0.00000      0.00000
RU      0.56250      0.56250      0.31250     -0.00000     -0.00000      0.00000
RU      0.68750      0.68750      0.31250      0.00000      0.00000     -0.00000
RU      0.68750      0.56250      0.43750     -0.00000     -0.00000      0.00000
RU      0.56250      0.68750      0.43750     -0.00000     -0.00000      0.00000
RU      0.56250      0.56250      0.56250      0.00000      0.00000      0.00000
RU      0.68750      0.68750      0.56250     -0.00000     -0.00000     -0.00000
RU      0.68750      0.56250      0.68750     -0.00000     -0.00000     -0.00000
RU      0.56250      0.68750      0.68750     -0.00000     -0.00000     -0.00000
RU      0.56250      0.56250      0.81250     -0.00000     -0.00000      0.00000
RU      0.68750      0.68750      0.81250     -0.00000     -0.00000     -0.00000
RU      0.68750      0.56250      0.93750     -0.00000      0.00000     -0.00000
RU      0.56250      0.68750      0.93750      0.00000     -0.00000     -0.00000
RU      0.56250      0.81250      0.06250      0.00000     -0.00000      0.00000
RU      0.68750      0.93750      0.06250      0.00000     -0.00000      0.00000
RU      0.68750      0.81250      0.18750      0.00000      0.00000     -0.00000
RU      0.56250      0.93750      0.18750      0.00000     -0.00000      0.00000
RU      0.56250      0.81250      0.31250      0.00000     -0.00000      0.00000
RU      0.68750      0.93750      0.31250     -0.00000     -0.00000      0.00000
RU      0.68750      0.81250      0.43750     -0.00000     -0.00000     -0.00000
RU      0.56250      0.93750      0.43750      0.00000      0.00000     -0.00000
RU      0.56250      0.81250      0.56250     -0.00000      0.00000     -0.00000
RU      0.68750      0.93750      0.56250     -0.00000     -0.00000      0.00000
RU      0.68750      0.81250      0.68750     -0.00000     -0.00000     -0.00000
RU      0.56250      0.93750      0.68750      0.00000     -0.00000     -0.00000
RU      0.56250      0.81250      0.81250      0.00000     -0.00000     -0.00000
RU      0.68750      0.93750      0.81250      0.00000      0.00000     -0.00000
RU      0.68750      0.81250      0.93750      0.00000     -0.00000      0.00000
RU      0.56250      0.93750      0.93750      0.00000     -0.00000     -0.00000
RU      0.81250      0.06250      0.06250      0.00000     -0.00000     -0.00000
RU      0.93750      0.18750      0.06250      0.00000     -0.00000     -0.00000
RU      0.93750      0.06250      0.18750      0.00000     -0.00000     -0.00000
RU      0.81250      0.18750      0.18750     -0.00000      0.00000      0.00000
RU      0.81250      0.06250      0.31250     -0.00000     -0.00000     -0.00000
RU      0.93750      0.18750      0.31250      0.00000      0.00000     -0.00000
RU      0.93750      0.06250      0.43750     -0.00000      0.00000     -0.00000
RU      0.81250      0.18750      0.43750     -0.00000      0.00000     -0.00000
RU      0.81250      0.06250      0.56250     -0.00000      0.00000      0.00000
RU      0.93750      0.18750      0.56250     -0.00000      0.00000      0.00000
RU      0.93750      0.06250      0.68750     -0.00000      0.00000      0.00000
RU      0.81250      0.18750      0.68750      0.00000     -0.00000      0.00000
RU      0.81250      0.06250      0.81250     -0.00000      0.00000     -0.00000
RU      0.93750      0.18750      0.81250     -0.00000      0.00000     -0.00000
RU      0.93750      0.06250      0.93750      0.00000     -0.00000      0.00000
RU      0.81250      0.18750      0.93750     -0.00000      0.00000     -0.00000
RU      0.81250      0.31250      0.06250     -0.00000     -0.00000     -0.00000
RU      0.93750      0.43750      0.06250     -0.00000     -0.00000      0.00000
RU      0.93750      0.31250      0.18750      0.00000     -0.00000      0.00000
RU      0.81250      0.43750      0.18750     -0.00000     -0.00000      0.00000
RU      0.81250      0.31250      0.31250     -0.00000      0.00000      0.00000
RU      0.93750      0.43750      0.31250     -0.00000     -0.00000      0.00000
RU      0.93750      0.31250      0.43750     -0.00000      0.00000     -0.00000
RU      0.81250      0.43750      0.43750      0.00000      0.00000      0.00000
RU      0.81250      0.31250      0.56250     -0.00000      0.00000      0.00000
RU      0.93750      0.43750      0.56250      0.00000     -0.00000      0.00000
RU      0.93750      0.31250      0.68750     -0.00000      0.00000     -0.00000
RU      0.81250      0.43750      0.68750     -0.00000     -0.00000     -0.00000
RU      0.81250      0.31250      0.81250      0.00000     -0.00000      0.00000
RU      0.93750      0.43750      0.81250     -0.00000     -0.00000     -0.00000
RU      0.93750      0.31250      0.93750     -0.00000     -0.00000     -0.00000
RU      0.81250      0.43750      0.93750     -0.00000     -0.00000     -0.00000
RU      0.81250      0.56250      0.06250     -0.00000      0.00000      0.00000
RU      0.93750      0.68750      0.06250     -0.00000      0.00000      0.00000
RU      0.93750      0.56250      0.18750     -0.00000      0.00000      0.00000
RU      0.81250      0.68750      0.18750      0.00000      0.00000     -0.00000
RU      0.81250      0.56250      0.31250     -0.00000      0.00000      0.00000
RU      0.93750      0.68750      0.31250     -0.00000     -0.00000      0.00000
RU      0.93750      0.56250      0.43750      0.00000      0.00000     -0.00000
RU      0.81250      0.68750      0.43750     -0.00000     -0.00000     -0.00000
RU      0.81250      0.56250      0.56250      0.00000     -0.00000     -0.00000
RU      0.93750      0.68750      0.56250     -0.00000     -0.00000      0.00000
RU      0.93750      0.56250      0.68750     -0.00000      0.00000     -0.00000
RU      0.81250      0.68750      0.68750     -0.00000     -0.00000     -0.00000
RU      0.81250      0.56250      0.81250     -0.00000      0.00000     -0.00000
RU      0.93750      0.68750      0.81250      0.00000      0.00000     -0.00000
RU      0.93750      0.56250      0.93750     -0.00000      0.00000     -0.00000
RU      0.81250      0.68750      0.93750     -0.00000      0.00000      0.00000
RU      0.81250      0.81250      0.06250     -0.00000     -0.00000      0.00000
RU      0.93750      0.93750      0.06250      0.00000      0.00000     -0.00000
RU      0.93750      0.81250      0.18750     -0.00000     -0.00000      0.00000
RU      0.81250      0.93750      0.18750     -0.00000     -0.00000      0.00000
RU      0.81250      0.81250      0.31250      0.00000      0.00000     -0.00000
RU      0.93750      0.93750      0.31250     -0.00000     -0.00000     -0.00000
RU      0.93750      0.81250      0.43750     -0.00000     -0.00000     -0.00000
RU      0.81250      0.93750      0.43750     -0.00000     -0.00000     -0.00000
RU      0.81250      0.81250      0.56250     -0.00000     -0.00000      0.00000
RU      0.93750      0.93750      0.56250     -0.00000     -0.00000      0.00000
RU      0.93750      0.81250      0.68750      0.00000     -0.00000      0.00000
RU      0.81250      0.93750      0.68750     -0.00000      0.00000      0.00000
RU      0.81250      0.81250      0.81250     -0.00000     -0.00000     -0.00000
RU      0.93750      0.93750      0.81250      0.00000      0.00000      0.00000
RU      0.93750      0.81250      0.93750      0.00000      0.00000      0.00000
RU      0.81250      0.93750      0.93750      0.00000      0.00000      0.00000
