/* Converted from PWscf output file */ 
#L_UNITS ang 
#E_UNITS eV 
#S_UNITS GPA 
#F_UNITS EV/ANG 
#ALAT 	  15.23594     // a0 
#X 	   1.00000     0.00000     0.00000     // X 
#Y 	   0.00000     1.00000     0.00000     // Y 
#Z 	   0.00000     0.00000     1.00000     // Z 
#SX 	  -5.14947     0.04973     0.01269     // SX 
#SY 	   0.04973    -5.14947     0.01269     // SY 
#SZ 	   0.01269     0.01269     0.51028     // SZ 
#EPA 	  -5.84227     // Energy per Atom 
#C 	1 1 1 
#W 	40.0 
#RCUT 	6.5        // Rcut 
RU      0.12547      0.12547      0.17629     -0.00974     -0.00974      2.95338
RU      0.05311      0.05311      0.30134      0.48383      0.48383     -0.21703
RU      0.19703      0.19703      0.30187     -0.48062     -0.48062     -0.25342
RU      0.18661      0.06333      0.42901      0.21424     -0.20289     -1.19563
RU      0.06333      0.18661      0.42901     -0.20289      0.21424     -1.19563
RU      0.06207      0.06207      0.54840      0.23266      0.23266      1.93844
RU      0.18773      0.18773      0.54834     -0.21061     -0.21061      1.93905
RU      0.18720      0.06267      0.67168     -0.12136      0.12325      0.18513
RU      0.06267      0.18720      0.67168      0.12325     -0.12136      0.18513
RU      0.06378      0.30803      0.30326     -0.14070      0.33005      0.97083
RU      0.18646      0.43613      0.31421      0.12722      0.40777      0.53150
RU      0.18739      0.31225      0.43459      0.22635      0.41290     -1.40012
RU      0.06300      0.43654      0.43968     -0.06730      0.28939     -1.83614
RU      0.06299      0.31110      0.55161      0.15409     -0.22719      1.87166
RU      0.18848      0.43740      0.55653     -0.22341     -0.09332      1.96392
RU      0.18876      0.31275      0.67584     -0.17475     -0.27821     -0.07713
RU      0.06224      0.43696      0.67930      0.13673     -0.23210     -0.15417
RU      0.06254      0.56156      0.31801     -0.05136      0.17733      0.44360
RU      0.18731      0.68834      0.31806      0.04534     -0.17696      0.42891
RU      0.18768      0.56229      0.44270      0.03452      0.07236     -1.94338
RU      0.06217      0.68760      0.44282     -0.03869     -0.06295     -1.95584
RU      0.06252      0.56181      0.55865      0.12532     -0.06003      1.88680
RU      0.18735      0.68811      0.55863     -0.12203      0.05643      1.88704
RU      0.18844      0.56299      0.68298     -0.17192     -0.13133     -0.40924
RU      0.06138      0.68703      0.68300      0.18053      0.13091     -0.41360
RU      0.06346      0.81377      0.31426     -0.13269     -0.41028      0.52687
RU      0.18629      0.94182      0.30345      0.14032     -0.33781      0.95721
RU      0.18693      0.81335      0.43958      0.05124     -0.27907     -1.81853
RU      0.06255      0.93804      0.43430     -0.22073     -0.45765     -1.37664
RU      0.06136      0.81267      0.55651      0.23335      0.07454      1.95971
RU      0.18677      0.93875      0.55156     -0.13302      0.23316      1.88015
RU      0.18766      0.81290      0.67931     -0.13799      0.23452     -0.16007
RU      0.06119      0.93719      0.67591      0.17462      0.27590     -0.08321
RU      0.30803      0.06378      0.30326      0.33005     -0.14070      0.97083
RU      0.43613      0.18646      0.31421      0.40777      0.12722      0.53150
RU      0.43654      0.06300      0.43968      0.28939     -0.06730     -1.83614
RU      0.31225      0.18739      0.43459      0.41290      0.22635     -1.40012
RU      0.31110      0.06299      0.55161     -0.22719      0.15409      1.87166
RU      0.43740      0.18848      0.55653     -0.09332     -0.22341      1.96392
RU      0.43696      0.06224      0.67930     -0.23210      0.13673     -0.15417
RU      0.31275      0.18876      0.67584     -0.27821     -0.17475     -0.07713
RU      0.31628      0.31628      0.31383     -0.11590     -0.11590      0.49135
RU      0.43868      0.43868      0.32307      0.28915      0.28915      0.04710
RU      0.43792      0.31243      0.44235      0.21053      0.25792     -1.85934
RU      0.31243      0.43792      0.44235      0.25792      0.21053     -1.85934
RU      0.31292      0.31292      0.55460     -0.28970     -0.28970      1.94474
RU      0.43797      0.43797      0.56251     -0.18736     -0.18736      1.76704
RU      0.43955      0.31405      0.68383     -0.29277     -0.26285     -0.43000
RU      0.31405      0.43955      0.68383     -0.26285     -0.29277     -0.43000
RU      0.31122      0.56243      0.32098      0.27423      0.08182      0.23208
RU      0.43628      0.68880      0.32513      0.23933     -0.19422      0.04947
RU      0.43710      0.56294      0.44870      0.30266      0.13741     -2.07092
RU      0.31212      0.68848      0.44473      0.20036     -0.20357     -1.97675
RU      0.31298      0.56322      0.56176     -0.24328     -0.04337      1.77783
RU      0.43719      0.68838      0.56523     -0.16722     -0.00064      1.64835
RU      0.43872      0.56342      0.69185     -0.24009     -0.08845     -0.86709
RU      0.31323      0.68860      0.68657     -0.29555      0.03621     -0.60680
RU      0.30963      0.81490      0.31753      0.31490     -0.35898      0.33113
RU      0.43496      0.94023      0.31747      0.36267     -0.30768      0.34648
RU      0.43612      0.81380      0.44508      0.27393     -0.27793     -2.02826
RU      0.31030      0.93958      0.43710      0.34219     -0.34232     -1.77885
RU      0.31227      0.81320      0.55821     -0.29682      0.22776      1.86629
RU      0.43669      0.93758      0.55825     -0.23032      0.30382      1.86689
RU      0.43822      0.81167      0.68793     -0.28116      0.27755     -0.55515
RU      0.31194      0.93792      0.67796     -0.21559      0.21355     -0.10572
RU      0.56156      0.06254      0.31801      0.17733     -0.05136      0.44360
RU      0.68834      0.18731      0.31806     -0.17696      0.04534      0.42891
RU      0.68760      0.06217      0.44282     -0.06295     -0.03869     -1.95584
RU      0.56229      0.18768      0.44270      0.07236      0.03452     -1.94338
RU      0.56181      0.06252      0.55865     -0.06003      0.12532      1.88680
RU      0.68811      0.18735      0.55863      0.05643     -0.12203      1.88704
RU      0.68703      0.06138      0.68300      0.13091      0.18053     -0.41360
RU      0.56299      0.18844      0.68298     -0.13133     -0.17192     -0.40924
RU      0.56243      0.31122      0.32098      0.08182      0.27423      0.23208
RU      0.68880      0.43628      0.32513     -0.19422      0.23933      0.04947
RU      0.68848      0.31212      0.44473     -0.20357      0.20036     -1.97675
RU      0.56294      0.43710      0.44870      0.13741      0.30266     -2.07092
RU      0.56322      0.31298      0.56176     -0.04337     -0.24328      1.77783
RU      0.68838      0.43719      0.56523     -0.00064     -0.16722      1.64835
RU      0.68860      0.31323      0.68657      0.03621     -0.29555     -0.60680
RU      0.56342      0.43872      0.69185     -0.08845     -0.24009     -0.86709
RU      0.56309      0.56309      0.32874      0.16295      0.16295     -0.07970
RU      0.68689      0.68689      0.32879     -0.16051     -0.16051     -0.07835
RU      0.68831      0.56165      0.45112     -0.17050      0.16992     -2.11281
RU      0.56165      0.68831      0.45112      0.16992     -0.17050     -2.11281
RU      0.56276      0.56276      0.56780     -0.07964     -0.07964      1.61587
RU      0.68710      0.68710      0.56791      0.08197      0.08197      1.60935
RU      0.68704      0.56281      0.69671      0.08379     -0.08397     -1.17753
RU      0.56281      0.68704      0.69671     -0.08397      0.08379     -1.17753
RU      0.56106      0.81365      0.32521      0.20014     -0.23489      0.04369
RU      0.68749      0.93861      0.32114     -0.08414     -0.27029      0.22278
RU      0.68703      0.81282      0.44882     -0.13788     -0.29950     -2.07949
RU      0.56142      0.93773      0.44489      0.20955     -0.20101     -1.99758
RU      0.56145      0.81267      0.56531      0.01401      0.16998      1.64114
RU      0.68673      0.93696      0.56183      0.04301      0.23334      1.77545
RU      0.68643      0.81105      0.69206      0.08993      0.24522     -0.88123
RU      0.56132      0.93659      0.68658     -0.03789      0.30246     -0.60032
RU      0.81377      0.06346      0.31426     -0.41028     -0.13269      0.52687
RU      0.94182      0.18629      0.30345     -0.33781      0.14032      0.95721
RU      0.93804      0.06255      0.43430     -0.45765     -0.22073     -1.37664
RU      0.81335      0.18693      0.43958     -0.27907      0.05124     -1.81853
RU      0.81267      0.06136      0.55651      0.07454      0.23335      1.95971
RU      0.93875      0.18677      0.55156      0.23316     -0.13302      1.88015
RU      0.93719      0.06119      0.67591      0.27590      0.17462     -0.08321
RU      0.81290      0.18766      0.67931      0.23452     -0.13799     -0.16007
RU      0.81490      0.30963      0.31753     -0.35898      0.31490      0.33113
RU      0.94023      0.43496      0.31747     -0.30768      0.36267      0.34648
RU      0.93958      0.31030      0.43710     -0.34232      0.34219     -1.77885
RU      0.81380      0.43612      0.44508     -0.27793      0.27393     -2.02826
RU      0.81320      0.31227      0.55821      0.22776     -0.29682      1.86629
RU      0.93758      0.43669      0.55825      0.30382     -0.23032      1.86689
RU      0.93792      0.31194      0.67796      0.21355     -0.21559     -0.10572
RU      0.81167      0.43822      0.68793      0.27755     -0.28116     -0.55515
RU      0.81365      0.56106      0.32521     -0.23489      0.20014      0.04369
RU      0.93861      0.68749      0.32114     -0.27029     -0.08414      0.22278
RU      0.93773      0.56142      0.44489     -0.20101      0.20955     -1.99758
RU      0.81282      0.68703      0.44882     -0.29950     -0.13788     -2.07949
RU      0.81267      0.56145      0.56531      0.16998      0.01401      1.64114
RU      0.93696      0.68673      0.56183      0.23334      0.04301      1.77545
RU      0.93659      0.56132      0.68658      0.30246     -0.03789     -0.60032
RU      0.81105      0.68643      0.69206      0.24522      0.08993     -0.88123
RU      0.81145      0.81145      0.32316     -0.30514     -0.30514      0.04018
RU      0.93397      0.93397      0.31374      0.09066      0.09066      0.48375
RU      0.93746      0.81213      0.44238     -0.24998     -0.22434     -1.85620
RU      0.81213      0.93746      0.44238     -0.22434     -0.24998     -1.85620
RU      0.81193      0.81193      0.56262      0.18761      0.18761      1.76738
RU      0.93701      0.93701      0.55467      0.28906      0.28906      1.94606
RU      0.93579      0.81034      0.68400      0.26831      0.29537     -0.44476
RU      0.81034      0.93579      0.68400      0.29537      0.26831     -0.44476
