/* Converted from PWscf output file */ 
#L_UNITS ang 
#E_UNITS eV 
#S_UNITS GPA 
#F_UNITS EV/ANG 
#ALAT 	  15.23594     // a0 
#X 	   1.00000     0.00000     0.00000     // X 
#Y 	   0.00000     1.00000     0.00000     // Y 
#Z 	   0.00000     0.00000     1.00000     // Z 
#SX 	  -6.02901     0.00000     0.00000     // SX 
#SY 	   0.00000    -6.02901     0.00000     // SY 
#SZ 	   0.00000     0.00000    -2.99810     // SZ 
#EPA 	  -5.91335     // Energy per Atom 
#C 	1 1 1 
#W 	50.0 
#RCUT 	6.5        // Rcut 
RU      0.06249      0.06249      0.31476      0.00183      0.00183      0.50222
RU      0.18751      0.18751      0.31476     -0.00186     -0.00186      0.50222
RU      0.18751      0.06249      0.43537     -0.00265      0.00264     -0.50559
RU      0.06249      0.18751      0.43537      0.00264     -0.00265     -0.50559
RU      0.06249      0.06249      0.56463      0.00263      0.00263      0.50559
RU      0.18751      0.18751      0.56463     -0.00265     -0.00265      0.50560
RU      0.18751      0.06249      0.68524     -0.00184      0.00183     -0.50222
RU      0.06249      0.18751      0.68524      0.00183     -0.00184     -0.50222
RU      0.06249      0.31249      0.31476      0.00181      0.00184      0.50221
RU      0.18751      0.43751      0.31476     -0.00185     -0.00183      0.50221
RU      0.18751      0.31249      0.43537     -0.00266      0.00264     -0.50557
RU      0.06249      0.43751      0.43537      0.00263     -0.00265     -0.50559
RU      0.06249      0.31249      0.56463      0.00265      0.00265      0.50560
RU      0.18751      0.43751      0.56463     -0.00265     -0.00266      0.50560
RU      0.18751      0.31249      0.68524     -0.00183      0.00185     -0.50220
RU      0.06249      0.43751      0.68524      0.00183     -0.00185     -0.50221
RU      0.06249      0.56249      0.31476      0.00183      0.00185      0.50221
RU      0.18751      0.68751      0.31476     -0.00183     -0.00185      0.50220
RU      0.18751      0.56249      0.43537     -0.00265      0.00266     -0.50560
RU      0.06249      0.68751      0.43537      0.00265     -0.00265     -0.50560
RU      0.06249      0.56249      0.56463      0.00263      0.00265      0.50559
RU      0.18751      0.68751      0.56463     -0.00266     -0.00264      0.50557
RU      0.18751      0.56249      0.68524     -0.00185      0.00183     -0.50221
RU      0.06249      0.68751      0.68524      0.00181     -0.00184     -0.50221
RU      0.06249      0.81249      0.31476      0.00183      0.00184      0.50222
RU      0.18751      0.93751      0.31476     -0.00184     -0.00183      0.50222
RU      0.18751      0.81249      0.43537     -0.00265      0.00265     -0.50560
RU      0.06249      0.93751      0.43537      0.00263     -0.00263     -0.50559
RU      0.06249      0.81249      0.56463      0.00264      0.00265      0.50559
RU      0.18751      0.93751      0.56463     -0.00265     -0.00264      0.50559
RU      0.18751      0.81249      0.68524     -0.00186      0.00186     -0.50222
RU      0.06249      0.93751      0.68524      0.00183     -0.00183     -0.50222
RU      0.31249      0.06249      0.31476      0.00184      0.00181      0.50221
RU      0.43751      0.18751      0.31476     -0.00183     -0.00185      0.50221
RU      0.43751      0.06249      0.43537     -0.00265      0.00263     -0.50559
RU      0.31249      0.18751      0.43537      0.00264     -0.00266     -0.50557
RU      0.31249      0.06249      0.56463      0.00265      0.00265      0.50560
RU      0.43751      0.18751      0.56463     -0.00266     -0.00265      0.50560
RU      0.43751      0.06249      0.68524     -0.00185      0.00183     -0.50221
RU      0.31249      0.18751      0.68524      0.00185     -0.00183     -0.50220
RU      0.31249      0.31249      0.31476      0.00183      0.00183      0.50221
RU      0.43751      0.43751      0.31476     -0.00185     -0.00185      0.50225
RU      0.43751      0.31249      0.43537     -0.00264      0.00265     -0.50558
RU      0.31249      0.43751      0.43537      0.00265     -0.00264     -0.50558
RU      0.31249      0.31249      0.56463      0.00265      0.00265      0.50561
RU      0.43751      0.43751      0.56463     -0.00266     -0.00266      0.50559
RU      0.43751      0.31249      0.68524     -0.00188      0.00183     -0.50220
RU      0.31249      0.43751      0.68524      0.00183     -0.00188     -0.50220
RU      0.31249      0.56249      0.31476      0.00183      0.00188      0.50220
RU      0.43751      0.68751      0.31476     -0.00188     -0.00183      0.50220
RU      0.43751      0.56249      0.43537     -0.00266      0.00266     -0.50559
RU      0.31249      0.68751      0.43537      0.00265     -0.00265     -0.50561
RU      0.31249      0.56249      0.56463      0.00265      0.00264      0.50558
RU      0.43751      0.68751      0.56463     -0.00264     -0.00265      0.50558
RU      0.43751      0.56249      0.68524     -0.00185      0.00185     -0.50225
RU      0.31249      0.68751      0.68524      0.00183     -0.00183     -0.50221
RU      0.31249      0.81249      0.31476      0.00185      0.00183      0.50220
RU      0.43751      0.93751      0.31476     -0.00185     -0.00183      0.50221
RU      0.43751      0.81249      0.43537     -0.00266      0.00265     -0.50560
RU      0.31249      0.93751      0.43537      0.00265     -0.00265     -0.50560
RU      0.31249      0.81249      0.56463      0.00264      0.00266      0.50557
RU      0.43751      0.93751      0.56463     -0.00265     -0.00263      0.50559
RU      0.43751      0.81249      0.68524     -0.00183      0.00185     -0.50221
RU      0.31249      0.93751      0.68524      0.00184     -0.00181     -0.50221
RU      0.56249      0.06249      0.31476      0.00185      0.00183      0.50221
RU      0.68751      0.18751      0.31476     -0.00185     -0.00183      0.50220
RU      0.68751      0.06249      0.43537     -0.00265      0.00265     -0.50560
RU      0.56249      0.18751      0.43537      0.00266     -0.00265     -0.50560
RU      0.56249      0.06249      0.56463      0.00265      0.00263      0.50559
RU      0.68751      0.18751      0.56463     -0.00264     -0.00266      0.50557
RU      0.68751      0.06249      0.68524     -0.00184      0.00181     -0.50221
RU      0.56249      0.18751      0.68524      0.00183     -0.00185     -0.50221
RU      0.56249      0.31249      0.31476      0.00188      0.00183      0.50220
RU      0.68751      0.43751      0.31476     -0.00183     -0.00188      0.50220
RU      0.68751      0.31249      0.43537     -0.00265      0.00265     -0.50561
RU      0.56249      0.43751      0.43537      0.00266     -0.00266     -0.50559
RU      0.56249      0.31249      0.56463      0.00264      0.00265      0.50558
RU      0.68751      0.43751      0.56463     -0.00265     -0.00264      0.50558
RU      0.68751      0.31249      0.68524     -0.00183      0.00183     -0.50221
RU      0.56249      0.43751      0.68524      0.00185     -0.00185     -0.50225
RU      0.56249      0.56249      0.31476      0.00185      0.00185      0.50225
RU      0.68751      0.68751      0.31476     -0.00183     -0.00183      0.50221
RU      0.68751      0.56249      0.43537     -0.00265      0.00264     -0.50558
RU      0.56249      0.68751      0.43537      0.00264     -0.00265     -0.50558
RU      0.56249      0.56249      0.56463      0.00266      0.00266      0.50559
RU      0.68751      0.68751      0.56463     -0.00265     -0.00265      0.50561
RU      0.68751      0.56249      0.68524     -0.00183      0.00188     -0.50220
RU      0.56249      0.68751      0.68524      0.00188     -0.00183     -0.50220
RU      0.56249      0.81249      0.31476      0.00183      0.00185      0.50221
RU      0.68751      0.93751      0.31476     -0.00184     -0.00181      0.50221
RU      0.68751      0.81249      0.43537     -0.00264      0.00266     -0.50557
RU      0.56249      0.93751      0.43537      0.00265     -0.00263     -0.50559
RU      0.56249      0.81249      0.56463      0.00266      0.00265      0.50560
RU      0.68751      0.93751      0.56463     -0.00265     -0.00265      0.50560
RU      0.68751      0.81249      0.68524     -0.00185      0.00183     -0.50220
RU      0.56249      0.93751      0.68524      0.00185     -0.00183     -0.50221
RU      0.81249      0.06249      0.31476      0.00184      0.00183      0.50222
RU      0.93751      0.18751      0.31476     -0.00183     -0.00184      0.50222
RU      0.93751      0.06249      0.43537     -0.00263      0.00263     -0.50559
RU      0.81249      0.18751      0.43537      0.00265     -0.00265     -0.50560
RU      0.81249      0.06249      0.56463      0.00265      0.00264      0.50559
RU      0.93751      0.18751      0.56463     -0.00264     -0.00265      0.50559
RU      0.93751      0.06249      0.68524     -0.00183      0.00183     -0.50222
RU      0.81249      0.18751      0.68524      0.00186     -0.00186     -0.50222
RU      0.81249      0.31249      0.31476      0.00183      0.00185      0.50220
RU      0.93751      0.43751      0.31476     -0.00183     -0.00185      0.50221
RU      0.93751      0.31249      0.43537     -0.00265      0.00265     -0.50560
RU      0.81249      0.43751      0.43537      0.00265     -0.00266     -0.50560
RU      0.81249      0.31249      0.56463      0.00266      0.00264      0.50557
RU      0.93751      0.43751      0.56463     -0.00263     -0.00265      0.50559
RU      0.93751      0.31249      0.68524     -0.00181      0.00184     -0.50221
RU      0.81249      0.43751      0.68524      0.00185     -0.00183     -0.50221
RU      0.81249      0.56249      0.31476      0.00185      0.00183      0.50221
RU      0.93751      0.68751      0.31476     -0.00181     -0.00184      0.50221
RU      0.93751      0.56249      0.43537     -0.00263      0.00265     -0.50559
RU      0.81249      0.68751      0.43537      0.00266     -0.00264     -0.50557
RU      0.81249      0.56249      0.56463      0.00265      0.00266      0.50560
RU      0.93751      0.68751      0.56463     -0.00265     -0.00265      0.50560
RU      0.93751      0.56249      0.68524     -0.00183      0.00185     -0.50221
RU      0.81249      0.68751      0.68524      0.00183     -0.00185     -0.50220
RU      0.81249      0.81249      0.31476      0.00186      0.00186      0.50222
RU      0.93751      0.93751      0.31476     -0.00183     -0.00183      0.50222
RU      0.93751      0.81249      0.43537     -0.00264      0.00265     -0.50559
RU      0.81249      0.93751      0.43537      0.00265     -0.00264     -0.50559
RU      0.81249      0.81249      0.56463      0.00265      0.00265      0.50560
RU      0.93751      0.93751      0.56463     -0.00263     -0.00263      0.50559
RU      0.93751      0.81249      0.68524     -0.00183      0.00184     -0.50222
RU      0.81249      0.93751      0.68524      0.00184     -0.00183     -0.50222
