/* Converted from PWscf output file */ 
#L_UNITS ang 
#E_UNITS eV 
#S_UNITS GPA 
#F_UNITS EV/ANG 
#ALAT 	  15.71986     // a0 
#X 	   1.00000     0.00000     0.00000     // X 
#Y 	   0.00000     1.00000     0.00000     // Y 
#Z 	   0.00000     0.00000     1.00000     // Z 
#SX 	 -29.58473     0.00000     0.00000     // SX 
#SY 	   0.00000   -29.58473     0.00000     // SY 
#SZ 	   0.00000     0.00000   -29.58473     // SZ 
#EPA 	  -2.80089     // Energy per Atom 
#C 	1 1 1 
#W 	1.0 
#RCUT 	6.5        // Rcut 
RU      0.00000      0.00000      0.00000      0.00000      0.00000      0.00000
RU      0.12500      0.12500      0.12500      0.00054      0.00054      0.00054
RU      0.00000      0.00000      0.25000      0.00000      0.00000      0.00000
RU      0.12500      0.12500      0.37500      0.00054      0.00054     -0.00054
RU      0.00000      0.25000      0.00000      0.00000      0.00000      0.00000
RU      0.12500      0.37500      0.12500      0.00054     -0.00054      0.00054
RU      0.00000      0.25000      0.25000      0.00000      0.00000      0.00000
RU      0.12500      0.37500      0.37500      0.00054     -0.00054     -0.00054
RU      0.25000      0.00000      0.00000      0.00000      0.00000      0.00000
RU      0.37500      0.12500      0.12500     -0.00054      0.00054      0.00054
RU      0.25000      0.00000      0.25000      0.00000      0.00000      0.00000
RU      0.37500      0.12500      0.37500     -0.00054      0.00054     -0.00054
RU      0.25000      0.25000      0.00000      0.00000      0.00000      0.00000
RU      0.37500      0.37500      0.12500     -0.00054     -0.00054      0.00054
RU      0.25000      0.25000      0.25000      0.00000      0.00000      0.00000
RU      0.37500      0.37500      0.37500     -0.00054     -0.00054     -0.00054
RU      0.00000      0.00000      0.50000      0.00000      0.00000      0.00000
RU      0.12500      0.12500      0.62500      0.00054      0.00054      0.00054
RU      0.00000      0.00000      0.75000      0.00000      0.00000      0.00000
RU      0.12500      0.12500      0.87500      0.00054      0.00054     -0.00054
RU      0.00000      0.25000      0.50000      0.00000      0.00000      0.00000
RU      0.12500      0.37500      0.62500      0.00054     -0.00054      0.00054
RU      0.00000      0.25000      0.75000      0.00000      0.00000      0.00000
RU      0.12500      0.37500      0.87500      0.00054     -0.00054     -0.00054
RU      0.25000      0.00000      0.50000      0.00000      0.00000      0.00000
RU      0.37500      0.12500      0.62500     -0.00054      0.00054      0.00054
RU      0.25000      0.00000      0.75000      0.00000      0.00000      0.00000
RU      0.37500      0.12500      0.87500     -0.00054      0.00054     -0.00054
RU      0.25000      0.25000      0.50000      0.00000      0.00000      0.00000
RU      0.37500      0.37500      0.62500     -0.00054     -0.00054      0.00054
RU      0.25000      0.25000      0.75000      0.00000      0.00000      0.00000
RU      0.37500      0.37500      0.87500     -0.00054     -0.00054     -0.00054
RU      0.00000      0.50000      0.00000      0.00000      0.00000      0.00000
RU      0.12500      0.62500      0.12500      0.00054      0.00054      0.00054
RU      0.00000      0.50000      0.25000      0.00000      0.00000      0.00000
RU      0.12500      0.62500      0.37500      0.00054      0.00054     -0.00054
RU      0.00000      0.75000      0.00000      0.00000      0.00000      0.00000
RU      0.12500      0.87500      0.12500      0.00054     -0.00054      0.00054
RU      0.00000      0.75000      0.25000      0.00000      0.00000      0.00000
RU      0.12500      0.87500      0.37500      0.00054     -0.00054     -0.00054
RU      0.25000      0.50000      0.00000      0.00000      0.00000      0.00000
RU      0.37500      0.62500      0.12500     -0.00054      0.00054      0.00054
RU      0.25000      0.50000      0.25000      0.00000      0.00000      0.00000
RU      0.37500      0.62500      0.37500     -0.00054      0.00054     -0.00054
RU      0.25000      0.75000      0.00000      0.00000      0.00000      0.00000
RU      0.37500      0.87500      0.12500     -0.00054     -0.00054      0.00054
RU      0.25000      0.75000      0.25000      0.00000      0.00000      0.00000
RU      0.37500      0.87500      0.37500     -0.00054     -0.00054     -0.00054
RU      0.00000      0.50000      0.50000      0.00000      0.00000      0.00000
RU      0.12500      0.62500      0.62500      0.00054      0.00054      0.00054
RU      0.00000      0.50000      0.75000      0.00000      0.00000      0.00000
RU      0.12500      0.62500      0.87500      0.00054      0.00054     -0.00054
RU      0.00000      0.75000      0.50000      0.00000      0.00000      0.00000
RU      0.12500      0.87500      0.62500      0.00054     -0.00054      0.00054
RU      0.00000      0.75000      0.75000      0.00000      0.00000      0.00000
RU      0.12500      0.87500      0.87500      0.00054     -0.00054     -0.00054
RU      0.25000      0.50000      0.50000      0.00000      0.00000      0.00000
RU      0.37500      0.62500      0.62500     -0.00054      0.00054      0.00054
RU      0.25000      0.50000      0.75000      0.00000      0.00000      0.00000
RU      0.37500      0.62500      0.87500     -0.00054      0.00054     -0.00054
RU      0.25000      0.75000      0.50000      0.00000      0.00000      0.00000
RU      0.37500      0.87500      0.62500     -0.00054     -0.00054      0.00054
RU      0.25000      0.75000      0.75000      0.00000      0.00000      0.00000
RU      0.37500      0.87500      0.87500     -0.00054     -0.00054     -0.00054
RU      0.50000      0.00000      0.00000      0.00000      0.00000      0.00000
RU      0.62500      0.12500      0.12500      0.00054      0.00054      0.00054
RU      0.50000      0.00000      0.25000      0.00000      0.00000      0.00000
RU      0.62500      0.12500      0.37500      0.00054      0.00054     -0.00054
RU      0.50000      0.25000      0.00000      0.00000      0.00000      0.00000
RU      0.62500      0.37500      0.12500      0.00054     -0.00054      0.00054
RU      0.50000      0.25000      0.25000      0.00000      0.00000      0.00000
RU      0.62500      0.37500      0.37500      0.00054     -0.00054     -0.00054
RU      0.75000      0.00000      0.00000      0.00000      0.00000      0.00000
RU      0.87500      0.12500      0.12500     -0.00054      0.00054      0.00054
RU      0.75000      0.00000      0.25000      0.00000      0.00000      0.00000
RU      0.87500      0.12500      0.37500     -0.00054      0.00054     -0.00054
RU      0.75000      0.25000      0.00000      0.00000      0.00000      0.00000
RU      0.87500      0.37500      0.12500     -0.00054     -0.00054      0.00054
RU      0.75000      0.25000      0.25000      0.00000      0.00000      0.00000
RU      0.87500      0.37500      0.37500     -0.00054     -0.00054     -0.00054
RU      0.50000      0.00000      0.50000      0.00000      0.00000      0.00000
RU      0.62500      0.12500      0.62500      0.00054      0.00054      0.00054
RU      0.50000      0.00000      0.75000      0.00000      0.00000      0.00000
RU      0.62500      0.12500      0.87500      0.00054      0.00054     -0.00054
RU      0.50000      0.25000      0.50000      0.00000      0.00000      0.00000
RU      0.62500      0.37500      0.62500      0.00054     -0.00054      0.00054
RU      0.50000      0.25000      0.75000      0.00000      0.00000      0.00000
RU      0.62500      0.37500      0.87500      0.00054     -0.00054     -0.00054
RU      0.75000      0.00000      0.50000      0.00000      0.00000      0.00000
RU      0.87500      0.12500      0.62500     -0.00054      0.00054      0.00054
RU      0.75000      0.00000      0.75000      0.00000      0.00000      0.00000
RU      0.87500      0.12500      0.87500     -0.00054      0.00054     -0.00054
RU      0.75000      0.25000      0.50000      0.00000      0.00000      0.00000
RU      0.87500      0.37500      0.62500     -0.00054     -0.00054      0.00054
RU      0.75000      0.25000      0.75000      0.00000      0.00000      0.00000
RU      0.87500      0.37500      0.87500     -0.00054     -0.00054     -0.00054
RU      0.50000      0.50000      0.00000      0.00000      0.00000      0.00000
RU      0.62500      0.62500      0.12500      0.00054      0.00054      0.00054
RU      0.50000      0.50000      0.25000      0.00000      0.00000      0.00000
RU      0.62500      0.62500      0.37500      0.00054      0.00054     -0.00054
RU      0.50000      0.75000      0.00000      0.00000      0.00000      0.00000
RU      0.62500      0.87500      0.12500      0.00054     -0.00054      0.00054
RU      0.50000      0.75000      0.25000      0.00000      0.00000      0.00000
RU      0.62500      0.87500      0.37500      0.00054     -0.00054     -0.00054
RU      0.75000      0.50000      0.00000      0.00000      0.00000      0.00000
RU      0.87500      0.62500      0.12500     -0.00054      0.00054      0.00054
RU      0.75000      0.50000      0.25000      0.00000      0.00000      0.00000
RU      0.87500      0.62500      0.37500     -0.00054      0.00054     -0.00054
RU      0.75000      0.75000      0.00000      0.00000      0.00000      0.00000
RU      0.87500      0.87500      0.12500     -0.00054     -0.00054      0.00054
RU      0.75000      0.75000      0.25000      0.00000      0.00000      0.00000
RU      0.87500      0.87500      0.37500     -0.00054     -0.00054     -0.00054
RU      0.50000      0.50000      0.50000      0.00000      0.00000      0.00000
RU      0.62500      0.62500      0.62500      0.00054      0.00054      0.00054
RU      0.50000      0.50000      0.75000      0.00000      0.00000      0.00000
RU      0.62500      0.62500      0.87500      0.00054      0.00054     -0.00054
RU      0.50000      0.75000      0.50000      0.00000      0.00000      0.00000
RU      0.62500      0.87500      0.62500      0.00054     -0.00054      0.00054
RU      0.50000      0.75000      0.75000      0.00000      0.00000      0.00000
RU      0.62500      0.87500      0.87500      0.00054     -0.00054     -0.00054
RU      0.75000      0.50000      0.50000      0.00000      0.00000      0.00000
RU      0.87500      0.62500      0.62500     -0.00054      0.00054      0.00054
RU      0.75000      0.50000      0.75000      0.00000      0.00000      0.00000
RU      0.87500      0.62500      0.87500     -0.00054      0.00054     -0.00054
RU      0.75000      0.75000      0.50000      0.00000      0.00000      0.00000
RU      0.87500      0.87500      0.62500     -0.00054     -0.00054      0.00054
RU      0.75000      0.75000      0.75000      0.00000      0.00000      0.00000
RU      0.87500      0.87500      0.87500     -0.00054     -0.00054     -0.00054
