/* Converted from PWscf output file */ 
#L_UNITS ang 
#E_UNITS eV 
#S_UNITS GPA 
#F_UNITS EV/ANG 
#ALAT 	  16.92908     // a0 
#X 	   1.00000     0.00000     0.00000     // X 
#Y 	   0.00000     1.00000     0.00000     // Y 
#Z 	   0.00000     0.00000     1.00000     // Z 
#SX 	 -20.80380     0.00000     0.00000     // SX 
#SY 	   0.00000   -20.80380     0.00000     // SY 
#SZ 	   0.00000     0.00000   -20.80380     // SZ 
#EPA 	  -1.62361     // Energy per Atom 
#C 	1 1 1 
#W 	1.0 
#RCUT 	6.5        // Rcut 
RU      0.00000      0.00000      0.00000      0.00000      0.00000      0.00000
RU      0.12500      0.12500      0.12500      0.00100      0.00100      0.00100
RU      0.00000      0.00000      0.25000      0.00000      0.00000      0.00000
RU      0.12500      0.12500      0.37500      0.00100      0.00100     -0.00100
RU      0.00000      0.25000      0.00000      0.00000      0.00000      0.00000
RU      0.12500      0.37500      0.12500      0.00100     -0.00100      0.00100
RU      0.00000      0.25000      0.25000      0.00000      0.00000      0.00000
RU      0.12500      0.37500      0.37500      0.00100     -0.00100     -0.00100
RU      0.25000      0.00000      0.00000      0.00000      0.00000      0.00000
RU      0.37500      0.12500      0.12500     -0.00100      0.00100      0.00100
RU      0.25000      0.00000      0.25000      0.00000      0.00000      0.00000
RU      0.37500      0.12500      0.37500     -0.00100      0.00100     -0.00100
RU      0.25000      0.25000      0.00000      0.00000      0.00000      0.00000
RU      0.37500      0.37500      0.12500     -0.00100     -0.00100      0.00100
RU      0.25000      0.25000      0.25000      0.00000      0.00000      0.00000
RU      0.37500      0.37500      0.37500     -0.00100     -0.00100     -0.00100
RU      0.00000      0.00000      0.50000      0.00000      0.00000      0.00000
RU      0.12500      0.12500      0.62500      0.00100      0.00100      0.00100
RU      0.00000      0.00000      0.75000      0.00000      0.00000      0.00000
RU      0.12500      0.12500      0.87500      0.00100      0.00100     -0.00100
RU      0.00000      0.25000      0.50000      0.00000      0.00000      0.00000
RU      0.12500      0.37500      0.62500      0.00100     -0.00100      0.00100
RU      0.00000      0.25000      0.75000      0.00000      0.00000      0.00000
RU      0.12500      0.37500      0.87500      0.00100     -0.00100     -0.00100
RU      0.25000      0.00000      0.50000      0.00000      0.00000      0.00000
RU      0.37500      0.12500      0.62500     -0.00100      0.00100      0.00100
RU      0.25000      0.00000      0.75000      0.00000      0.00000      0.00000
RU      0.37500      0.12500      0.87500     -0.00100      0.00100     -0.00100
RU      0.25000      0.25000      0.50000      0.00000      0.00000      0.00000
RU      0.37500      0.37500      0.62500     -0.00100     -0.00100      0.00100
RU      0.25000      0.25000      0.75000      0.00000      0.00000      0.00000
RU      0.37500      0.37500      0.87500     -0.00100     -0.00100     -0.00100
RU      0.00000      0.50000      0.00000      0.00000      0.00000      0.00000
RU      0.12500      0.62500      0.12500      0.00100      0.00100      0.00100
RU      0.00000      0.50000      0.25000      0.00000      0.00000      0.00000
RU      0.12500      0.62500      0.37500      0.00100      0.00100     -0.00100
RU      0.00000      0.75000      0.00000      0.00000      0.00000      0.00000
RU      0.12500      0.87500      0.12500      0.00100     -0.00100      0.00100
RU      0.00000      0.75000      0.25000      0.00000      0.00000      0.00000
RU      0.12500      0.87500      0.37500      0.00100     -0.00100     -0.00100
RU      0.25000      0.50000      0.00000      0.00000      0.00000      0.00000
RU      0.37500      0.62500      0.12500     -0.00100      0.00100      0.00100
RU      0.25000      0.50000      0.25000      0.00000      0.00000      0.00000
RU      0.37500      0.62500      0.37500     -0.00100      0.00100     -0.00100
RU      0.25000      0.75000      0.00000      0.00000      0.00000      0.00000
RU      0.37500      0.87500      0.12500     -0.00100     -0.00100      0.00100
RU      0.25000      0.75000      0.25000      0.00000      0.00000      0.00000
RU      0.37500      0.87500      0.37500     -0.00100     -0.00100     -0.00100
RU      0.00000      0.50000      0.50000      0.00000      0.00000      0.00000
RU      0.12500      0.62500      0.62500      0.00100      0.00100      0.00100
RU      0.00000      0.50000      0.75000      0.00000      0.00000      0.00000
RU      0.12500      0.62500      0.87500      0.00100      0.00100     -0.00100
RU      0.00000      0.75000      0.50000      0.00000      0.00000      0.00000
RU      0.12500      0.87500      0.62500      0.00100     -0.00100      0.00100
RU      0.00000      0.75000      0.75000      0.00000      0.00000      0.00000
RU      0.12500      0.87500      0.87500      0.00100     -0.00100     -0.00100
RU      0.25000      0.50000      0.50000      0.00000      0.00000      0.00000
RU      0.37500      0.62500      0.62500     -0.00100      0.00100      0.00100
RU      0.25000      0.50000      0.75000      0.00000      0.00000      0.00000
RU      0.37500      0.62500      0.87500     -0.00100      0.00100     -0.00100
RU      0.25000      0.75000      0.50000      0.00000      0.00000      0.00000
RU      0.37500      0.87500      0.62500     -0.00100     -0.00100      0.00100
RU      0.25000      0.75000      0.75000      0.00000      0.00000      0.00000
RU      0.37500      0.87500      0.87500     -0.00100     -0.00100     -0.00100
RU      0.50000      0.00000      0.00000      0.00000      0.00000      0.00000
RU      0.62500      0.12500      0.12500      0.00100      0.00100      0.00100
RU      0.50000      0.00000      0.25000      0.00000      0.00000      0.00000
RU      0.62500      0.12500      0.37500      0.00100      0.00100     -0.00100
RU      0.50000      0.25000      0.00000      0.00000      0.00000      0.00000
RU      0.62500      0.37500      0.12500      0.00100     -0.00100      0.00100
RU      0.50000      0.25000      0.25000      0.00000      0.00000      0.00000
RU      0.62500      0.37500      0.37500      0.00100     -0.00100     -0.00100
RU      0.75000      0.00000      0.00000      0.00000      0.00000      0.00000
RU      0.87500      0.12500      0.12500     -0.00100      0.00100      0.00100
RU      0.75000      0.00000      0.25000      0.00000      0.00000      0.00000
RU      0.87500      0.12500      0.37500     -0.00100      0.00100     -0.00100
RU      0.75000      0.25000      0.00000      0.00000      0.00000      0.00000
RU      0.87500      0.37500      0.12500     -0.00100     -0.00100      0.00100
RU      0.75000      0.25000      0.25000      0.00000      0.00000      0.00000
RU      0.87500      0.37500      0.37500     -0.00100     -0.00100     -0.00100
RU      0.50000      0.00000      0.50000      0.00000      0.00000      0.00000
RU      0.62500      0.12500      0.62500      0.00100      0.00100      0.00100
RU      0.50000      0.00000      0.75000      0.00000      0.00000      0.00000
RU      0.62500      0.12500      0.87500      0.00100      0.00100     -0.00100
RU      0.50000      0.25000      0.50000      0.00000      0.00000      0.00000
RU      0.62500      0.37500      0.62500      0.00100     -0.00100      0.00100
RU      0.50000      0.25000      0.75000      0.00000      0.00000      0.00000
RU      0.62500      0.37500      0.87500      0.00100     -0.00100     -0.00100
RU      0.75000      0.00000      0.50000      0.00000      0.00000      0.00000
RU      0.87500      0.12500      0.62500     -0.00100      0.00100      0.00100
RU      0.75000      0.00000      0.75000      0.00000      0.00000      0.00000
RU      0.87500      0.12500      0.87500     -0.00100      0.00100     -0.00100
RU      0.75000      0.25000      0.50000      0.00000      0.00000      0.00000
RU      0.87500      0.37500      0.62500     -0.00100     -0.00100      0.00100
RU      0.75000      0.25000      0.75000      0.00000      0.00000      0.00000
RU      0.87500      0.37500      0.87500     -0.00100     -0.00100     -0.00100
RU      0.50000      0.50000      0.00000      0.00000      0.00000      0.00000
RU      0.62500      0.62500      0.12500      0.00100      0.00100      0.00100
RU      0.50000      0.50000      0.25000      0.00000      0.00000      0.00000
RU      0.62500      0.62500      0.37500      0.00100      0.00100     -0.00100
RU      0.50000      0.75000      0.00000      0.00000      0.00000      0.00000
RU      0.62500      0.87500      0.12500      0.00100     -0.00100      0.00100
RU      0.50000      0.75000      0.25000      0.00000      0.00000      0.00000
RU      0.62500      0.87500      0.37500      0.00100     -0.00100     -0.00100
RU      0.75000      0.50000      0.00000      0.00000      0.00000      0.00000
RU      0.87500      0.62500      0.12500     -0.00100      0.00100      0.00100
RU      0.75000      0.50000      0.25000      0.00000      0.00000      0.00000
RU      0.87500      0.62500      0.37500     -0.00100      0.00100     -0.00100
RU      0.75000      0.75000      0.00000      0.00000      0.00000      0.00000
RU      0.87500      0.87500      0.12500     -0.00100     -0.00100      0.00100
RU      0.75000      0.75000      0.25000      0.00000      0.00000      0.00000
RU      0.87500      0.87500      0.37500     -0.00100     -0.00100     -0.00100
RU      0.50000      0.50000      0.50000      0.00000      0.00000      0.00000
RU      0.62500      0.62500      0.62500      0.00100      0.00100      0.00100
RU      0.50000      0.50000      0.75000      0.00000      0.00000      0.00000
RU      0.62500      0.62500      0.87500      0.00100      0.00100     -0.00100
RU      0.50000      0.75000      0.50000      0.00000      0.00000      0.00000
RU      0.62500      0.87500      0.62500      0.00100     -0.00100      0.00100
RU      0.50000      0.75000      0.75000      0.00000      0.00000      0.00000
RU      0.62500      0.87500      0.87500      0.00100     -0.00100     -0.00100
RU      0.75000      0.50000      0.50000      0.00000      0.00000      0.00000
RU      0.87500      0.62500      0.62500     -0.00100      0.00100      0.00100
RU      0.75000      0.50000      0.75000      0.00000      0.00000      0.00000
RU      0.87500      0.62500      0.87500     -0.00100      0.00100     -0.00100
RU      0.75000      0.75000      0.50000      0.00000      0.00000      0.00000
RU      0.87500      0.87500      0.62500     -0.00100     -0.00100      0.00100
RU      0.75000      0.75000      0.75000      0.00000      0.00000      0.00000
RU      0.87500      0.87500      0.87500     -0.00100     -0.00100     -0.00100
