/* Converted from PWscf output file */ 
#L_UNITS ang 
#E_UNITS eV 
#S_UNITS GPA 
#F_UNITS EV/ANG 
#ALAT 	   7.61798     // a0 
#X 	   1.00000     0.00187     0.00000     // X 
#Y 	   0.00187     1.00000     0.00000     // Y 
#Z 	   0.00000     0.00000     1.00000     // Z 
#SX 	  -0.34111    -0.90214     0.00000     // SX 
#SY 	  -0.90214    -0.34111     0.00000     // SY 
#SZ 	   0.00000     0.00000    -0.34505     // SZ 
#EPA 	  -6.62354     // Energy per Atom 
#C 	1 1 1 
#W 	1.0 
#RCUT 	6.5        // Rcut 
RU      0.00000      0.00000      0.00000      0.00000      0.00000      0.00000
RU      0.25000      0.25000      0.00000     -0.00081     -0.00081      0.00000
RU      0.25000      0.00000      0.25000     -0.00116      0.00044     -0.00005
RU      0.00000      0.25000      0.25000      0.00044     -0.00116     -0.00005
RU      0.00000      0.00000      0.50000      0.00000      0.00000      0.00000
RU      0.25000      0.25000      0.50000      0.00050      0.00050      0.00000
RU      0.25000      0.00000      0.75000     -0.00116      0.00044      0.00005
RU      0.00000      0.25000      0.75000      0.00044     -0.00116      0.00005
RU     -0.00000      0.50000      0.00000      0.00000      0.00000      0.00000
RU      0.25000      0.75000      0.00000     -0.00040      0.00040      0.00000
RU      0.25000      0.50000      0.25000      0.00141     -0.00078      0.00055
RU      0.00000      0.75000      0.25000     -0.00044      0.00116     -0.00005
RU     -0.00000      0.50000      0.50000      0.00000      0.00000      0.00000
RU      0.25000      0.75000      0.50000      0.00017     -0.00017      0.00000
RU      0.25000      0.50000      0.75000      0.00141     -0.00078     -0.00055
RU      0.00000      0.75000      0.75000     -0.00044      0.00116      0.00005
RU      0.50000     -0.00000      0.00000      0.00000      0.00000      0.00000
RU      0.75000      0.25000      0.00000      0.00040     -0.00040      0.00000
RU      0.75000      0.00000      0.25000      0.00116     -0.00044     -0.00005
RU      0.50000      0.25000      0.25000     -0.00078      0.00141      0.00055
RU      0.50000     -0.00000      0.50000      0.00000      0.00000      0.00000
RU      0.75000      0.25000      0.50000     -0.00017      0.00017      0.00000
RU      0.75000      0.00000      0.75000      0.00116     -0.00044      0.00005
RU      0.50000      0.25000      0.75000     -0.00078      0.00141     -0.00055
RU      0.50000      0.50000      0.00000      0.00000      0.00000      0.00000
RU      0.75000      0.75000      0.00000      0.00081      0.00081      0.00000
RU      0.75000      0.50000      0.25000     -0.00141      0.00078      0.00055
RU      0.50000      0.75000      0.25000      0.00078     -0.00141      0.00055
RU      0.50000      0.50000      0.50000      0.00000      0.00000      0.00000
RU      0.75000      0.75000      0.50000     -0.00050     -0.00050      0.00000
RU      0.75000      0.50000      0.75000     -0.00141      0.00078     -0.00055
RU      0.50000      0.75000      0.75000      0.00078     -0.00141     -0.00055
