/* Converted from PWscf output file */ 
#L_UNITS ang 
#E_UNITS eV 
#S_UNITS GPA 
#F_UNITS EV/ANG 
#ALAT 	  15.70014     // a0 
#X 	   1.00000     0.00000     0.00000     // X 
#Y 	   0.00000     1.00000     0.00000     // Y 
#Z 	   0.00000     0.00000     1.00000     // Z 
#SX 	   1.45603     0.00000     0.00000     // SX 
#SY 	   0.00000     1.45603     0.00000     // SY 
#SZ 	   0.00000     0.00000     1.45603     // SZ 
#EPA 	  -3.91000     // Energy per Atom 
#C 	1 1 1 
#W 	1000.0 
#RCUT 	6.5        // Rcut 
PD      0.06250      0.06250      0.06250     -0.00002     -0.00002     -0.00002
PD      0.18750      0.18750      0.06250      0.00000      0.00000      0.00002
PD      0.18750      0.06250      0.18750      0.00000      0.00002      0.00000
PD      0.06250      0.18750      0.18750      0.00002      0.00000      0.00000
PD      0.06250      0.06250      0.31250      0.00001      0.00001     -0.00002
PD      0.18750      0.18750      0.31250      0.00000      0.00000     -0.00000
PD      0.18750      0.06250      0.43750      0.00003      0.00001     -0.00000
PD      0.06250      0.18750      0.43750      0.00001      0.00003     -0.00000
PD      0.06250      0.06250      0.56250      0.00001      0.00001      0.00001
PD      0.18750      0.18750      0.56250      0.00001      0.00001      0.00000
PD      0.18750      0.06250      0.68750      0.00001     -0.00001      0.00001
PD      0.06250      0.18750      0.68750     -0.00001      0.00001      0.00001
PD      0.06250      0.06250      0.81250     -0.00000     -0.00000      0.00002
PD      0.18750      0.18750      0.81250      0.00001      0.00001     -0.00001
PD      0.18750      0.06250      0.93750     -0.00002     -0.00000      0.00000
PD      0.06250      0.18750      0.93750     -0.00000     -0.00002      0.00000
PD      0.06250      0.31250      0.06250      0.00001     -0.00002      0.00001
PD      0.18750      0.43750      0.06250      0.00003     -0.00000      0.00001
PD      0.18750      0.31250      0.18750      0.00000     -0.00000      0.00000
PD      0.06250      0.43750      0.18750      0.00001     -0.00000      0.00003
PD      0.06250      0.31250      0.31250      0.00001      0.00000      0.00000
PD      0.18750      0.43750      0.31250      0.00001     -0.00000     -0.00000
PD      0.18750      0.31250      0.43750      0.00001     -0.00000     -0.00000
PD      0.06250      0.43750      0.43750     -0.00001     -0.00001     -0.00001
PD      0.06250      0.31250      0.56250      0.00001      0.00000      0.00001
PD      0.18750      0.43750      0.56250      0.00000     -0.00000      0.00000
PD      0.18750      0.31250      0.68750      0.00002      0.00001     -0.00001
PD      0.06250      0.43750      0.68750      0.00001     -0.00001     -0.00000
PD      0.06250      0.31250      0.81250     -0.00001     -0.00001     -0.00001
PD      0.18750      0.43750      0.81250      0.00001     -0.00000     -0.00001
PD      0.18750      0.31250      0.93750      0.00001     -0.00001      0.00001
PD      0.06250      0.43750      0.93750      0.00001     -0.00001     -0.00001
PD      0.06250      0.56250      0.06250      0.00001      0.00001      0.00001
PD      0.18750      0.68750      0.06250      0.00001      0.00001     -0.00001
PD      0.18750      0.56250      0.18750      0.00001      0.00000      0.00001
PD      0.06250      0.68750      0.18750     -0.00001      0.00001      0.00001
PD      0.06250      0.56250      0.31250      0.00001      0.00001      0.00000
PD      0.18750      0.68750      0.31250      0.00002     -0.00001      0.00001
PD      0.18750      0.56250      0.43750      0.00000      0.00000     -0.00000
PD      0.06250      0.68750      0.43750      0.00001     -0.00000     -0.00001
PD      0.06250      0.56250      0.56250     -0.00001      0.00001      0.00001
PD      0.18750      0.68750      0.56250      0.00001      0.00000      0.00000
PD      0.18750      0.56250      0.68750      0.00001      0.00000      0.00000
PD      0.06250      0.68750      0.68750      0.00001     -0.00000     -0.00000
PD      0.06250      0.56250      0.81250      0.00001      0.00000     -0.00003
PD      0.18750      0.68750      0.81250      0.00000      0.00000     -0.00000
PD      0.18750      0.56250      0.93750      0.00003      0.00000     -0.00001
PD      0.06250      0.68750      0.93750      0.00001      0.00002     -0.00001
PD      0.06250      0.81250      0.06250     -0.00000      0.00002     -0.00000
PD      0.18750      0.93750      0.06250     -0.00002      0.00000     -0.00000
PD      0.18750      0.81250      0.18750      0.00001     -0.00001      0.00001
PD      0.06250      0.93750      0.18750     -0.00000      0.00000     -0.00002
PD      0.06250      0.81250      0.31250     -0.00001     -0.00001     -0.00001
PD      0.18750      0.93750      0.31250      0.00001      0.00001     -0.00001
PD      0.18750      0.81250      0.43750      0.00001     -0.00001     -0.00000
PD      0.06250      0.93750      0.43750      0.00001     -0.00001     -0.00001
PD      0.06250      0.81250      0.56250      0.00001     -0.00003      0.00000
PD      0.18750      0.93750      0.56250      0.00003     -0.00001      0.00000
PD      0.18750      0.81250      0.68750      0.00000     -0.00000      0.00000
PD      0.06250      0.93750      0.68750      0.00001     -0.00001      0.00002
PD      0.06250      0.81250      0.81250      0.00002     -0.00000     -0.00000
PD      0.18750      0.93750      0.81250      0.00000     -0.00002     -0.00000
PD      0.18750      0.81250      0.93750      0.00000     -0.00000     -0.00002
PD      0.06250      0.93750      0.93750     -0.00002      0.00002      0.00002
PD      0.31250      0.06250      0.06250     -0.00002      0.00001      0.00001
PD      0.43750      0.18750      0.06250     -0.00000      0.00003      0.00001
PD      0.43750      0.06250      0.18750     -0.00000      0.00001      0.00003
PD      0.31250      0.18750      0.18750     -0.00000      0.00000      0.00000
PD      0.31250      0.06250      0.31250      0.00000      0.00001      0.00000
PD      0.43750      0.18750      0.31250     -0.00000      0.00001     -0.00000
PD      0.43750      0.06250      0.43750     -0.00001     -0.00001     -0.00001
PD      0.31250      0.18750      0.43750     -0.00000      0.00001     -0.00000
PD      0.31250      0.06250      0.56250      0.00000      0.00001      0.00001
PD      0.43750      0.18750      0.56250     -0.00000      0.00000      0.00000
PD      0.43750      0.06250      0.68750     -0.00001      0.00001     -0.00000
PD      0.31250      0.18750      0.68750      0.00001      0.00002     -0.00001
PD      0.31250      0.06250      0.81250     -0.00001     -0.00001     -0.00001
PD      0.43750      0.18750      0.81250     -0.00000      0.00001     -0.00001
PD      0.43750      0.06250      0.93750     -0.00001      0.00001     -0.00001
PD      0.31250      0.18750      0.93750     -0.00001      0.00001      0.00001
PD      0.31250      0.31250      0.06250      0.00000      0.00000      0.00001
PD      0.43750      0.43750      0.06250     -0.00001     -0.00001     -0.00001
PD      0.43750      0.31250      0.18750     -0.00000     -0.00000      0.00001
PD      0.31250      0.43750      0.18750     -0.00000     -0.00000      0.00001
PD      0.31250      0.31250      0.31250     -0.00001     -0.00001     -0.00001
PD      0.43750      0.43750      0.31250      0.00000      0.00000      0.00001
PD      0.43750      0.31250      0.43750      0.00000      0.00001      0.00000
PD      0.31250      0.43750      0.43750      0.00001      0.00000      0.00000
PD      0.31250      0.31250      0.56250      0.00000      0.00000      0.00001
PD      0.43750      0.43750      0.56250     -0.00001     -0.00001      0.00001
PD      0.43750      0.31250      0.68750     -0.00001      0.00000     -0.00000
PD      0.31250      0.43750      0.68750      0.00000     -0.00001     -0.00000
PD      0.31250      0.31250      0.81250      0.00001      0.00001     -0.00002
PD      0.43750      0.43750      0.81250     -0.00000     -0.00000     -0.00000
PD      0.43750      0.31250      0.93750     -0.00001      0.00000     -0.00001
PD      0.31250      0.43750      0.93750      0.00000     -0.00001     -0.00001
PD      0.31250      0.56250      0.06250      0.00000      0.00001      0.00001
PD      0.43750      0.68750      0.06250     -0.00001     -0.00000      0.00001
PD      0.43750      0.56250      0.18750     -0.00000      0.00000      0.00000
PD      0.31250      0.68750      0.18750      0.00001     -0.00001      0.00002
PD      0.31250      0.56250      0.31250      0.00000      0.00001      0.00000
PD      0.43750      0.68750      0.31250     -0.00001     -0.00000      0.00000
PD      0.43750      0.56250      0.43750     -0.00001      0.00001     -0.00001
PD      0.31250      0.68750      0.43750      0.00000     -0.00000     -0.00001
PD      0.31250      0.56250      0.56250      0.00001     -0.00000     -0.00000
PD      0.43750      0.68750      0.56250      0.00000     -0.00001     -0.00000
PD      0.43750      0.56250      0.68750      0.00000     -0.00000     -0.00001
PD      0.31250      0.68750      0.68750     -0.00001      0.00001      0.00001
PD      0.31250      0.56250      0.81250     -0.00000      0.00000     -0.00001
PD      0.43750      0.68750      0.81250     -0.00000      0.00000     -0.00001
PD      0.43750      0.56250      0.93750     -0.00001      0.00001      0.00001
PD      0.31250      0.68750      0.93750      0.00000     -0.00000     -0.00001
PD      0.31250      0.81250      0.06250     -0.00001     -0.00001     -0.00001
PD      0.43750      0.93750      0.06250     -0.00001     -0.00001      0.00001
PD      0.43750      0.81250      0.18750     -0.00000     -0.00001      0.00001
PD      0.31250      0.93750      0.18750     -0.00001      0.00001      0.00001
PD      0.31250      0.81250      0.31250      0.00001     -0.00002      0.00001
PD      0.43750      0.93750      0.31250     -0.00001     -0.00001      0.00000
PD      0.43750      0.81250      0.43750     -0.00000     -0.00000     -0.00000
PD      0.31250      0.93750      0.43750      0.00000     -0.00001     -0.00001
PD      0.31250      0.81250      0.56250     -0.00000     -0.00001      0.00000
PD      0.43750      0.93750      0.56250     -0.00001      0.00001      0.00001
PD      0.43750      0.81250      0.68750     -0.00000     -0.00001      0.00000
PD      0.31250      0.93750      0.68750      0.00000     -0.00001     -0.00000
PD      0.31250      0.81250      0.81250     -0.00000     -0.00000     -0.00000
PD      0.43750      0.93750      0.81250     -0.00000     -0.00001     -0.00003
PD      0.43750      0.81250      0.93750     -0.00000     -0.00003     -0.00001
PD      0.31250      0.93750      0.93750     -0.00002     -0.00001     -0.00001
PD      0.56250      0.06250      0.06250      0.00001      0.00001      0.00001
PD      0.68750      0.18750      0.06250      0.00001      0.00001     -0.00001
PD      0.68750      0.06250      0.18750      0.00001     -0.00001      0.00001
PD      0.56250      0.18750      0.18750      0.00000      0.00001      0.00001
PD      0.56250      0.06250      0.31250      0.00001      0.00001      0.00000
PD      0.68750      0.18750      0.31250     -0.00001      0.00002      0.00001
PD      0.68750      0.06250      0.43750     -0.00000      0.00001     -0.00001
PD      0.56250      0.18750      0.43750      0.00000      0.00000     -0.00000
PD      0.56250      0.06250      0.56250      0.00001     -0.00001      0.00001
PD      0.68750      0.18750      0.56250      0.00000      0.00001      0.00000
PD      0.68750      0.06250      0.68750     -0.00000      0.00001     -0.00000
PD      0.56250      0.18750      0.68750      0.00000      0.00001      0.00000
PD      0.56250      0.06250      0.81250      0.00000      0.00001     -0.00003
PD      0.68750      0.18750      0.81250      0.00000      0.00000     -0.00000
PD      0.68750      0.06250      0.93750      0.00002      0.00001     -0.00001
PD      0.56250      0.18750      0.93750      0.00000      0.00003     -0.00001
PD      0.56250      0.31250      0.06250      0.00001      0.00000      0.00001
PD      0.68750      0.43750      0.06250     -0.00000     -0.00001      0.00001
PD      0.68750      0.31250      0.18750     -0.00001      0.00001      0.00002
PD      0.56250      0.43750      0.18750      0.00000     -0.00000      0.00000
PD      0.56250      0.31250      0.31250      0.00001      0.00000      0.00000
PD      0.68750      0.43750      0.31250     -0.00000     -0.00001      0.00000
PD      0.68750      0.31250      0.43750     -0.00000      0.00000     -0.00001
PD      0.56250      0.43750      0.43750      0.00001     -0.00001     -0.00001
PD      0.56250      0.31250      0.56250     -0.00000      0.00001     -0.00000
PD      0.68750      0.43750      0.56250     -0.00001      0.00000     -0.00000
PD      0.68750      0.31250      0.68750      0.00001     -0.00001      0.00001
PD      0.56250      0.43750      0.68750     -0.00000      0.00000     -0.00001
PD      0.56250      0.31250      0.81250      0.00000     -0.00000     -0.00001
PD      0.68750      0.43750      0.81250      0.00000     -0.00000     -0.00001
PD      0.68750      0.31250      0.93750     -0.00000      0.00000     -0.00001
PD      0.56250      0.43750      0.93750      0.00001     -0.00001      0.00001
PD      0.56250      0.56250      0.06250      0.00001      0.00001     -0.00001
PD      0.68750      0.68750      0.06250     -0.00000     -0.00000      0.00001
PD      0.68750      0.56250      0.18750      0.00000      0.00000      0.00001
PD      0.56250      0.68750      0.18750      0.00000      0.00000      0.00001
PD      0.56250      0.56250      0.31250     -0.00000     -0.00000      0.00001
PD      0.68750      0.68750      0.31250      0.00001      0.00001     -0.00001
PD      0.68750      0.56250      0.43750     -0.00001     -0.00000      0.00000
PD      0.56250      0.68750      0.43750     -0.00000     -0.00001      0.00000
PD      0.56250      0.56250      0.56250      0.00001      0.00001      0.00001
PD      0.68750      0.68750      0.56250     -0.00000     -0.00000      0.00001
PD      0.68750      0.56250      0.68750     -0.00000      0.00001     -0.00000
PD      0.56250      0.68750      0.68750      0.00001     -0.00000     -0.00000
PD      0.56250      0.56250      0.81250      0.00000      0.00000     -0.00000
PD      0.68750      0.68750      0.81250     -0.00001     -0.00001     -0.00002
PD      0.68750      0.56250      0.93750     -0.00000      0.00001     -0.00001
PD      0.56250      0.68750      0.93750      0.00001     -0.00000     -0.00001
PD      0.56250      0.81250      0.06250      0.00000     -0.00003      0.00001
PD      0.68750      0.93750      0.06250      0.00002     -0.00001      0.00001
PD      0.68750      0.81250      0.18750      0.00000     -0.00000      0.00000
PD      0.56250      0.93750      0.18750      0.00000     -0.00001      0.00003
PD      0.56250      0.81250      0.31250      0.00000     -0.00001     -0.00000
PD      0.68750      0.93750      0.31250     -0.00000     -0.00001      0.00000
PD      0.68750      0.81250      0.43750      0.00000     -0.00001     -0.00000
PD      0.56250      0.93750      0.43750      0.00001      0.00001     -0.00001
PD      0.56250      0.81250      0.56250      0.00000     -0.00000      0.00000
PD      0.68750      0.93750      0.56250     -0.00000     -0.00001      0.00001
PD      0.68750      0.81250      0.68750     -0.00001     -0.00002     -0.00001
PD      0.56250      0.93750      0.68750      0.00001     -0.00001     -0.00000
PD      0.56250      0.81250      0.81250      0.00000     -0.00001     -0.00001
PD      0.68750      0.93750      0.81250      0.00001      0.00001     -0.00001
PD      0.68750      0.81250      0.93750      0.00001     -0.00001      0.00001
PD      0.56250      0.93750      0.93750      0.00001     -0.00001     -0.00001
PD      0.81250      0.06250      0.06250      0.00002     -0.00000     -0.00000
PD      0.93750      0.18750      0.06250      0.00000     -0.00002     -0.00000
PD      0.93750      0.06250      0.18750      0.00000     -0.00000     -0.00002
PD      0.81250      0.18750      0.18750     -0.00001      0.00001      0.00001
PD      0.81250      0.06250      0.31250     -0.00001     -0.00001     -0.00001
PD      0.93750      0.18750      0.31250      0.00001      0.00001     -0.00001
PD      0.93750      0.06250      0.43750     -0.00001      0.00001     -0.00001
PD      0.81250      0.18750      0.43750     -0.00001      0.00001     -0.00000
PD      0.81250      0.06250      0.56250     -0.00003      0.00001      0.00000
PD      0.93750      0.18750      0.56250     -0.00001      0.00003      0.00000
PD      0.93750      0.06250      0.68750     -0.00001      0.00001      0.00002
PD      0.81250      0.18750      0.68750     -0.00000      0.00000      0.00000
PD      0.81250      0.06250      0.81250     -0.00000      0.00002     -0.00000
PD      0.93750      0.18750      0.81250     -0.00002      0.00000     -0.00000
PD      0.93750      0.06250      0.93750      0.00002     -0.00002      0.00002
PD      0.81250      0.18750      0.93750     -0.00000      0.00000     -0.00002
PD      0.81250      0.31250      0.06250     -0.00001     -0.00001     -0.00001
PD      0.93750      0.43750      0.06250     -0.00001     -0.00001      0.00001
PD      0.93750      0.31250      0.18750      0.00001     -0.00001      0.00001
PD      0.81250      0.43750      0.18750     -0.00001     -0.00000      0.00001
PD      0.81250      0.31250      0.31250     -0.00002      0.00001      0.00001
PD      0.93750      0.43750      0.31250     -0.00001     -0.00001      0.00000
PD      0.93750      0.31250      0.43750     -0.00001      0.00000     -0.00001
PD      0.81250      0.43750      0.43750     -0.00000     -0.00000     -0.00000
PD      0.81250      0.31250      0.56250     -0.00001     -0.00000      0.00000
PD      0.93750      0.43750      0.56250      0.00001     -0.00001      0.00001
PD      0.93750      0.31250      0.68750     -0.00001      0.00000     -0.00000
PD      0.81250      0.43750      0.68750     -0.00001     -0.00000      0.00000
PD      0.81250      0.31250      0.81250     -0.00000     -0.00000     -0.00000
PD      0.93750      0.43750      0.81250     -0.00001     -0.00000     -0.00003
PD      0.93750      0.31250      0.93750     -0.00001     -0.00002     -0.00001
PD      0.81250      0.43750      0.93750     -0.00003     -0.00000     -0.00001
PD      0.81250      0.56250      0.06250     -0.00003      0.00000      0.00001
PD      0.93750      0.68750      0.06250     -0.00001      0.00002      0.00001
PD      0.93750      0.56250      0.18750     -0.00001      0.00000      0.00003
PD      0.81250      0.68750      0.18750     -0.00000      0.00000      0.00000
PD      0.81250      0.56250      0.31250     -0.00001      0.00000     -0.00000
PD      0.93750      0.68750      0.31250     -0.00001     -0.00000      0.00000
PD      0.93750      0.56250      0.43750      0.00001      0.00001     -0.00001
PD      0.81250      0.68750      0.43750     -0.00001      0.00000     -0.00000
PD      0.81250      0.56250      0.56250     -0.00000      0.00000      0.00000
PD      0.93750      0.68750      0.56250     -0.00001     -0.00000      0.00001
PD      0.93750      0.56250      0.68750     -0.00001      0.00001     -0.00000
PD      0.81250      0.68750      0.68750     -0.00002     -0.00001     -0.00001
PD      0.81250      0.56250      0.81250     -0.00001      0.00000     -0.00001
PD      0.93750      0.68750      0.81250      0.00001      0.00001     -0.00001
PD      0.93750      0.56250      0.93750     -0.00001      0.00001     -0.00001
PD      0.81250      0.68750      0.93750     -0.00001      0.00001      0.00001
PD      0.81250      0.81250      0.06250     -0.00000     -0.00000      0.00002
PD      0.93750      0.93750      0.06250      0.00002      0.00002     -0.00002
PD      0.93750      0.81250      0.18750     -0.00002     -0.00000      0.00000
PD      0.81250      0.93750      0.18750     -0.00000     -0.00002      0.00000
PD      0.81250      0.81250      0.31250     -0.00000     -0.00000     -0.00000
PD      0.93750      0.93750      0.31250     -0.00001     -0.00001     -0.00002
PD      0.93750      0.81250      0.43750     -0.00001     -0.00003     -0.00000
PD      0.81250      0.93750      0.43750     -0.00003     -0.00001     -0.00000
PD      0.81250      0.81250      0.56250     -0.00001     -0.00001      0.00000
PD      0.93750      0.93750      0.56250     -0.00001     -0.00001      0.00001
PD      0.93750      0.81250      0.68750      0.00001     -0.00001      0.00001
PD      0.81250      0.93750      0.68750     -0.00001      0.00001      0.00001
PD      0.81250      0.81250      0.81250     -0.00001     -0.00001     -0.00001
PD      0.93750      0.93750      0.81250      0.00000      0.00000      0.00002
PD      0.93750      0.81250      0.93750      0.00000      0.00002      0.00000
PD      0.81250      0.93750      0.93750      0.00002      0.00000      0.00000
