/* Converted from PWscf output file */ 
#L_UNITS ang 
#E_UNITS eV 
#S_UNITS GPA 
#F_UNITS EV/ANG 
#ALAT 	  15.70014     // a0 
#X 	   1.00000     0.00000     0.00000     // X 
#Y 	   0.00000     1.00000     0.00000     // Y 
#Z 	   0.00000     0.00000     1.00000     // Z 
#SX 	  -1.61251     0.07438     0.00540     // SX 
#SY 	   0.07438    -1.61251     0.00540     // SY 
#SZ 	   0.00540     0.00540     0.48899     // SZ 
#EPA 	  -3.53355     // Energy per Atom 
#C 	1 1 1 
#W 	500.0 
#RCUT 	6.5        // Rcut 
PD      0.12547      0.12547      0.17629     -0.00956     -0.00956      0.34386
PD      0.05311      0.05311      0.30134      0.13226      0.13226      0.39244
PD      0.19703      0.19703      0.30187     -0.11345     -0.11345      0.40600
PD      0.18661      0.06333      0.42901     -0.08088      0.08674     -0.65153
PD      0.06333      0.18661      0.42901      0.08674     -0.08088     -0.65153
PD      0.06207      0.06207      0.54840      0.12772      0.12772      0.87594
PD      0.18773      0.18773      0.54834     -0.10768     -0.10768      0.87528
PD      0.18720      0.06267      0.67168     -0.07864      0.08024      0.22425
PD      0.06267      0.18720      0.67168      0.08024     -0.07864      0.22425
PD      0.06378      0.30803      0.30326      0.01697      0.27186      0.29294
PD      0.18646      0.43613      0.31421      0.04741      0.18080      0.11816
PD      0.18739      0.31225      0.43459      0.01136      0.07543     -0.68174
PD      0.06300      0.43654      0.43968      0.03353     -0.01356     -0.80312
PD      0.06299      0.31110      0.55161      0.09378      0.03656      0.87793
PD      0.18848      0.43740      0.55653     -0.11863     -0.04482      0.82478
PD      0.18876      0.31275      0.67584     -0.11541     -0.10902      0.07027
PD      0.06224      0.43696      0.67930      0.10088     -0.10509      0.01142
PD      0.06254      0.56156      0.31801      0.00052      0.10713      0.09695
PD      0.18731      0.68834      0.31806     -0.00584     -0.10852      0.08877
PD      0.18768      0.56229      0.44270     -0.03994      0.06172     -0.82948
PD      0.06217      0.68760      0.44282      0.04101     -0.05248     -0.84106
PD      0.06252      0.56181      0.55865      0.04068      0.05401      0.84030
PD      0.18735      0.68811      0.55863     -0.03954     -0.05329      0.83346
PD      0.18844      0.56299      0.68298     -0.12845     -0.02293     -0.07220
PD      0.06138      0.68703      0.68300      0.13333      0.01921     -0.07368
PD      0.06346      0.81377      0.31426     -0.05238     -0.18134      0.11963
PD      0.18629      0.94182      0.30345     -0.02057     -0.26955      0.28519
PD      0.18693      0.81335      0.43958     -0.05390      0.01904     -0.78781
PD      0.06255      0.93804      0.43430     -0.00432     -0.12535     -0.66072
PD      0.06136      0.81267      0.55651      0.12602      0.03807      0.81540
PD      0.18677      0.93875      0.55156     -0.08343     -0.03239      0.87604
PD      0.18766      0.81290      0.67931     -0.10434      0.10827      0.01142
PD      0.06119      0.93719      0.67591      0.11021      0.10322      0.07458
PD      0.30803      0.06378      0.30326      0.27186      0.01697      0.29294
PD      0.43613      0.18646      0.31421      0.18080      0.04741      0.11816
PD      0.43654      0.06300      0.43968     -0.01356      0.03353     -0.80312
PD      0.31225      0.18739      0.43459      0.07543      0.01136     -0.68174
PD      0.31110      0.06299      0.55161      0.03656      0.09378      0.87793
PD      0.43740      0.18848      0.55653     -0.04482     -0.11863      0.82478
PD      0.43696      0.06224      0.67930     -0.10509      0.10088      0.01142
PD      0.31275      0.18876      0.67584     -0.10902     -0.11541      0.07027
PD      0.31628      0.31628      0.31383      0.08924      0.08924      0.07415
PD      0.43868      0.43868      0.32307      0.10946      0.10946     -0.06930
PD      0.43792      0.31243      0.44235      0.09822      0.07286     -0.76437
PD      0.31243      0.43792      0.44235      0.07286      0.09822     -0.76437
PD      0.31292      0.31292      0.55460     -0.06856     -0.06856      0.86141
PD      0.43797      0.43797      0.56251     -0.02817     -0.02817      0.76664
PD      0.43955      0.31405      0.68383     -0.22195     -0.13764     -0.08466
PD      0.31405      0.43955      0.68383     -0.13764     -0.22195     -0.08466
PD      0.31122      0.56243      0.32098      0.15258      0.06069     -0.00480
PD      0.43628      0.68880      0.32513      0.11939     -0.10310     -0.10111
PD      0.43710      0.56294      0.44870      0.11372      0.07562     -0.88187
PD      0.31212      0.68848      0.44473      0.00999     -0.09181     -0.83265
PD      0.31298      0.56322      0.56176     -0.06692      0.01420      0.73726
PD      0.43719      0.68838      0.56523      0.01897     -0.06087      0.69001
PD      0.43872      0.56342      0.69185     -0.11337     -0.03646     -0.27926
PD      0.31323      0.68860      0.68657     -0.14902      0.00194     -0.13859
PD      0.30963      0.81490      0.31753      0.15753     -0.14688      0.02139
PD      0.43496      0.94023      0.31747      0.14656     -0.14803      0.03178
PD      0.43612      0.81380      0.44508      0.06712     -0.07543     -0.82691
PD      0.31030      0.93958      0.43710      0.09676     -0.09126     -0.76214
PD      0.31227      0.81320      0.55821     -0.08944      0.08001      0.80030
PD      0.43669      0.93758      0.55825     -0.08552      0.09460      0.80303
PD      0.43822      0.81167      0.68793     -0.16640      0.16147     -0.13755
PD      0.31194      0.93792      0.67796     -0.08690      0.08620      0.06191
PD      0.56156      0.06254      0.31801      0.10713      0.00052      0.09695
PD      0.68834      0.18731      0.31806     -0.10852     -0.00584      0.08877
PD      0.68760      0.06217      0.44282     -0.05248      0.04101     -0.84106
PD      0.56229      0.18768      0.44270      0.06172     -0.03994     -0.82948
PD      0.56181      0.06252      0.55865      0.05401      0.04068      0.84030
PD      0.68811      0.18735      0.55863     -0.05329     -0.03954      0.83346
PD      0.68703      0.06138      0.68300      0.01921      0.13333     -0.07368
PD      0.56299      0.18844      0.68298     -0.02293     -0.12845     -0.07220
PD      0.56243      0.31122      0.32098      0.06069      0.15258     -0.00480
PD      0.68880      0.43628      0.32513     -0.10310      0.11939     -0.10111
PD      0.68848      0.31212      0.44473     -0.09181      0.00999     -0.83265
PD      0.56294      0.43710      0.44870      0.07562      0.11372     -0.88187
PD      0.56322      0.31298      0.56176      0.01420     -0.06692      0.73726
PD      0.68838      0.43719      0.56523     -0.06087      0.01897      0.69001
PD      0.68860      0.31323      0.68657      0.00194     -0.14902     -0.13859
PD      0.56342      0.43872      0.69185     -0.03646     -0.11337     -0.27926
PD      0.56309      0.56309      0.32874      0.00810      0.00810     -0.15194
PD      0.68689      0.68689      0.32879     -0.00313     -0.00313     -0.15283
PD      0.68831      0.56165      0.45112     -0.08470      0.08137     -0.86691
PD      0.56165      0.68831      0.45112      0.08137     -0.08470     -0.86691
PD      0.56276      0.56276      0.56780      0.01287      0.01287      0.69293
PD      0.68710      0.68710      0.56791     -0.00898     -0.00898      0.68727
PD      0.68704      0.56281      0.69671      0.03774     -0.04049     -0.43901
PD      0.56281      0.68704      0.69671     -0.04049      0.03774     -0.43901
PD      0.56106      0.81365      0.32521      0.10955     -0.11951     -0.10349
PD      0.68749      0.93861      0.32114     -0.06157     -0.14770     -0.00650
PD      0.68703      0.81282      0.44882     -0.08073     -0.11313     -0.88348
PD      0.56142      0.93773      0.44489      0.09062     -0.00518     -0.84888
PD      0.56145      0.81267      0.56531      0.07435     -0.02023      0.68764
PD      0.68673      0.93696      0.56183     -0.00953      0.05363      0.74042
PD      0.68643      0.81105      0.69206      0.03770      0.12073     -0.28889
PD      0.56132      0.93659      0.68658     -0.00216      0.15521     -0.13636
PD      0.81377      0.06346      0.31426     -0.18134     -0.05238      0.11963
PD      0.94182      0.18629      0.30345     -0.26955     -0.02057      0.28519
PD      0.93804      0.06255      0.43430     -0.12535     -0.00432     -0.66072
PD      0.81335      0.18693      0.43958      0.01904     -0.05390     -0.78781
PD      0.81267      0.06136      0.55651      0.03807      0.12602      0.81540
PD      0.93875      0.18677      0.55156     -0.03239     -0.08343      0.87604
PD      0.93719      0.06119      0.67591      0.10322      0.11021      0.07458
PD      0.81290      0.18766      0.67931      0.10827     -0.10434      0.01142
PD      0.81490      0.30963      0.31753     -0.14688      0.15753      0.02139
PD      0.94023      0.43496      0.31747     -0.14803      0.14656      0.03178
PD      0.93958      0.31030      0.43710     -0.09126      0.09676     -0.76214
PD      0.81380      0.43612      0.44508     -0.07543      0.06712     -0.82691
PD      0.81320      0.31227      0.55821      0.08001     -0.08944      0.80030
PD      0.93758      0.43669      0.55825      0.09460     -0.08552      0.80303
PD      0.93792      0.31194      0.67796      0.08620     -0.08690      0.06191
PD      0.81167      0.43822      0.68793      0.16147     -0.16640     -0.13755
PD      0.81365      0.56106      0.32521     -0.11951      0.10955     -0.10349
PD      0.93861      0.68749      0.32114     -0.14770     -0.06157     -0.00650
PD      0.93773      0.56142      0.44489     -0.00518      0.09062     -0.84888
PD      0.81282      0.68703      0.44882     -0.11313     -0.08073     -0.88348
PD      0.81267      0.56145      0.56531     -0.02023      0.07435      0.68764
PD      0.93696      0.68673      0.56183      0.05363     -0.00953      0.74042
PD      0.93659      0.56132      0.68658      0.15521     -0.00216     -0.13636
PD      0.81105      0.68643      0.69206      0.12073      0.03770     -0.28889
PD      0.81145      0.81145      0.32316     -0.11902     -0.11902     -0.07594
PD      0.93397      0.93397      0.31374     -0.11151     -0.11151      0.06805
PD      0.93746      0.81213      0.44238     -0.05801     -0.10356     -0.76646
PD      0.81213      0.93746      0.44238     -0.10356     -0.05801     -0.76646
PD      0.81193      0.81193      0.56262      0.03110      0.03110      0.77251
PD      0.93701      0.93701      0.55467      0.07431      0.07431      0.85505
PD      0.93579      0.81034      0.68400      0.13836      0.22141     -0.09083
PD      0.81034      0.93579      0.68400      0.22141      0.13836     -0.09083
