/* Converted from PWscf output file */ 
#L_UNITS ang 
#E_UNITS eV 
#S_UNITS GPA 
#F_UNITS EV/ANG 
#ALAT 	  15.70014     // a0 
#X 	   1.00000     0.00000     0.00000     // X 
#Y 	   0.00000     1.00000     0.00000     // Y 
#Z 	   0.00000     0.00000     1.00000     // Z 
#SX 	  -2.52763     0.00000     0.00000     // SX 
#SY 	   0.00000    -2.52763     0.00000     // SY 
#SZ 	   0.00000     0.00000    -0.59034     // SZ 
#EPA 	  -3.55402     // Energy per Atom 
#C 	1 1 1 
#W 	500.0 
#RCUT 	6.5        // Rcut 
PD      0.06249      0.06249      0.31476      0.00213      0.00213     -0.19749
PD      0.18751      0.18751      0.31476     -0.00216     -0.00216     -0.19742
PD      0.18751      0.06249      0.43537     -0.00361      0.00362      0.51524
PD      0.06249      0.18751      0.43537      0.00362     -0.00361      0.51524
PD      0.06249      0.06249      0.56463      0.00358      0.00358     -0.51523
PD      0.18751      0.18751      0.56463     -0.00363     -0.00363     -0.51523
PD      0.18751      0.06249      0.68524     -0.00219      0.00212      0.19745
PD      0.06249      0.18751      0.68524      0.00212     -0.00219      0.19745
PD      0.06249      0.31249      0.31476      0.00216      0.00218     -0.19741
PD      0.18751      0.43751      0.31476     -0.00214     -0.00215     -0.19739
PD      0.18751      0.31249      0.43537     -0.00360      0.00362      0.51523
PD      0.06249      0.43751      0.43537      0.00360     -0.00361      0.51523
PD      0.06249      0.31249      0.56463      0.00362      0.00363     -0.51525
PD      0.18751      0.43751      0.56463     -0.00362     -0.00358     -0.51522
PD      0.18751      0.31249      0.68524     -0.00217      0.00217      0.19742
PD      0.06249      0.43751      0.68524      0.00213     -0.00212      0.19736
PD      0.06249      0.56249      0.31476      0.00213      0.00212     -0.19736
PD      0.18751      0.68751      0.31476     -0.00217     -0.00217     -0.19742
PD      0.18751      0.56249      0.43537     -0.00362      0.00358      0.51522
PD      0.06249      0.68751      0.43537      0.00362     -0.00363      0.51525
PD      0.06249      0.56249      0.56463      0.00360      0.00361     -0.51523
PD      0.18751      0.68751      0.56463     -0.00360     -0.00362     -0.51523
PD      0.18751      0.56249      0.68524     -0.00214      0.00215      0.19739
PD      0.06249      0.68751      0.68524      0.00216     -0.00218      0.19741
PD      0.06249      0.81249      0.31476      0.00212      0.00219     -0.19745
PD      0.18751      0.93751      0.31476     -0.00219     -0.00212     -0.19745
PD      0.18751      0.81249      0.43537     -0.00363      0.00363      0.51523
PD      0.06249      0.93751      0.43537      0.00358     -0.00358      0.51523
PD      0.06249      0.81249      0.56463      0.00362      0.00361     -0.51524
PD      0.18751      0.93751      0.56463     -0.00361     -0.00362     -0.51524
PD      0.18751      0.81249      0.68524     -0.00216      0.00216      0.19742
PD      0.06249      0.93751      0.68524      0.00213     -0.00213      0.19749
PD      0.31249      0.06249      0.31476      0.00218      0.00216     -0.19741
PD      0.43751      0.18751      0.31476     -0.00215     -0.00214     -0.19739
PD      0.43751      0.06249      0.43537     -0.00361      0.00360      0.51523
PD      0.31249      0.18751      0.43537      0.00362     -0.00360      0.51523
PD      0.31249      0.06249      0.56463      0.00363      0.00362     -0.51525
PD      0.43751      0.18751      0.56463     -0.00358     -0.00362     -0.51522
PD      0.43751      0.06249      0.68524     -0.00212      0.00213      0.19736
PD      0.31249      0.18751      0.68524      0.00217     -0.00217      0.19742
PD      0.31249      0.31249      0.31476      0.00212      0.00212     -0.19738
PD      0.43751      0.43751      0.31476     -0.00217     -0.00217     -0.19743
PD      0.43751      0.31249      0.43537     -0.00362      0.00360      0.51520
PD      0.31249      0.43751      0.43537      0.00360     -0.00362      0.51520
PD      0.31249      0.31249      0.56463      0.00364      0.00364     -0.51527
PD      0.43751      0.43751      0.56463     -0.00361     -0.00361     -0.51526
PD      0.43751      0.31249      0.68524     -0.00212      0.00213      0.19739
PD      0.31249      0.43751      0.68524      0.00213     -0.00212      0.19739
PD      0.31249      0.56249      0.31476      0.00213      0.00212     -0.19739
PD      0.43751      0.68751      0.31476     -0.00212     -0.00213     -0.19739
PD      0.43751      0.56249      0.43537     -0.00361      0.00361      0.51526
PD      0.31249      0.68751      0.43537      0.00364     -0.00364      0.51527
PD      0.31249      0.56249      0.56463      0.00360      0.00362     -0.51520
PD      0.43751      0.68751      0.56463     -0.00362     -0.00360     -0.51520
PD      0.43751      0.56249      0.68524     -0.00217      0.00217      0.19743
PD      0.31249      0.68751      0.68524      0.00212     -0.00212      0.19738
PD      0.31249      0.81249      0.31476      0.00217      0.00217     -0.19742
PD      0.43751      0.93751      0.31476     -0.00212     -0.00213     -0.19736
PD      0.43751      0.81249      0.43537     -0.00358      0.00362      0.51522
PD      0.31249      0.93751      0.43537      0.00363     -0.00362      0.51525
PD      0.31249      0.81249      0.56463      0.00362      0.00360     -0.51523
PD      0.43751      0.93751      0.56463     -0.00361     -0.00360     -0.51523
PD      0.43751      0.81249      0.68524     -0.00215      0.00214      0.19739
PD      0.31249      0.93751      0.68524      0.00218     -0.00216      0.19741
PD      0.56249      0.06249      0.31476      0.00212      0.00213     -0.19736
PD      0.68751      0.18751      0.31476     -0.00217     -0.00217     -0.19742
PD      0.68751      0.06249      0.43537     -0.00363      0.00362      0.51525
PD      0.56249      0.18751      0.43537      0.00358     -0.00362      0.51522
PD      0.56249      0.06249      0.56463      0.00361      0.00360     -0.51523
PD      0.68751      0.18751      0.56463     -0.00362     -0.00360     -0.51523
PD      0.68751      0.06249      0.68524     -0.00218      0.00216      0.19741
PD      0.56249      0.18751      0.68524      0.00215     -0.00214      0.19739
PD      0.56249      0.31249      0.31476      0.00212      0.00213     -0.19739
PD      0.68751      0.43751      0.31476     -0.00213     -0.00212     -0.19739
PD      0.68751      0.31249      0.43537     -0.00364      0.00364      0.51527
PD      0.56249      0.43751      0.43537      0.00361     -0.00361      0.51526
PD      0.56249      0.31249      0.56463      0.00362      0.00360     -0.51520
PD      0.68751      0.43751      0.56463     -0.00360     -0.00362     -0.51520
PD      0.68751      0.31249      0.68524     -0.00212      0.00212      0.19738
PD      0.56249      0.43751      0.68524      0.00217     -0.00217      0.19743
PD      0.56249      0.56249      0.31476      0.00217      0.00217     -0.19743
PD      0.68751      0.68751      0.31476     -0.00212     -0.00212     -0.19738
PD      0.68751      0.56249      0.43537     -0.00360      0.00362      0.51520
PD      0.56249      0.68751      0.43537      0.00362     -0.00360      0.51520
PD      0.56249      0.56249      0.56463      0.00361      0.00361     -0.51526
PD      0.68751      0.68751      0.56463     -0.00364     -0.00364     -0.51527
PD      0.68751      0.56249      0.68524     -0.00213      0.00212      0.19739
PD      0.56249      0.68751      0.68524      0.00212     -0.00213      0.19739
PD      0.56249      0.81249      0.31476      0.00215      0.00214     -0.19739
PD      0.68751      0.93751      0.31476     -0.00218     -0.00216     -0.19741
PD      0.68751      0.81249      0.43537     -0.00362      0.00360      0.51523
PD      0.56249      0.93751      0.43537      0.00361     -0.00360      0.51523
PD      0.56249      0.81249      0.56463      0.00358      0.00362     -0.51522
PD      0.68751      0.93751      0.56463     -0.00363     -0.00362     -0.51525
PD      0.68751      0.81249      0.68524     -0.00217      0.00217      0.19742
PD      0.56249      0.93751      0.68524      0.00212     -0.00213      0.19736
PD      0.81249      0.06249      0.31476      0.00219      0.00212     -0.19745
PD      0.93751      0.18751      0.31476     -0.00212     -0.00219     -0.19745
PD      0.93751      0.06249      0.43537     -0.00358      0.00358      0.51523
PD      0.81249      0.18751      0.43537      0.00363     -0.00363      0.51523
PD      0.81249      0.06249      0.56463      0.00361      0.00362     -0.51524
PD      0.93751      0.18751      0.56463     -0.00362     -0.00361     -0.51524
PD      0.93751      0.06249      0.68524     -0.00213      0.00213      0.19749
PD      0.81249      0.18751      0.68524      0.00216     -0.00216      0.19742
PD      0.81249      0.31249      0.31476      0.00217      0.00217     -0.19742
PD      0.93751      0.43751      0.31476     -0.00213     -0.00212     -0.19736
PD      0.93751      0.31249      0.43537     -0.00362      0.00363      0.51525
PD      0.81249      0.43751      0.43537      0.00362     -0.00358      0.51522
PD      0.81249      0.31249      0.56463      0.00360      0.00362     -0.51523
PD      0.93751      0.43751      0.56463     -0.00360     -0.00361     -0.51523
PD      0.93751      0.31249      0.68524     -0.00216      0.00218      0.19741
PD      0.81249      0.43751      0.68524      0.00214     -0.00215      0.19739
PD      0.81249      0.56249      0.31476      0.00214      0.00215     -0.19739
PD      0.93751      0.68751      0.31476     -0.00216     -0.00218     -0.19741
PD      0.93751      0.56249      0.43537     -0.00360      0.00361      0.51523
PD      0.81249      0.68751      0.43537      0.00360     -0.00362      0.51523
PD      0.81249      0.56249      0.56463      0.00362      0.00358     -0.51522
PD      0.93751      0.68751      0.56463     -0.00362     -0.00363     -0.51525
PD      0.93751      0.56249      0.68524     -0.00213      0.00212      0.19736
PD      0.81249      0.68751      0.68524      0.00217     -0.00217      0.19742
PD      0.81249      0.81249      0.31476      0.00216      0.00216     -0.19742
PD      0.93751      0.93751      0.31476     -0.00213     -0.00213     -0.19749
PD      0.93751      0.81249      0.43537     -0.00362      0.00361      0.51524
PD      0.81249      0.93751      0.43537      0.00361     -0.00362      0.51524
PD      0.81249      0.81249      0.56463      0.00363      0.00363     -0.51523
PD      0.93751      0.93751      0.56463     -0.00358     -0.00358     -0.51523
PD      0.93751      0.81249      0.68524     -0.00212      0.00219      0.19745
PD      0.81249      0.93751      0.68524      0.00219     -0.00212      0.19745
