/* Converted from PWscf output file */ 
#L_UNITS ang 
#E_UNITS eV 
#S_UNITS GPA 
#F_UNITS EV/ANG 
#ALAT 	  13.67994     // a0 
#X 	   1.00000     0.00000     0.00000     // X 
#Y 	   0.00000     1.05163     0.00000     // Y 
#Z 	   0.00000     0.00000     1.00000     // Z 
#SX 	  -0.14963     0.00000     0.00000     // SX 
#SY 	   0.00000     0.74843     0.00000     // SY 
#SZ 	   0.00000     0.00000    -0.14963     // SZ 
#EPA 	  -4.26230     // Energy per Atom 
#C 	1 1 1 
#W 	1000.0 
#RCUT 	6.5        // Rcut 
FE      0.06250      0.06250      0.06250     -0.00377     -0.00511     -0.00377
FE      0.18750      0.18750      0.06250      0.00378      0.00506     -0.00377
FE      0.18750      0.06250      0.18750      0.00378     -0.00510      0.00378
FE      0.06250      0.18750      0.18750     -0.00377      0.00506      0.00378
FE      0.06250      0.06250      0.31250     -0.00377     -0.00509     -0.00378
FE      0.18750      0.18750      0.31250      0.00381      0.00509     -0.00379
FE      0.18750      0.06250      0.43750      0.00378     -0.00508      0.00376
FE      0.06250      0.18750      0.43750     -0.00378      0.00509      0.00377
FE      0.06250      0.06250      0.56250     -0.00378     -0.00508     -0.00378
FE      0.18750      0.18750      0.56250      0.00378      0.00510     -0.00376
FE      0.18750      0.06250      0.68750      0.00377     -0.00505      0.00377
FE      0.06250      0.18750      0.68750     -0.00374      0.00511      0.00377
FE      0.06250      0.06250      0.81250     -0.00377     -0.00507     -0.00376
FE      0.18750      0.18750      0.81250      0.00379      0.00511     -0.00379
FE      0.18750      0.06250      0.93750      0.00376     -0.00507      0.00377
FE      0.06250      0.18750      0.93750     -0.00377      0.00508      0.00377
FE      0.06250      0.31250      0.06250     -0.00380     -0.00505     -0.00380
FE      0.18750      0.43750      0.06250      0.00379      0.00511     -0.00376
FE      0.18750      0.31250      0.18750      0.00381     -0.00507      0.00381
FE      0.06250      0.43750      0.18750     -0.00376      0.00511      0.00379
FE      0.06250      0.31250      0.31250     -0.00379     -0.00505     -0.00377
FE      0.18750      0.43750      0.31250      0.00379      0.00507     -0.00381
FE      0.18750      0.31250      0.43750      0.00381     -0.00508      0.00376
FE      0.06250      0.43750      0.43750     -0.00380      0.00508      0.00376
FE      0.06250      0.31250      0.56250     -0.00377     -0.00507     -0.00374
FE      0.18750      0.43750      0.56250      0.00379      0.00504     -0.00374
FE      0.18750      0.31250      0.68750      0.00380     -0.00508      0.00379
FE      0.06250      0.43750      0.68750     -0.00376      0.00506      0.00376
FE      0.06250      0.31250      0.81250     -0.00374     -0.00505     -0.00379
FE      0.18750      0.43750      0.81250      0.00378      0.00504     -0.00378
FE      0.18750      0.31250      0.93750      0.00379     -0.00505      0.00374
FE      0.06250      0.43750      0.93750     -0.00378      0.00508      0.00378
FE      0.06250      0.56250      0.06250     -0.00378     -0.00507     -0.00378
FE      0.18750      0.68750      0.06250      0.00377      0.00505     -0.00375
FE      0.18750      0.56250      0.18750      0.00378     -0.00510      0.00378
FE      0.06250      0.68750      0.18750     -0.00375      0.00505      0.00377
FE      0.06250      0.56250      0.31250     -0.00378     -0.00507     -0.00377
FE      0.18750      0.68750      0.31250      0.00376      0.00505     -0.00379
FE      0.18750      0.56250      0.43750      0.00378     -0.00507      0.00375
FE      0.06250      0.68750      0.43750     -0.00381      0.00507      0.00376
FE      0.06250      0.56250      0.56250     -0.00381     -0.00506     -0.00376
FE      0.18750      0.68750      0.56250      0.00380      0.00509     -0.00376
FE      0.18750      0.56250      0.68750      0.00382     -0.00509      0.00376
FE      0.06250      0.68750      0.68750     -0.00381      0.00508      0.00376
FE      0.06250      0.56250      0.81250     -0.00379     -0.00508     -0.00378
FE      0.18750      0.68750      0.81250      0.00378      0.00510     -0.00378
FE      0.18750      0.56250      0.93750      0.00378     -0.00508      0.00379
FE      0.06250      0.68750      0.93750     -0.00378      0.00507      0.00378
FE      0.06250      0.81250      0.06250     -0.00378     -0.00508     -0.00378
FE      0.18750      0.93750      0.06250      0.00377      0.00508     -0.00375
FE      0.18750      0.81250      0.18750      0.00377     -0.00506      0.00377
FE      0.06250      0.93750      0.18750     -0.00375      0.00508      0.00377
FE      0.06250      0.81250      0.31250     -0.00377     -0.00508     -0.00377
FE      0.18750      0.93750      0.31250      0.00378      0.00509     -0.00379
FE      0.18750      0.81250      0.43750      0.00377     -0.00509      0.00378
FE      0.06250      0.93750      0.43750     -0.00378      0.00505      0.00378
FE      0.06250      0.81250      0.56250     -0.00379     -0.00508     -0.00379
FE      0.18750      0.93750      0.56250      0.00377      0.00506     -0.00377
FE      0.18750      0.81250      0.68750      0.00381     -0.00509      0.00377
FE      0.06250      0.93750      0.68750     -0.00378      0.00507      0.00377
FE      0.06250      0.81250      0.81250     -0.00377     -0.00508     -0.00376
FE      0.18750      0.93750      0.81250      0.00375      0.00507     -0.00375
FE      0.18750      0.81250      0.93750      0.00376     -0.00508      0.00377
FE      0.06250      0.93750      0.93750     -0.00377      0.00507      0.00377
FE      0.31250      0.06250      0.06250     -0.00378     -0.00509     -0.00377
FE      0.43750      0.18750      0.06250      0.00377      0.00509     -0.00378
FE      0.43750      0.06250      0.18750      0.00376     -0.00508      0.00378
FE      0.31250      0.18750      0.18750     -0.00379      0.00509      0.00381
FE      0.31250      0.06250      0.31250     -0.00378     -0.00505     -0.00378
FE      0.43750      0.18750      0.31250      0.00377      0.00510     -0.00377
FE      0.43750      0.06250      0.43750      0.00376     -0.00505      0.00376
FE      0.31250      0.18750      0.43750     -0.00377      0.00510      0.00377
FE      0.31250      0.06250      0.56250     -0.00378     -0.00506     -0.00376
FE      0.43750      0.18750      0.56250      0.00375      0.00507     -0.00375
FE      0.43750      0.06250      0.68750      0.00376     -0.00506      0.00378
FE      0.31250      0.18750      0.68750     -0.00376      0.00512      0.00376
FE      0.31250      0.06250      0.81250     -0.00377     -0.00505     -0.00377
FE      0.43750      0.18750      0.81250      0.00376      0.00510     -0.00378
FE      0.43750      0.06250      0.93750      0.00378     -0.00508      0.00378
FE      0.31250      0.18750      0.93750     -0.00377      0.00511      0.00374
FE      0.31250      0.31250      0.06250     -0.00377     -0.00505     -0.00379
FE      0.43750      0.43750      0.06250      0.00376      0.00508     -0.00380
FE      0.43750      0.31250      0.18750      0.00376     -0.00508      0.00381
FE      0.31250      0.43750      0.18750     -0.00381      0.00507      0.00379
FE      0.31250      0.31250      0.31250     -0.00377     -0.00507     -0.00377
FE      0.43750      0.43750      0.31250      0.00377      0.00505     -0.00375
FE      0.43750      0.31250      0.43750      0.00375     -0.00505      0.00375
FE      0.31250      0.43750      0.43750     -0.00375      0.00505      0.00377
FE      0.31250      0.31250      0.56250     -0.00376     -0.00506     -0.00372
FE      0.43750      0.43750      0.56250      0.00373      0.00507     -0.00373
FE      0.43750      0.31250      0.68750      0.00372     -0.00506      0.00376
FE      0.31250      0.43750      0.68750     -0.00377      0.00503      0.00377
FE      0.31250      0.31250      0.81250     -0.00379     -0.00508     -0.00380
FE      0.43750      0.43750      0.81250      0.00374      0.00504     -0.00379
FE      0.43750      0.31250      0.93750      0.00374     -0.00507      0.00377
FE      0.31250      0.43750      0.93750     -0.00376      0.00506      0.00376
FE      0.31250      0.56250      0.06250     -0.00377     -0.00507     -0.00378
FE      0.43750      0.68750      0.06250      0.00376      0.00507     -0.00381
FE      0.43750      0.56250      0.18750      0.00375     -0.00507      0.00378
FE      0.31250      0.68750      0.18750     -0.00379      0.00505      0.00376
FE      0.31250      0.56250      0.31250     -0.00377     -0.00508     -0.00377
FE      0.43750      0.68750      0.31250      0.00378      0.00508     -0.00373
FE      0.43750      0.56250      0.43750      0.00377     -0.00504      0.00377
FE      0.31250      0.68750      0.43750     -0.00373      0.00508      0.00378
FE      0.31250      0.56250      0.56250     -0.00372     -0.00507     -0.00372
FE      0.43750      0.68750      0.56250      0.00373      0.00519     -0.00373
FE      0.43750      0.56250      0.68750      0.00372     -0.00507      0.00372
FE      0.31250      0.68750      0.68750     -0.00375      0.00509      0.00375
FE      0.31250      0.56250      0.81250     -0.00376     -0.00509     -0.00382
FE      0.43750      0.68750      0.81250      0.00376      0.00509     -0.00380
FE      0.43750      0.56250      0.93750      0.00376     -0.00506      0.00381
FE      0.31250      0.68750      0.93750     -0.00376      0.00508      0.00381
FE      0.31250      0.81250      0.06250     -0.00377     -0.00508     -0.00377
FE      0.43750      0.93750      0.06250      0.00378      0.00505     -0.00378
FE      0.43750      0.81250      0.18750      0.00378     -0.00509      0.00377
FE      0.31250      0.93750      0.18750     -0.00379      0.00509      0.00378
FE      0.31250      0.81250      0.31250     -0.00375     -0.00510     -0.00375
FE      0.43750      0.93750      0.31250      0.00378      0.00507     -0.00377
FE      0.43750      0.81250      0.43750      0.00378     -0.00515      0.00378
FE      0.31250      0.93750      0.43750     -0.00377      0.00507      0.00378
FE      0.31250      0.81250      0.56250     -0.00374     -0.00513     -0.00375
FE      0.43750      0.93750      0.56250      0.00377      0.00504     -0.00377
FE      0.43750      0.81250      0.68750      0.00375     -0.00513      0.00374
FE      0.31250      0.93750      0.68750     -0.00378      0.00506      0.00378
FE      0.31250      0.81250      0.81250     -0.00377     -0.00509     -0.00381
FE      0.43750      0.93750      0.81250      0.00377      0.00506     -0.00377
FE      0.43750      0.81250      0.93750      0.00379     -0.00508      0.00379
FE      0.31250      0.93750      0.93750     -0.00377      0.00507      0.00378
FE      0.56250      0.06250      0.06250     -0.00378     -0.00508     -0.00378
FE      0.68750      0.18750      0.06250      0.00377      0.00511     -0.00374
FE      0.68750      0.06250      0.18750      0.00377     -0.00505      0.00377
FE      0.56250      0.18750      0.18750     -0.00376      0.00510      0.00378
FE      0.56250      0.06250      0.31250     -0.00376     -0.00506     -0.00378
FE      0.68750      0.18750      0.31250      0.00376      0.00512     -0.00376
FE      0.68750      0.06250      0.43750      0.00378     -0.00506      0.00376
FE      0.56250      0.18750      0.43750     -0.00375      0.00507      0.00375
FE      0.56250      0.06250      0.56250     -0.00376     -0.00505     -0.00376
FE      0.68750      0.18750      0.56250      0.00377      0.00510     -0.00377
FE      0.68750      0.06250      0.68750      0.00378     -0.00505      0.00378
FE      0.56250      0.18750      0.68750     -0.00377      0.00510      0.00377
FE      0.56250      0.06250      0.81250     -0.00376     -0.00508     -0.00378
FE      0.68750      0.18750      0.81250      0.00379      0.00509     -0.00381
FE      0.68750      0.06250      0.93750      0.00378     -0.00509      0.00377
FE      0.56250      0.18750      0.93750     -0.00377      0.00509      0.00378
FE      0.56250      0.31250      0.06250     -0.00374     -0.00507     -0.00377
FE      0.68750      0.43750      0.06250      0.00376      0.00506     -0.00376
FE      0.68750      0.31250      0.18750      0.00379     -0.00508      0.00380
FE      0.56250      0.43750      0.18750     -0.00374      0.00504      0.00379
FE      0.56250      0.31250      0.31250     -0.00372     -0.00506     -0.00376
FE      0.68750      0.43750      0.31250      0.00377      0.00503     -0.00377
FE      0.68750      0.31250      0.43750      0.00376     -0.00506      0.00372
FE      0.56250      0.43750      0.43750     -0.00373      0.00507      0.00373
FE      0.56250      0.31250      0.56250     -0.00375     -0.00505     -0.00375
FE      0.68750      0.43750      0.56250      0.00375      0.00505     -0.00377
FE      0.68750      0.31250      0.68750      0.00377     -0.00507      0.00377
FE      0.56250      0.43750      0.68750     -0.00377      0.00505      0.00375
FE      0.56250      0.31250      0.81250     -0.00376     -0.00508     -0.00381
FE      0.68750      0.43750      0.81250      0.00381      0.00507     -0.00379
FE      0.68750      0.31250      0.93750      0.00377     -0.00505      0.00379
FE      0.56250      0.43750      0.93750     -0.00376      0.00508      0.00380
FE      0.56250      0.56250      0.06250     -0.00376     -0.00506     -0.00381
FE      0.68750      0.68750      0.06250      0.00376      0.00508     -0.00381
FE      0.68750      0.56250      0.18750      0.00376     -0.00509      0.00382
FE      0.56250      0.68750      0.18750     -0.00376      0.00509      0.00380
FE      0.56250      0.56250      0.31250     -0.00372     -0.00507     -0.00372
FE      0.68750      0.68750      0.31250      0.00375      0.00509     -0.00375
FE      0.68750      0.56250      0.43750      0.00372     -0.00507      0.00372
FE      0.56250      0.68750      0.43750     -0.00373      0.00519      0.00373
FE      0.56250      0.56250      0.56250     -0.00377     -0.00504     -0.00377
FE      0.68750      0.68750      0.56250      0.00373      0.00508     -0.00378
FE      0.68750      0.56250      0.68750      0.00377     -0.00508      0.00377
FE      0.56250      0.68750      0.68750     -0.00378      0.00508      0.00373
FE      0.56250      0.56250      0.81250     -0.00375     -0.00507     -0.00378
FE      0.68750      0.68750      0.81250      0.00379      0.00505     -0.00376
FE      0.68750      0.56250      0.93750      0.00377     -0.00507      0.00378
FE      0.56250      0.68750      0.93750     -0.00376      0.00507      0.00381
FE      0.56250      0.81250      0.06250     -0.00379     -0.00508     -0.00379
FE      0.68750      0.93750      0.06250      0.00377      0.00507     -0.00378
FE      0.68750      0.81250      0.18750      0.00377     -0.00509      0.00381
FE      0.56250      0.93750      0.18750     -0.00377      0.00506      0.00377
FE      0.56250      0.81250      0.31250     -0.00375     -0.00513     -0.00374
FE      0.68750      0.93750      0.31250      0.00378      0.00506     -0.00378
FE      0.68750      0.81250      0.43750      0.00374     -0.00513      0.00375
FE      0.56250      0.93750      0.43750     -0.00377      0.00504      0.00377
FE      0.56250      0.81250      0.56250     -0.00378     -0.00515     -0.00378
FE      0.68750      0.93750      0.56250      0.00377      0.00507     -0.00378
FE      0.68750      0.81250      0.68750      0.00375     -0.00510      0.00375
FE      0.56250      0.93750      0.68750     -0.00378      0.00507      0.00377
FE      0.56250      0.81250      0.81250     -0.00378     -0.00509     -0.00377
FE      0.68750      0.93750      0.81250      0.00379      0.00509     -0.00378
FE      0.68750      0.81250      0.93750      0.00377     -0.00508      0.00377
FE      0.56250      0.93750      0.93750     -0.00378      0.00505      0.00378
FE      0.81250      0.06250      0.06250     -0.00376     -0.00507     -0.00377
FE      0.93750      0.18750      0.06250      0.00377      0.00508     -0.00377
FE      0.93750      0.06250      0.18750      0.00377     -0.00507      0.00376
FE      0.81250      0.18750      0.18750     -0.00379      0.00511      0.00379
FE      0.81250      0.06250      0.31250     -0.00377     -0.00505     -0.00377
FE      0.93750      0.18750      0.31250      0.00374      0.00511     -0.00377
FE      0.93750      0.06250      0.43750      0.00378     -0.00508      0.00378
FE      0.81250      0.18750      0.43750     -0.00378      0.00510      0.00376
FE      0.81250      0.06250      0.56250     -0.00378     -0.00508     -0.00376
FE      0.93750      0.18750      0.56250      0.00378      0.00509     -0.00377
FE      0.93750      0.06250      0.68750      0.00377     -0.00509      0.00378
FE      0.81250      0.18750      0.68750     -0.00381      0.00509      0.00379
FE      0.81250      0.06250      0.81250     -0.00378     -0.00510     -0.00378
FE      0.93750      0.18750      0.81250      0.00377      0.00506     -0.00378
FE      0.93750      0.06250      0.93750      0.00377     -0.00511      0.00377
FE      0.81250      0.18750      0.93750     -0.00378      0.00506      0.00377
FE      0.81250      0.31250      0.06250     -0.00379     -0.00505     -0.00374
FE      0.93750      0.43750      0.06250      0.00378      0.00508     -0.00378
FE      0.93750      0.31250      0.18750      0.00374     -0.00505      0.00379
FE      0.81250      0.43750      0.18750     -0.00378      0.00504      0.00378
FE      0.81250      0.31250      0.31250     -0.00380     -0.00508     -0.00379
FE      0.93750      0.43750      0.31250      0.00376      0.00506     -0.00376
FE      0.93750      0.31250      0.43750      0.00377     -0.00507      0.00374
FE      0.81250      0.43750      0.43750     -0.00379      0.00504      0.00374
FE      0.81250      0.31250      0.56250     -0.00381     -0.00508     -0.00376
FE      0.93750      0.43750      0.56250      0.00380      0.00508     -0.00376
FE      0.93750      0.31250      0.68750      0.00379     -0.00505      0.00377
FE      0.81250      0.43750      0.68750     -0.00379      0.00507      0.00381
FE      0.81250      0.31250      0.81250     -0.00381     -0.00507     -0.00381
FE      0.93750      0.43750      0.81250      0.00376      0.00511     -0.00379
FE      0.93750      0.31250      0.93750      0.00380     -0.00505      0.00380
FE      0.81250      0.43750      0.93750     -0.00379      0.00511      0.00376
FE      0.81250      0.56250      0.06250     -0.00378     -0.00508     -0.00379
FE      0.93750      0.68750      0.06250      0.00378      0.00507     -0.00378
FE      0.93750      0.56250      0.18750      0.00379     -0.00508      0.00378
FE      0.81250      0.68750      0.18750     -0.00378      0.00510      0.00378
FE      0.81250      0.56250      0.31250     -0.00382     -0.00509     -0.00376
FE      0.93750      0.68750      0.31250      0.00381      0.00508     -0.00376
FE      0.93750      0.56250      0.43750      0.00381     -0.00506      0.00376
FE      0.81250      0.68750      0.43750     -0.00380      0.00509      0.00376
FE      0.81250      0.56250      0.56250     -0.00378     -0.00507     -0.00375
FE      0.93750      0.68750      0.56250      0.00381      0.00507     -0.00376
FE      0.93750      0.56250      0.68750      0.00378     -0.00507      0.00377
FE      0.81250      0.68750      0.68750     -0.00376      0.00505      0.00379
FE      0.81250      0.56250      0.81250     -0.00378     -0.00510     -0.00378
FE      0.93750      0.68750      0.81250      0.00375      0.00505     -0.00377
FE      0.93750      0.56250      0.93750      0.00378     -0.00507      0.00378
FE      0.81250      0.68750      0.93750     -0.00377      0.00505      0.00375
FE      0.81250      0.81250      0.06250     -0.00376     -0.00508     -0.00377
FE      0.93750      0.93750      0.06250      0.00377      0.00507     -0.00377
FE      0.93750      0.81250      0.18750      0.00377     -0.00508      0.00376
FE      0.81250      0.93750      0.18750     -0.00375      0.00507      0.00375
FE      0.81250      0.81250      0.31250     -0.00381     -0.00509     -0.00377
FE      0.93750      0.93750      0.31250      0.00378      0.00507     -0.00377
FE      0.93750      0.81250      0.43750      0.00379     -0.00508      0.00379
FE      0.81250      0.93750      0.43750     -0.00377      0.00506      0.00377
FE      0.81250      0.81250      0.56250     -0.00377     -0.00509     -0.00378
FE      0.93750      0.93750      0.56250      0.00378      0.00505     -0.00378
FE      0.93750      0.81250      0.68750      0.00377     -0.00508      0.00377
FE      0.81250      0.93750      0.68750     -0.00378      0.00509      0.00379
FE      0.81250      0.81250      0.81250     -0.00377     -0.00506     -0.00377
FE      0.93750      0.93750      0.81250      0.00375      0.00508     -0.00377
FE      0.93750      0.81250      0.93750      0.00378     -0.00508      0.00378
FE      0.81250      0.93750      0.93750     -0.00377      0.00508      0.00375
