/* Converted from PWscf output file */ 
#L_UNITS ang 
#E_UNITS eV 
#S_UNITS GPA 
#F_UNITS EV/ANG 
#ALAT 	  13.67994     // a0 
#X 	   1.00000     0.00000     0.00000     // X 
#Y 	   0.00000     1.05163     0.00000     // Y 
#Z 	   0.00000     0.00000     1.00000     // Z 
#SX 	  -0.59662     0.00000     0.00000     // SX 
#SY 	   0.00000    -0.96806     0.00000     // SY 
#SZ 	   0.00000     0.00000     0.37217     // SZ 
#EPA 	  -3.69726     // Energy per Atom 
#C 	1 1 1 
#W 	1000.0 
#RCUT 	6.5        // Rcut 
FE      0.06250      0.06250      0.31709     -0.00295     -0.00408      0.06050
FE      0.18750      0.18750      0.31709      0.00298      0.00410      0.06045
FE      0.18750      0.06250      0.44186      0.00304     -0.00399     -1.11879
FE      0.06250      0.18750      0.44186     -0.00314      0.00398     -1.11880
FE      0.06250      0.06250      0.55814     -0.00313     -0.00397      1.11882
FE      0.18750      0.18750      0.55814      0.00313      0.00398      1.11885
FE      0.18750      0.06250      0.68291      0.00297     -0.00411     -0.06053
FE      0.06250      0.18750      0.68291     -0.00304      0.00411     -0.06050
FE      0.06250      0.31250      0.31709     -0.00301     -0.00407      0.06051
FE      0.18750      0.43750      0.31709      0.00298      0.00408      0.06046
FE      0.18750      0.31250      0.44186      0.00309     -0.00397     -1.11881
FE      0.06250      0.43750      0.44186     -0.00312      0.00396     -1.11880
FE      0.06250      0.31250      0.55814     -0.00310     -0.00397      1.11881
FE      0.18750      0.43750      0.55814      0.00312      0.00401      1.11882
FE      0.18750      0.31250      0.68291      0.00294     -0.00411     -0.06050
FE      0.06250      0.43750      0.68291     -0.00301      0.00411     -0.06047
FE      0.06250      0.56250      0.31709     -0.00301     -0.00410      0.06049
FE      0.18750      0.68750      0.31709      0.00302      0.00411      0.06049
FE      0.18750      0.56250      0.44186      0.00307     -0.00400     -1.11883
FE      0.06250      0.68750      0.44186     -0.00311      0.00400     -1.11882
FE      0.06250      0.56250      0.55814     -0.00313     -0.00397      1.11881
FE      0.18750      0.68750      0.55814      0.00311      0.00400      1.11879
FE      0.18750      0.56250      0.68291      0.00299     -0.00408     -0.06054
FE      0.06250      0.68750      0.68291     -0.00297      0.00408     -0.06045
FE      0.06250      0.81250      0.31709     -0.00300     -0.00413      0.06049
FE      0.18750      0.93750      0.31709      0.00298      0.00410      0.06047
FE      0.18750      0.81250      0.44186      0.00309     -0.00396     -1.11882
FE      0.06250      0.93750      0.44186     -0.00311      0.00396     -1.11885
FE      0.06250      0.81250      0.55814     -0.00312     -0.00396      1.11883
FE      0.18750      0.93750      0.55814      0.00313      0.00398      1.11881
FE      0.18750      0.81250      0.68291      0.00301     -0.00413     -0.06048
FE      0.06250      0.93750      0.68291     -0.00297      0.00411     -0.06050
FE      0.31250      0.06250      0.31709     -0.00295     -0.00409      0.06052
FE      0.43750      0.18750      0.31709      0.00299      0.00411      0.06048
FE      0.43750      0.06250      0.44186      0.00313     -0.00398     -1.11881
FE      0.31250      0.18750      0.44186     -0.00312      0.00397     -1.11884
FE      0.31250      0.06250      0.55814     -0.00313     -0.00398      1.11881
FE      0.43750      0.18750      0.55814      0.00315      0.00397      1.11883
FE      0.43750      0.06250      0.68291      0.00302     -0.00411     -0.06051
FE      0.31250      0.18750      0.68291     -0.00298      0.00409     -0.06052
FE      0.31250      0.31250      0.31709     -0.00301     -0.00413      0.06047
FE      0.43750      0.43750      0.31709      0.00302      0.00412      0.06048
FE      0.43750      0.31250      0.44186      0.00311     -0.00397     -1.11888
FE      0.31250      0.43750      0.44186     -0.00315      0.00397     -1.11883
FE      0.31250      0.31250      0.55814     -0.00314     -0.00395      1.11882
FE      0.43750      0.43750      0.55814      0.00312      0.00397      1.11885
FE      0.43750      0.31250      0.68291      0.00300     -0.00409     -0.06051
FE      0.31250      0.43750      0.68291     -0.00296      0.00410     -0.06051
FE      0.31250      0.56250      0.31709     -0.00300     -0.00411      0.06050
FE      0.43750      0.68750      0.31709      0.00297      0.00411      0.06053
FE      0.43750      0.56250      0.44186      0.00312     -0.00399     -1.11881
FE      0.31250      0.68750      0.44186     -0.00315      0.00396     -1.11883
FE      0.31250      0.56250      0.55814     -0.00313     -0.00397      1.11882
FE      0.43750      0.68750      0.55814      0.00316      0.00399      1.11883
FE      0.43750      0.56250      0.68291      0.00301     -0.00411     -0.06049
FE      0.31250      0.68750      0.68291     -0.00301      0.00411     -0.06049
FE      0.31250      0.81250      0.31709     -0.00298     -0.00411      0.06050
FE      0.43750      0.93750      0.31709      0.00302      0.00411      0.06051
FE      0.43750      0.81250      0.44186      0.00315     -0.00397     -1.11883
FE      0.31250      0.93750      0.44186     -0.00313      0.00394     -1.11880
FE      0.31250      0.81250      0.55814     -0.00310     -0.00398      1.11879
FE      0.43750      0.93750      0.55814      0.00311      0.00398      1.11884
FE      0.43750      0.81250      0.68291      0.00299     -0.00411     -0.06050
FE      0.31250      0.93750      0.68291     -0.00297      0.00412     -0.06053
FE      0.56250      0.06250      0.31709     -0.00302     -0.00411      0.06051
FE      0.68750      0.18750      0.31709      0.00298      0.00409      0.06052
FE      0.68750      0.06250      0.44186      0.00313     -0.00398     -1.11881
FE      0.56250      0.18750      0.44186     -0.00315      0.00397     -1.11883
FE      0.56250      0.06250      0.55814     -0.00313     -0.00398      1.11881
FE      0.68750      0.18750      0.55814      0.00312      0.00397      1.11884
FE      0.68750      0.06250      0.68291      0.00295     -0.00409     -0.06052
FE      0.56250      0.18750      0.68291     -0.00299      0.00411     -0.06048
FE      0.56250      0.31250      0.31709     -0.00300     -0.00409      0.06051
FE      0.68750      0.43750      0.31709      0.00296      0.00410      0.06051
FE      0.68750      0.31250      0.44186      0.00314     -0.00395     -1.11882
FE      0.56250      0.43750      0.44186     -0.00312      0.00397     -1.11885
FE      0.56250      0.31250      0.55814     -0.00311     -0.00397      1.11888
FE      0.68750      0.43750      0.55814      0.00315      0.00397      1.11883
FE      0.68750      0.31250      0.68291      0.00301     -0.00413     -0.06047
FE      0.56250      0.43750      0.68291     -0.00302      0.00412     -0.06048
FE      0.56250      0.56250      0.31709     -0.00301     -0.00411      0.06049
FE      0.68750      0.68750      0.31709      0.00301      0.00411      0.06049
FE      0.68750      0.56250      0.44186      0.00313     -0.00397     -1.11882
FE      0.56250      0.68750      0.44186     -0.00316      0.00399     -1.11883
FE      0.56250      0.56250      0.55814     -0.00312     -0.00399      1.11881
FE      0.68750      0.68750      0.55814      0.00315      0.00396      1.11883
FE      0.68750      0.56250      0.68291      0.00300     -0.00411     -0.06050
FE      0.56250      0.68750      0.68291     -0.00297      0.00411     -0.06053
FE      0.56250      0.81250      0.31709     -0.00299     -0.00411      0.06050
FE      0.68750      0.93750      0.31709      0.00297      0.00412      0.06053
FE      0.68750      0.81250      0.44186      0.00310     -0.00398     -1.11879
FE      0.56250      0.93750      0.44186     -0.00311      0.00398     -1.11884
FE      0.56250      0.81250      0.55814     -0.00315     -0.00397      1.11883
FE      0.68750      0.93750      0.55814      0.00313      0.00394      1.11880
FE      0.68750      0.81250      0.68291      0.00298     -0.00411     -0.06050
FE      0.56250      0.93750      0.68291     -0.00302      0.00411     -0.06051
FE      0.81250      0.06250      0.31709     -0.00297     -0.00411      0.06053
FE      0.93750      0.18750      0.31709      0.00304      0.00411      0.06050
FE      0.93750      0.06250      0.44186      0.00313     -0.00397     -1.11882
FE      0.81250      0.18750      0.44186     -0.00313      0.00398     -1.11885
FE      0.81250      0.06250      0.55814     -0.00304     -0.00399      1.11879
FE      0.93750      0.18750      0.55814      0.00314      0.00398      1.11880
FE      0.93750      0.06250      0.68291      0.00295     -0.00408     -0.06050
FE      0.81250      0.18750      0.68291     -0.00298      0.00410     -0.06045
FE      0.81250      0.31250      0.31709     -0.00294     -0.00411      0.06050
FE      0.93750      0.43750      0.31709      0.00301      0.00411      0.06047
FE      0.93750      0.31250      0.44186      0.00310     -0.00397     -1.11881
FE      0.81250      0.43750      0.44186     -0.00312      0.00401     -1.11882
FE      0.81250      0.31250      0.55814     -0.00309     -0.00397      1.11881
FE      0.93750      0.43750      0.55814      0.00312      0.00396      1.11880
FE      0.93750      0.31250      0.68291      0.00301     -0.00407     -0.06051
FE      0.81250      0.43750      0.68291     -0.00298      0.00408     -0.06046
FE      0.81250      0.56250      0.31709     -0.00299     -0.00408      0.06054
FE      0.93750      0.68750      0.31709      0.00297      0.00408      0.06045
FE      0.93750      0.56250      0.44186      0.00313     -0.00397     -1.11881
FE      0.81250      0.68750      0.44186     -0.00311      0.00400     -1.11879
FE      0.81250      0.56250      0.55814     -0.00307     -0.00400      1.11883
FE      0.93750      0.68750      0.55814      0.00311      0.00400      1.11882
FE      0.93750      0.56250      0.68291      0.00301     -0.00410     -0.06049
FE      0.81250      0.68750      0.68291     -0.00302      0.00411     -0.06049
FE      0.81250      0.81250      0.31709     -0.00301     -0.00413      0.06048
FE      0.93750      0.93750      0.31709      0.00297      0.00411      0.06050
FE      0.93750      0.81250      0.44186      0.00312     -0.00396     -1.11883
FE      0.81250      0.93750      0.44186     -0.00313      0.00398     -1.11881
FE      0.81250      0.81250      0.55814     -0.00309     -0.00396      1.11882
FE      0.93750      0.93750      0.55814      0.00311      0.00396      1.11885
FE      0.93750      0.81250      0.68291      0.00300     -0.00413     -0.06049
FE      0.81250      0.93750      0.68291     -0.00298      0.00410     -0.06047
